CRITICAL - 2024-12-04 00:57:02 --> syntax error, unexpected 'public' (T_PUBLIC)
#0 C:\Users\ss\Downloads\uang_kas\CodeIgniter4-4.1.9\system\Autoloader\Autoloader.php(241): CodeIgniter\Autoloader\Autoloader->includeFile('C:\\Users\\ss\\Dow...')
#1 C:\Users\ss\Downloads\uang_kas\CodeIgniter4-4.1.9\system\Autoloader\Autoloader.php(219): CodeIgniter\Autoloader\Autoloader->loadInNamespace('App\\Controllers...')
#2 [internal function]: CodeIgniter\Autoloader\Autoloader->loadClass('App\\Controllers...')
#3 [internal function]: spl_autoload_call('App\\Controllers...')
#4 C:\Users\ss\Downloads\uang_kas\CodeIgniter4-4.1.9\system\CodeIgniter.php(797): class_exists('\\App\\Controller...', true)
#5 C:\Users\ss\Downloads\uang_kas\CodeIgniter4-4.1.9\system\CodeIgniter.php(406): CodeIgniter\CodeIgniter->startController()
#6 C:\Users\ss\Downloads\uang_kas\CodeIgniter4-4.1.9\system\CodeIgniter.php(326): CodeIgniter\CodeIgniter->handleRequest(NULL, Object(Config\Cache), false)
#7 C:\Users\ss\Downloads\uang_kas\CodeIgniter4-4.1.9\public\index.php(36): CodeIgniter\CodeIgniter->run()
#8 C:\Users\ss\Downloads\uang_kas\CodeIgniter4-4.1.9\system\Commands\Server\rewrite.php(43): require_once('C:\\Users\\ss\\Dow...')
#9 {main}
CRITICAL - 2024-12-04 01:15:02 --> syntax error, unexpected 'public' (T_PUBLIC)
#0 C:\Users\ss\Downloads\uang_kas\CodeIgniter4-4.1.9\system\Autoloader\Autoloader.php(241): CodeIgniter\Autoloader\Autoloader->includeFile('C:\\Users\\ss\\Dow...')
#1 C:\Users\ss\Downloads\uang_kas\CodeIgniter4-4.1.9\system\Autoloader\Autoloader.php(219): CodeIgniter\Autoloader\Autoloader->loadInNamespace('App\\Controllers...')
#2 [internal function]: CodeIgniter\Autoloader\Autoloader->loadClass('App\\Controllers...')
#3 [internal function]: spl_autoload_call('App\\Controllers...')
#4 C:\Users\ss\Downloads\uang_kas\CodeIgniter4-4.1.9\system\CodeIgniter.php(797): class_exists('\\App\\Controller...', true)
#5 C:\Users\ss\Downloads\uang_kas\CodeIgniter4-4.1.9\system\CodeIgniter.php(406): CodeIgniter\CodeIgniter->startController()
#6 C:\Users\ss\Downloads\uang_kas\CodeIgniter4-4.1.9\system\CodeIgniter.php(326): CodeIgniter\CodeIgniter->handleRequest(NULL, Object(Config\Cache), false)
#7 C:\Users\ss\Downloads\uang_kas\CodeIgniter4-4.1.9\public\index.php(36): CodeIgniter\CodeIgniter->run()
#8 C:\Users\ss\Downloads\uang_kas\CodeIgniter4-4.1.9\system\Commands\Server\rewrite.php(43): require_once('C:\\Users\\ss\\Dow...')
#9 {main}
CRITICAL - 2024-12-04 01:15:02 --> syntax error, unexpected 'public' (T_PUBLIC)
#0 C:\Users\ss\Downloads\uang_kas\CodeIgniter4-4.1.9\system\Autoloader\Autoloader.php(241): CodeIgniter\Autoloader\Autoloader->includeFile('C:\\Users\\ss\\Dow...')
#1 C:\Users\ss\Downloads\uang_kas\CodeIgniter4-4.1.9\system\Autoloader\Autoloader.php(219): CodeIgniter\Autoloader\Autoloader->loadInNamespace('App\\Controllers...')
#2 [internal function]: CodeIgniter\Autoloader\Autoloader->loadClass('App\\Controllers...')
#3 [internal function]: spl_autoload_call('App\\Controllers...')
#4 C:\Users\ss\Downloads\uang_kas\CodeIgniter4-4.1.9\system\CodeIgniter.php(797): class_exists('\\App\\Controller...', true)
#5 C:\Users\ss\Downloads\uang_kas\CodeIgniter4-4.1.9\system\CodeIgniter.php(406): CodeIgniter\CodeIgniter->startController()
#6 C:\Users\ss\Downloads\uang_kas\CodeIgniter4-4.1.9\system\CodeIgniter.php(326): CodeIgniter\CodeIgniter->handleRequest(NULL, Object(Config\Cache), false)
#7 C:\Users\ss\Downloads\uang_kas\CodeIgniter4-4.1.9\public\index.php(36): CodeIgniter\CodeIgniter->run()
#8 C:\Users\ss\Downloads\uang_kas\CodeIgniter4-4.1.9\system\Commands\Server\rewrite.php(43): require_once('C:\\Users\\ss\\Dow...')
#9 {main}
CRITICAL - 2024-12-04 01:15:03 --> syntax error, unexpected 'public' (T_PUBLIC)
#0 C:\Users\ss\Downloads\uang_kas\CodeIgniter4-4.1.9\system\Autoloader\Autoloader.php(241): CodeIgniter\Autoloader\Autoloader->includeFile('C:\\Users\\ss\\Dow...')
#1 C:\Users\ss\Downloads\uang_kas\CodeIgniter4-4.1.9\system\Autoloader\Autoloader.php(219): CodeIgniter\Autoloader\Autoloader->loadInNamespace('App\\Controllers...')
#2 [internal function]: CodeIgniter\Autoloader\Autoloader->loadClass('App\\Controllers...')
#3 [internal function]: spl_autoload_call('App\\Controllers...')
#4 C:\Users\ss\Downloads\uang_kas\CodeIgniter4-4.1.9\system\CodeIgniter.php(797): class_exists('\\App\\Controller...', true)
#5 C:\Users\ss\Downloads\uang_kas\CodeIgniter4-4.1.9\system\CodeIgniter.php(406): CodeIgniter\CodeIgniter->startController()
#6 C:\Users\ss\Downloads\uang_kas\CodeIgniter4-4.1.9\system\CodeIgniter.php(326): CodeIgniter\CodeIgniter->handleRequest(NULL, Object(Config\Cache), false)
#7 C:\Users\ss\Downloads\uang_kas\CodeIgniter4-4.1.9\public\index.php(36): CodeIgniter\CodeIgniter->run()
#8 C:\Users\ss\Downloads\uang_kas\CodeIgniter4-4.1.9\system\Commands\Server\rewrite.php(43): require_once('C:\\Users\\ss\\Dow...')
#9 {main}
CRITICAL - 2024-12-04 01:15:03 --> syntax error, unexpected 'public' (T_PUBLIC)
#0 C:\Users\ss\Downloads\uang_kas\CodeIgniter4-4.1.9\system\Autoloader\Autoloader.php(241): CodeIgniter\Autoloader\Autoloader->includeFile('C:\\Users\\ss\\Dow...')
#1 C:\Users\ss\Downloads\uang_kas\CodeIgniter4-4.1.9\system\Autoloader\Autoloader.php(219): CodeIgniter\Autoloader\Autoloader->loadInNamespace('App\\Controllers...')
#2 [internal function]: CodeIgniter\Autoloader\Autoloader->loadClass('App\\Controllers...')
#3 [internal function]: spl_autoload_call('App\\Controllers...')
#4 C:\Users\ss\Downloads\uang_kas\CodeIgniter4-4.1.9\system\CodeIgniter.php(797): class_exists('\\App\\Controller...', true)
#5 C:\Users\ss\Downloads\uang_kas\CodeIgniter4-4.1.9\system\CodeIgniter.php(406): CodeIgniter\CodeIgniter->startController()
#6 C:\Users\ss\Downloads\uang_kas\CodeIgniter4-4.1.9\system\CodeIgniter.php(326): CodeIgniter\CodeIgniter->handleRequest(NULL, Object(Config\Cache), false)
#7 C:\Users\ss\Downloads\uang_kas\CodeIgniter4-4.1.9\public\index.php(36): CodeIgniter\CodeIgniter->run()
#8 C:\Users\ss\Downloads\uang_kas\CodeIgniter4-4.1.9\system\Commands\Server\rewrite.php(43): require_once('C:\\Users\\ss\\Dow...')
#9 {main}
CRITICAL - 2024-12-04 01:15:03 --> syntax error, unexpected 'public' (T_PUBLIC)
#0 C:\Users\ss\Downloads\uang_kas\CodeIgniter4-4.1.9\system\Autoloader\Autoloader.php(241): CodeIgniter\Autoloader\Autoloader->includeFile('C:\\Users\\ss\\Dow...')
#1 C:\Users\ss\Downloads\uang_kas\CodeIgniter4-4.1.9\system\Autoloader\Autoloader.php(219): CodeIgniter\Autoloader\Autoloader->loadInNamespace('App\\Controllers...')
#2 [internal function]: CodeIgniter\Autoloader\Autoloader->loadClass('App\\Controllers...')
#3 [internal function]: spl_autoload_call('App\\Controllers...')
#4 C:\Users\ss\Downloads\uang_kas\CodeIgniter4-4.1.9\system\CodeIgniter.php(797): class_exists('\\App\\Controller...', true)
#5 C:\Users\ss\Downloads\uang_kas\CodeIgniter4-4.1.9\system\CodeIgniter.php(406): CodeIgniter\CodeIgniter->startController()
#6 C:\Users\ss\Downloads\uang_kas\CodeIgniter4-4.1.9\system\CodeIgniter.php(326): CodeIgniter\CodeIgniter->handleRequest(NULL, Object(Config\Cache), false)
#7 C:\Users\ss\Downloads\uang_kas\CodeIgniter4-4.1.9\public\index.php(36): CodeIgniter\CodeIgniter->run()
#8 C:\Users\ss\Downloads\uang_kas\CodeIgniter4-4.1.9\system\Commands\Server\rewrite.php(43): require_once('C:\\Users\\ss\\Dow...')
#9 {main}
CRITICAL - 2024-12-04 01:15:03 --> syntax error, unexpected 'public' (T_PUBLIC)
#0 C:\Users\ss\Downloads\uang_kas\CodeIgniter4-4.1.9\system\Autoloader\Autoloader.php(241): CodeIgniter\Autoloader\Autoloader->includeFile('C:\\Users\\ss\\Dow...')
#1 C:\Users\ss\Downloads\uang_kas\CodeIgniter4-4.1.9\system\Autoloader\Autoloader.php(219): CodeIgniter\Autoloader\Autoloader->loadInNamespace('App\\Controllers...')
#2 [internal function]: CodeIgniter\Autoloader\Autoloader->loadClass('App\\Controllers...')
#3 [internal function]: spl_autoload_call('App\\Controllers...')
#4 C:\Users\ss\Downloads\uang_kas\CodeIgniter4-4.1.9\system\CodeIgniter.php(797): class_exists('\\App\\Controller...', true)
#5 C:\Users\ss\Downloads\uang_kas\CodeIgniter4-4.1.9\system\CodeIgniter.php(406): CodeIgniter\CodeIgniter->startController()
#6 C:\Users\ss\Downloads\uang_kas\CodeIgniter4-4.1.9\system\CodeIgniter.php(326): CodeIgniter\CodeIgniter->handleRequest(NULL, Object(Config\Cache), false)
#7 C:\Users\ss\Downloads\uang_kas\CodeIgniter4-4.1.9\public\index.php(36): CodeIgniter\CodeIgniter->run()
#8 C:\Users\ss\Downloads\uang_kas\CodeIgniter4-4.1.9\system\Commands\Server\rewrite.php(43): require_once('C:\\Users\\ss\\Dow...')
#9 {main}
CRITICAL - 2024-12-04 01:15:04 --> syntax error, unexpected 'public' (T_PUBLIC)
#0 C:\Users\ss\Downloads\uang_kas\CodeIgniter4-4.1.9\system\Autoloader\Autoloader.php(241): CodeIgniter\Autoloader\Autoloader->includeFile('C:\\Users\\ss\\Dow...')
#1 C:\Users\ss\Downloads\uang_kas\CodeIgniter4-4.1.9\system\Autoloader\Autoloader.php(219): CodeIgniter\Autoloader\Autoloader->loadInNamespace('App\\Controllers...')
#2 [internal function]: CodeIgniter\Autoloader\Autoloader->loadClass('App\\Controllers...')
#3 [internal function]: spl_autoload_call('App\\Controllers...')
#4 C:\Users\ss\Downloads\uang_kas\CodeIgniter4-4.1.9\system\CodeIgniter.php(797): class_exists('\\App\\Controller...', true)
#5 C:\Users\ss\Downloads\uang_kas\CodeIgniter4-4.1.9\system\CodeIgniter.php(406): CodeIgniter\CodeIgniter->startController()
#6 C:\Users\ss\Downloads\uang_kas\CodeIgniter4-4.1.9\system\CodeIgniter.php(326): CodeIgniter\CodeIgniter->handleRequest(NULL, Object(Config\Cache), false)
#7 C:\Users\ss\Downloads\uang_kas\CodeIgniter4-4.1.9\public\index.php(36): CodeIgniter\CodeIgniter->run()
#8 C:\Users\ss\Downloads\uang_kas\CodeIgniter4-4.1.9\system\Commands\Server\rewrite.php(43): require_once('C:\\Users\\ss\\Dow...')
#9 {main}
CRITICAL - 2024-12-04 01:36:44 --> syntax error, unexpected 'public' (T_PUBLIC)
#0 C:\Users\ss\Downloads\uang_kas\CodeIgniter4-4.1.9\system\Autoloader\Autoloader.php(241): CodeIgniter\Autoloader\Autoloader->includeFile('C:\\Users\\ss\\Dow...')
#1 C:\Users\ss\Downloads\uang_kas\CodeIgniter4-4.1.9\system\Autoloader\Autoloader.php(219): CodeIgniter\Autoloader\Autoloader->loadInNamespace('App\\Controllers...')
#2 [internal function]: CodeIgniter\Autoloader\Autoloader->loadClass('App\\Controllers...')
#3 [internal function]: spl_autoload_call('App\\Controllers...')
#4 C:\Users\ss\Downloads\uang_kas\CodeIgniter4-4.1.9\system\CodeIgniter.php(797): class_exists('\\App\\Controller...', true)
#5 C:\Users\ss\Downloads\uang_kas\CodeIgniter4-4.1.9\system\CodeIgniter.php(406): CodeIgniter\CodeIgniter->startController()
#6 C:\Users\ss\Downloads\uang_kas\CodeIgniter4-4.1.9\system\CodeIgniter.php(326): CodeIgniter\CodeIgniter->handleRequest(NULL, Object(Config\Cache), false)
#7 C:\Users\ss\Downloads\uang_kas\CodeIgniter4-4.1.9\public\index.php(36): CodeIgniter\CodeIgniter->run()
#8 C:\Users\ss\Downloads\uang_kas\CodeIgniter4-4.1.9\system\Commands\Server\rewrite.php(43): require_once('C:\\Users\\ss\\Dow...')
#9 {main}
CRITICAL - 2024-12-04 01:36:59 --> syntax error, unexpected 'public' (T_PUBLIC)
#0 C:\Users\ss\Downloads\uang_kas\CodeIgniter4-4.1.9\system\Autoloader\Autoloader.php(241): CodeIgniter\Autoloader\Autoloader->includeFile('C:\\Users\\ss\\Dow...')
#1 C:\Users\ss\Downloads\uang_kas\CodeIgniter4-4.1.9\system\Autoloader\Autoloader.php(219): CodeIgniter\Autoloader\Autoloader->loadInNamespace('App\\Controllers...')
#2 [internal function]: CodeIgniter\Autoloader\Autoloader->loadClass('App\\Controllers...')
#3 [internal function]: spl_autoload_call('App\\Controllers...')
#4 C:\Users\ss\Downloads\uang_kas\CodeIgniter4-4.1.9\system\CodeIgniter.php(797): class_exists('\\App\\Controller...', true)
#5 C:\Users\ss\Downloads\uang_kas\CodeIgniter4-4.1.9\system\CodeIgniter.php(406): CodeIgniter\CodeIgniter->startController()
#6 C:\Users\ss\Downloads\uang_kas\CodeIgniter4-4.1.9\system\CodeIgniter.php(326): CodeIgniter\CodeIgniter->handleRequest(NULL, Object(Config\Cache), false)
#7 C:\Users\ss\Downloads\uang_kas\CodeIgniter4-4.1.9\public\index.php(36): CodeIgniter\CodeIgniter->run()
#8 C:\Users\ss\Downloads\uang_kas\CodeIgniter4-4.1.9\system\Commands\Server\rewrite.php(43): require_once('C:\\Users\\ss\\Dow...')
#9 {main}
CRITICAL - 2024-12-04 01:36:59 --> syntax error, unexpected 'public' (T_PUBLIC)
#0 C:\Users\ss\Downloads\uang_kas\CodeIgniter4-4.1.9\system\Autoloader\Autoloader.php(241): CodeIgniter\Autoloader\Autoloader->includeFile('C:\\Users\\ss\\Dow...')
#1 C:\Users\ss\Downloads\uang_kas\CodeIgniter4-4.1.9\system\Autoloader\Autoloader.php(219): CodeIgniter\Autoloader\Autoloader->loadInNamespace('App\\Controllers...')
#2 [internal function]: CodeIgniter\Autoloader\Autoloader->loadClass('App\\Controllers...')
#3 [internal function]: spl_autoload_call('App\\Controllers...')
#4 C:\Users\ss\Downloads\uang_kas\CodeIgniter4-4.1.9\system\CodeIgniter.php(797): class_exists('\\App\\Controller...', true)
#5 C:\Users\ss\Downloads\uang_kas\CodeIgniter4-4.1.9\system\CodeIgniter.php(406): CodeIgniter\CodeIgniter->startController()
#6 C:\Users\ss\Downloads\uang_kas\CodeIgniter4-4.1.9\system\CodeIgniter.php(326): CodeIgniter\CodeIgniter->handleRequest(NULL, Object(Config\Cache), false)
#7 C:\Users\ss\Downloads\uang_kas\CodeIgniter4-4.1.9\public\index.php(36): CodeIgniter\CodeIgniter->run()
#8 C:\Users\ss\Downloads\uang_kas\CodeIgniter4-4.1.9\system\Commands\Server\rewrite.php(43): require_once('C:\\Users\\ss\\Dow...')
#9 {main}
CRITICAL - 2024-12-04 01:37:00 --> syntax error, unexpected 'public' (T_PUBLIC)
#0 C:\Users\ss\Downloads\uang_kas\CodeIgniter4-4.1.9\system\Autoloader\Autoloader.php(241): CodeIgniter\Autoloader\Autoloader->includeFile('C:\\Users\\ss\\Dow...')
#1 C:\Users\ss\Downloads\uang_kas\CodeIgniter4-4.1.9\system\Autoloader\Autoloader.php(219): CodeIgniter\Autoloader\Autoloader->loadInNamespace('App\\Controllers...')
#2 [internal function]: CodeIgniter\Autoloader\Autoloader->loadClass('App\\Controllers...')
#3 [internal function]: spl_autoload_call('App\\Controllers...')
#4 C:\Users\ss\Downloads\uang_kas\CodeIgniter4-4.1.9\system\CodeIgniter.php(797): class_exists('\\App\\Controller...', true)
#5 C:\Users\ss\Downloads\uang_kas\CodeIgniter4-4.1.9\system\CodeIgniter.php(406): CodeIgniter\CodeIgniter->startController()
#6 C:\Users\ss\Downloads\uang_kas\CodeIgniter4-4.1.9\system\CodeIgniter.php(326): CodeIgniter\CodeIgniter->handleRequest(NULL, Object(Config\Cache), false)
#7 C:\Users\ss\Downloads\uang_kas\CodeIgniter4-4.1.9\public\index.php(36): CodeIgniter\CodeIgniter->run()
#8 C:\Users\ss\Downloads\uang_kas\CodeIgniter4-4.1.9\system\Commands\Server\rewrite.php(43): require_once('C:\\Users\\ss\\Dow...')
#9 {main}
