CRITICAL - 2024-10-02 09:29:22 --> syntax error, unexpected ''user'' (T_CONSTANT_ENCAPSED_STRING), expecting ';' or ','
#0 C:\Users\lenovo\Downloads\tbl baru\CodeIgniter4-4.1.9\system\Autoloader\Autoloader.php(241): CodeIgniter\Autoloader\Autoloader->includeFile('C:\\Users\\lenovo...')
#1 C:\Users\lenovo\Downloads\tbl baru\CodeIgniter4-4.1.9\system\Autoloader\Autoloader.php(219): CodeIgniter\Autoloader\Autoloader->loadInNamespace('App\\Models\\Mssk...')
#2 [internal function]: CodeIgniter\Autoloader\Autoloader->loadClass('App\\Models\\Mssk...')
#3 C:\Users\lenovo\Downloads\tbl baru\CodeIgniter4-4.1.9\app\Controllers\Home.php(99): spl_autoload_call('App\\Models\\Mssk...')
#4 C:\Users\lenovo\Downloads\tbl baru\CodeIgniter4-4.1.9\system\CodeIgniter.php(832): App\Controllers\Home->sskece()
#5 C:\Users\lenovo\Downloads\tbl baru\CodeIgniter4-4.1.9\system\CodeIgniter.php(419): CodeIgniter\CodeIgniter->runController(Object(App\Controllers\Home))
#6 C:\Users\lenovo\Downloads\tbl baru\CodeIgniter4-4.1.9\system\CodeIgniter.php(326): CodeIgniter\CodeIgniter->handleRequest(NULL, Object(Config\Cache), false)
#7 C:\Users\lenovo\Downloads\tbl baru\CodeIgniter4-4.1.9\public\index.php(37): CodeIgniter\CodeIgniter->run()
#8 C:\Users\lenovo\Downloads\tbl baru\CodeIgniter4-4.1.9\system\Commands\Server\rewrite.php(43): require_once('C:\\Users\\lenovo...')
#9 {main}
CRITICAL - 2024-10-02 09:29:24 --> syntax error, unexpected ''user'' (T_CONSTANT_ENCAPSED_STRING), expecting ';' or ','
#0 C:\Users\lenovo\Downloads\tbl baru\CodeIgniter4-4.1.9\system\Autoloader\Autoloader.php(241): CodeIgniter\Autoloader\Autoloader->includeFile('C:\\Users\\lenovo...')
#1 C:\Users\lenovo\Downloads\tbl baru\CodeIgniter4-4.1.9\system\Autoloader\Autoloader.php(219): CodeIgniter\Autoloader\Autoloader->loadInNamespace('App\\Models\\Mssk...')
#2 [internal function]: CodeIgniter\Autoloader\Autoloader->loadClass('App\\Models\\Mssk...')
#3 C:\Users\lenovo\Downloads\tbl baru\CodeIgniter4-4.1.9\app\Controllers\Home.php(99): spl_autoload_call('App\\Models\\Mssk...')
#4 C:\Users\lenovo\Downloads\tbl baru\CodeIgniter4-4.1.9\system\CodeIgniter.php(832): App\Controllers\Home->sskece()
#5 C:\Users\lenovo\Downloads\tbl baru\CodeIgniter4-4.1.9\system\CodeIgniter.php(419): CodeIgniter\CodeIgniter->runController(Object(App\Controllers\Home))
#6 C:\Users\lenovo\Downloads\tbl baru\CodeIgniter4-4.1.9\system\CodeIgniter.php(326): CodeIgniter\CodeIgniter->handleRequest(NULL, Object(Config\Cache), false)
#7 C:\Users\lenovo\Downloads\tbl baru\CodeIgniter4-4.1.9\public\index.php(37): CodeIgniter\CodeIgniter->run()
#8 C:\Users\lenovo\Downloads\tbl baru\CodeIgniter4-4.1.9\system\Commands\Server\rewrite.php(43): require_once('C:\\Users\\lenovo...')
#9 {main}
CRITICAL - 2024-10-02 09:29:26 --> syntax error, unexpected ''user'' (T_CONSTANT_ENCAPSED_STRING), expecting ';' or ','
#0 C:\Users\lenovo\Downloads\tbl baru\CodeIgniter4-4.1.9\system\Autoloader\Autoloader.php(241): CodeIgniter\Autoloader\Autoloader->includeFile('C:\\Users\\lenovo...')
#1 C:\Users\lenovo\Downloads\tbl baru\CodeIgniter4-4.1.9\system\Autoloader\Autoloader.php(219): CodeIgniter\Autoloader\Autoloader->loadInNamespace('App\\Models\\Mssk...')
#2 [internal function]: CodeIgniter\Autoloader\Autoloader->loadClass('App\\Models\\Mssk...')
#3 C:\Users\lenovo\Downloads\tbl baru\CodeIgniter4-4.1.9\app\Controllers\Home.php(99): spl_autoload_call('App\\Models\\Mssk...')
#4 C:\Users\lenovo\Downloads\tbl baru\CodeIgniter4-4.1.9\system\CodeIgniter.php(832): App\Controllers\Home->sskece()
#5 C:\Users\lenovo\Downloads\tbl baru\CodeIgniter4-4.1.9\system\CodeIgniter.php(419): CodeIgniter\CodeIgniter->runController(Object(App\Controllers\Home))
#6 C:\Users\lenovo\Downloads\tbl baru\CodeIgniter4-4.1.9\system\CodeIgniter.php(326): CodeIgniter\CodeIgniter->handleRequest(NULL, Object(Config\Cache), false)
#7 C:\Users\lenovo\Downloads\tbl baru\CodeIgniter4-4.1.9\public\index.php(37): CodeIgniter\CodeIgniter->run()
#8 C:\Users\lenovo\Downloads\tbl baru\CodeIgniter4-4.1.9\system\Commands\Server\rewrite.php(43): require_once('C:\\Users\\lenovo...')
#9 {main}
CRITICAL - 2024-10-02 09:39:16 --> syntax error, unexpected ''user'' (T_CONSTANT_ENCAPSED_STRING), expecting ';' or ','
#0 C:\Users\lenovo\Downloads\tbl baru\CodeIgniter4-4.1.9\system\Autoloader\Autoloader.php(241): CodeIgniter\Autoloader\Autoloader->includeFile('C:\\Users\\lenovo...')
#1 C:\Users\lenovo\Downloads\tbl baru\CodeIgniter4-4.1.9\system\Autoloader\Autoloader.php(219): CodeIgniter\Autoloader\Autoloader->loadInNamespace('App\\Models\\Mssk...')
#2 [internal function]: CodeIgniter\Autoloader\Autoloader->loadClass('App\\Models\\Mssk...')
#3 C:\Users\lenovo\Downloads\tbl baru\CodeIgniter4-4.1.9\app\Controllers\Home.php(99): spl_autoload_call('App\\Models\\Mssk...')
#4 C:\Users\lenovo\Downloads\tbl baru\CodeIgniter4-4.1.9\system\CodeIgniter.php(832): App\Controllers\Home->sskece()
#5 C:\Users\lenovo\Downloads\tbl baru\CodeIgniter4-4.1.9\system\CodeIgniter.php(419): CodeIgniter\CodeIgniter->runController(Object(App\Controllers\Home))
#6 C:\Users\lenovo\Downloads\tbl baru\CodeIgniter4-4.1.9\system\CodeIgniter.php(326): CodeIgniter\CodeIgniter->handleRequest(NULL, Object(Config\Cache), false)
#7 C:\Users\lenovo\Downloads\tbl baru\CodeIgniter4-4.1.9\public\index.php(37): CodeIgniter\CodeIgniter->run()
#8 C:\Users\lenovo\Downloads\tbl baru\CodeIgniter4-4.1.9\system\Commands\Server\rewrite.php(43): require_once('C:\\Users\\lenovo...')
#9 {main}
CRITICAL - 2024-10-02 09:39:34 --> syntax error, unexpected ''user'' (T_CONSTANT_ENCAPSED_STRING), expecting ';' or ','
#0 C:\Users\lenovo\Downloads\tbl baru\CodeIgniter4-4.1.9\system\Autoloader\Autoloader.php(241): CodeIgniter\Autoloader\Autoloader->includeFile('C:\\Users\\lenovo...')
#1 C:\Users\lenovo\Downloads\tbl baru\CodeIgniter4-4.1.9\system\Autoloader\Autoloader.php(219): CodeIgniter\Autoloader\Autoloader->loadInNamespace('App\\Models\\Mssk...')
#2 [internal function]: CodeIgniter\Autoloader\Autoloader->loadClass('App\\Models\\Mssk...')
#3 C:\Users\lenovo\Downloads\tbl baru\CodeIgniter4-4.1.9\app\Controllers\Home.php(99): spl_autoload_call('App\\Models\\Mssk...')
#4 C:\Users\lenovo\Downloads\tbl baru\CodeIgniter4-4.1.9\system\CodeIgniter.php(832): App\Controllers\Home->sskece()
#5 C:\Users\lenovo\Downloads\tbl baru\CodeIgniter4-4.1.9\system\CodeIgniter.php(419): CodeIgniter\CodeIgniter->runController(Object(App\Controllers\Home))
#6 C:\Users\lenovo\Downloads\tbl baru\CodeIgniter4-4.1.9\system\CodeIgniter.php(326): CodeIgniter\CodeIgniter->handleRequest(NULL, Object(Config\Cache), false)
#7 C:\Users\lenovo\Downloads\tbl baru\CodeIgniter4-4.1.9\public\index.php(37): CodeIgniter\CodeIgniter->run()
#8 C:\Users\lenovo\Downloads\tbl baru\CodeIgniter4-4.1.9\system\Commands\Server\rewrite.php(43): require_once('C:\\Users\\lenovo...')
#9 {main}
ERROR - 2024-10-02 09:41:26 --> Error connecting to the database: No connection could be made because the target machine actively refused it.

CRITICAL - 2024-10-02 09:41:26 --> Unable to connect to the database.
Main connection [MySQLi]: No connection could be made because the target machine actively refused it.

#0 C:\Users\lenovo\Downloads\tbl baru\CodeIgniter4-4.1.9\system\Database\BaseConnection.php(577): CodeIgniter\Database\BaseConnection->initialize()
#1 C:\Users\lenovo\Downloads\tbl baru\CodeIgniter4-4.1.9\system\Database\BaseBuilder.php(1455): CodeIgniter\Database\BaseConnection->query('SELECT *\nFROM `...', Array, false)
#2 C:\Users\lenovo\Downloads\tbl baru\CodeIgniter4-4.1.9\app\Models\Msskece.php(9): CodeIgniter\Database\BaseBuilder->get()
#3 C:\Users\lenovo\Downloads\tbl baru\CodeIgniter4-4.1.9\app\Controllers\Home.php(100): App\Models\Msskece->tampil('barang')
#4 C:\Users\lenovo\Downloads\tbl baru\CodeIgniter4-4.1.9\system\CodeIgniter.php(832): App\Controllers\Home->sskece()
#5 C:\Users\lenovo\Downloads\tbl baru\CodeIgniter4-4.1.9\system\CodeIgniter.php(419): CodeIgniter\CodeIgniter->runController(Object(App\Controllers\Home))
#6 C:\Users\lenovo\Downloads\tbl baru\CodeIgniter4-4.1.9\system\CodeIgniter.php(326): CodeIgniter\CodeIgniter->handleRequest(NULL, Object(Config\Cache), false)
#7 C:\Users\lenovo\Downloads\tbl baru\CodeIgniter4-4.1.9\public\index.php(37): CodeIgniter\CodeIgniter->run()
#8 C:\Users\lenovo\Downloads\tbl baru\CodeIgniter4-4.1.9\system\Commands\Server\rewrite.php(43): require_once('C:\\Users\\lenovo...')
#9 {main}
ERROR - 2024-10-02 09:42:29 --> Unknown column 'Kode_barang' in 'field list'
CRITICAL - 2024-10-02 11:37:54 --> syntax error, unexpected ''user'' (T_CONSTANT_ENCAPSED_STRING), expecting ';' or ','
#0 C:\Users\lenovo\Downloads\tbl baru\CodeIgniter4-4.1.9\system\Autoloader\Autoloader.php(241): CodeIgniter\Autoloader\Autoloader->includeFile('C:\\Users\\lenovo...')
#1 C:\Users\lenovo\Downloads\tbl baru\CodeIgniter4-4.1.9\system\Autoloader\Autoloader.php(219): CodeIgniter\Autoloader\Autoloader->loadInNamespace('App\\Models\\Mssk...')
#2 [internal function]: CodeIgniter\Autoloader\Autoloader->loadClass('App\\Models\\Mssk...')
#3 C:\Users\lenovo\Downloads\tbl baru\CodeIgniter4-4.1.9\app\Controllers\Home.php(29): spl_autoload_call('App\\Models\\Mssk...')
#4 C:\Users\lenovo\Downloads\tbl baru\CodeIgniter4-4.1.9\system\CodeIgniter.php(832): App\Controllers\Home->barang()
#5 C:\Users\lenovo\Downloads\tbl baru\CodeIgniter4-4.1.9\system\CodeIgniter.php(419): CodeIgniter\CodeIgniter->runController(Object(App\Controllers\Home))
#6 C:\Users\lenovo\Downloads\tbl baru\CodeIgniter4-4.1.9\system\CodeIgniter.php(326): CodeIgniter\CodeIgniter->handleRequest(NULL, Object(Config\Cache), false)
#7 C:\Users\lenovo\Downloads\tbl baru\CodeIgniter4-4.1.9\public\index.php(37): CodeIgniter\CodeIgniter->run()
#8 C:\Users\lenovo\Downloads\tbl baru\CodeIgniter4-4.1.9\system\Commands\Server\rewrite.php(43): require_once('C:\\Users\\lenovo...')
#9 {main}
CRITICAL - 2024-10-02 11:49:20 --> syntax error, unexpected end of file, expecting function (T_FUNCTION) or const (T_CONST)
#0 C:\Users\lenovo\Downloads\tbl baru\CodeIgniter4-4.1.9\system\Router\Router.php(175): CodeIgniter\Router\Router->autoRoute('home/barang')
#1 C:\Users\lenovo\Downloads\tbl baru\CodeIgniter4-4.1.9\system\CodeIgniter.php(726): CodeIgniter\Router\Router->handle('home/barang')
#2 C:\Users\lenovo\Downloads\tbl baru\CodeIgniter4-4.1.9\system\CodeIgniter.php(368): CodeIgniter\CodeIgniter->tryToRouteIt(Object(CodeIgniter\Router\RouteCollection))
#3 C:\Users\lenovo\Downloads\tbl baru\CodeIgniter4-4.1.9\system\CodeIgniter.php(326): CodeIgniter\CodeIgniter->handleRequest(NULL, Object(Config\Cache), false)
#4 C:\Users\lenovo\Downloads\tbl baru\CodeIgniter4-4.1.9\public\index.php(37): CodeIgniter\CodeIgniter->run()
#5 C:\Users\lenovo\Downloads\tbl baru\CodeIgniter4-4.1.9\system\Commands\Server\rewrite.php(43): require_once('C:\\Users\\lenovo...')
#6 {main}
CRITICAL - 2024-10-02 12:05:10 --> syntax error, unexpected 'public' (T_PUBLIC), expecting ';' or '{'
#0 C:\Users\lenovo\Downloads\tbl baru\CodeIgniter4-4.1.9\system\Autoloader\Autoloader.php(241): CodeIgniter\Autoloader\Autoloader->includeFile('C:\\Users\\lenovo...')
#1 C:\Users\lenovo\Downloads\tbl baru\CodeIgniter4-4.1.9\system\Autoloader\Autoloader.php(219): CodeIgniter\Autoloader\Autoloader->loadInNamespace('App\\Models\\Mssk...')
#2 [internal function]: CodeIgniter\Autoloader\Autoloader->loadClass('App\\Models\\Mssk...')
#3 C:\Users\lenovo\Downloads\tbl baru\CodeIgniter4-4.1.9\app\Controllers\Home.php(29): spl_autoload_call('App\\Models\\Mssk...')
#4 C:\Users\lenovo\Downloads\tbl baru\CodeIgniter4-4.1.9\system\CodeIgniter.php(832): App\Controllers\Home->barang()
#5 C:\Users\lenovo\Downloads\tbl baru\CodeIgniter4-4.1.9\system\CodeIgniter.php(419): CodeIgniter\CodeIgniter->runController(Object(App\Controllers\Home))
#6 C:\Users\lenovo\Downloads\tbl baru\CodeIgniter4-4.1.9\system\CodeIgniter.php(326): CodeIgniter\CodeIgniter->handleRequest(NULL, Object(Config\Cache), false)
#7 C:\Users\lenovo\Downloads\tbl baru\CodeIgniter4-4.1.9\public\index.php(37): CodeIgniter\CodeIgniter->run()
#8 C:\Users\lenovo\Downloads\tbl baru\CodeIgniter4-4.1.9\system\Commands\Server\rewrite.php(43): require_once('C:\\Users\\lenovo...')
#9 {main}
CRITICAL - 2024-10-02 12:05:26 --> syntax error, unexpected '{', expecting function (T_FUNCTION) or const (T_CONST)
#0 C:\Users\lenovo\Downloads\tbl baru\CodeIgniter4-4.1.9\system\Autoloader\Autoloader.php(241): CodeIgniter\Autoloader\Autoloader->includeFile('C:\\Users\\lenovo...')
#1 C:\Users\lenovo\Downloads\tbl baru\CodeIgniter4-4.1.9\system\Autoloader\Autoloader.php(219): CodeIgniter\Autoloader\Autoloader->loadInNamespace('App\\Models\\Mssk...')
#2 [internal function]: CodeIgniter\Autoloader\Autoloader->loadClass('App\\Models\\Mssk...')
#3 C:\Users\lenovo\Downloads\tbl baru\CodeIgniter4-4.1.9\app\Controllers\Home.php(29): spl_autoload_call('App\\Models\\Mssk...')
#4 C:\Users\lenovo\Downloads\tbl baru\CodeIgniter4-4.1.9\system\CodeIgniter.php(832): App\Controllers\Home->barang()
#5 C:\Users\lenovo\Downloads\tbl baru\CodeIgniter4-4.1.9\system\CodeIgniter.php(419): CodeIgniter\CodeIgniter->runController(Object(App\Controllers\Home))
#6 C:\Users\lenovo\Downloads\tbl baru\CodeIgniter4-4.1.9\system\CodeIgniter.php(326): CodeIgniter\CodeIgniter->handleRequest(NULL, Object(Config\Cache), false)
#7 C:\Users\lenovo\Downloads\tbl baru\CodeIgniter4-4.1.9\public\index.php(37): CodeIgniter\CodeIgniter->run()
#8 C:\Users\lenovo\Downloads\tbl baru\CodeIgniter4-4.1.9\system\Commands\Server\rewrite.php(43): require_once('C:\\Users\\lenovo...')
#9 {main}
CRITICAL - 2024-10-02 12:05:55 --> syntax error, unexpected '}', expecting end of file
#0 C:\Users\lenovo\Downloads\tbl baru\CodeIgniter4-4.1.9\system\Autoloader\Autoloader.php(241): CodeIgniter\Autoloader\Autoloader->includeFile('C:\\Users\\lenovo...')
#1 C:\Users\lenovo\Downloads\tbl baru\CodeIgniter4-4.1.9\system\Autoloader\Autoloader.php(219): CodeIgniter\Autoloader\Autoloader->loadInNamespace('App\\Models\\Mssk...')
#2 [internal function]: CodeIgniter\Autoloader\Autoloader->loadClass('App\\Models\\Mssk...')
#3 C:\Users\lenovo\Downloads\tbl baru\CodeIgniter4-4.1.9\app\Controllers\Home.php(29): spl_autoload_call('App\\Models\\Mssk...')
#4 C:\Users\lenovo\Downloads\tbl baru\CodeIgniter4-4.1.9\system\CodeIgniter.php(832): App\Controllers\Home->barang()
#5 C:\Users\lenovo\Downloads\tbl baru\CodeIgniter4-4.1.9\system\CodeIgniter.php(419): CodeIgniter\CodeIgniter->runController(Object(App\Controllers\Home))
#6 C:\Users\lenovo\Downloads\tbl baru\CodeIgniter4-4.1.9\system\CodeIgniter.php(326): CodeIgniter\CodeIgniter->handleRequest(NULL, Object(Config\Cache), false)
#7 C:\Users\lenovo\Downloads\tbl baru\CodeIgniter4-4.1.9\public\index.php(37): CodeIgniter\CodeIgniter->run()
#8 C:\Users\lenovo\Downloads\tbl baru\CodeIgniter4-4.1.9\system\Commands\Server\rewrite.php(43): require_once('C:\\Users\\lenovo...')
#9 {main}
CRITICAL - 2024-10-02 12:06:08 --> Non-abstract method App\Models\Msskece::simpan_barang() must contain body
#0 [internal function]: CodeIgniter\Debug\Exceptions->shutdownHandler()
#1 {main}
ERROR - 2024-10-02 21:17:12 --> Error connecting to the database: No connection could be made because the target machine actively refused it.

CRITICAL - 2024-10-02 21:17:12 --> Unable to connect to the database.
Main connection [MySQLi]: No connection could be made because the target machine actively refused it.

#0 C:\Users\lenovo\Downloads\tbl baru\CodeIgniter4-4.1.9\system\Database\BaseConnection.php(577): CodeIgniter\Database\BaseConnection->initialize()
#1 C:\Users\lenovo\Downloads\tbl baru\CodeIgniter4-4.1.9\system\Database\BaseBuilder.php(1455): CodeIgniter\Database\BaseConnection->query('SELECT *\nFROM `...', Array, false)
#2 C:\Users\lenovo\Downloads\tbl baru\CodeIgniter4-4.1.9\app\Models\Msskece.php(9): CodeIgniter\Database\BaseBuilder->get()
#3 C:\Users\lenovo\Downloads\tbl baru\CodeIgniter4-4.1.9\app\Controllers\Home.php(100): App\Models\Msskece->tampil('barang')
#4 C:\Users\lenovo\Downloads\tbl baru\CodeIgniter4-4.1.9\system\CodeIgniter.php(832): App\Controllers\Home->sskece()
#5 C:\Users\lenovo\Downloads\tbl baru\CodeIgniter4-4.1.9\system\CodeIgniter.php(419): CodeIgniter\CodeIgniter->runController(Object(App\Controllers\Home))
#6 C:\Users\lenovo\Downloads\tbl baru\CodeIgniter4-4.1.9\system\CodeIgniter.php(326): CodeIgniter\CodeIgniter->handleRequest(NULL, Object(Config\Cache), false)
#7 C:\Users\lenovo\Downloads\tbl baru\CodeIgniter4-4.1.9\public\index.php(37): CodeIgniter\CodeIgniter->run()
#8 C:\Users\lenovo\Downloads\tbl baru\CodeIgniter4-4.1.9\system\Commands\Server\rewrite.php(43): require_once('C:\\Users\\lenovo...')
#9 {main}
