CRITICAL - 2024-10-09 10:02:52 --> syntax error, unexpected '}', expecting ';' or '{'
#0 C:\Users\lenovo\Downloads\tbl baru\CodeIgniter4-4.1.9\system\Autoloader\Autoloader.php(241): CodeIgniter\Autoloader\Autoloader->includeFile('C:\\Users\\lenovo...')
#1 C:\Users\lenovo\Downloads\tbl baru\CodeIgniter4-4.1.9\system\Autoloader\Autoloader.php(219): CodeIgniter\Autoloader\Autoloader->loadInNamespace('App\\Controllers...')
#2 [internal function]: CodeIgniter\Autoloader\Autoloader->loadClass('App\\Controllers...')
#3 [internal function]: spl_autoload_call('App\\Controllers...')
#4 C:\Users\lenovo\Downloads\tbl baru\CodeIgniter4-4.1.9\system\CodeIgniter.php(797): class_exists('\\App\\Controller...', true)
#5 C:\Users\lenovo\Downloads\tbl baru\CodeIgniter4-4.1.9\system\CodeIgniter.php(406): CodeIgniter\CodeIgniter->startController()
#6 C:\Users\lenovo\Downloads\tbl baru\CodeIgniter4-4.1.9\system\CodeIgniter.php(326): CodeIgniter\CodeIgniter->handleRequest(NULL, Object(Config\Cache), false)
#7 C:\Users\lenovo\Downloads\tbl baru\CodeIgniter4-4.1.9\public\index.php(37): CodeIgniter\CodeIgniter->run()
#8 C:\Users\lenovo\Downloads\tbl baru\CodeIgniter4-4.1.9\system\Commands\Server\rewrite.php(43): require_once('C:\\Users\\lenovo...')
#9 {main}
CRITICAL - 2024-10-09 10:02:53 --> syntax error, unexpected '}', expecting ';' or '{'
#0 C:\Users\lenovo\Downloads\tbl baru\CodeIgniter4-4.1.9\system\Autoloader\Autoloader.php(241): CodeIgniter\Autoloader\Autoloader->includeFile('C:\\Users\\lenovo...')
#1 C:\Users\lenovo\Downloads\tbl baru\CodeIgniter4-4.1.9\system\Autoloader\Autoloader.php(219): CodeIgniter\Autoloader\Autoloader->loadInNamespace('App\\Controllers...')
#2 [internal function]: CodeIgniter\Autoloader\Autoloader->loadClass('App\\Controllers...')
#3 [internal function]: spl_autoload_call('App\\Controllers...')
#4 C:\Users\lenovo\Downloads\tbl baru\CodeIgniter4-4.1.9\system\CodeIgniter.php(797): class_exists('\\App\\Controller...', true)
#5 C:\Users\lenovo\Downloads\tbl baru\CodeIgniter4-4.1.9\system\CodeIgniter.php(406): CodeIgniter\CodeIgniter->startController()
#6 C:\Users\lenovo\Downloads\tbl baru\CodeIgniter4-4.1.9\system\CodeIgniter.php(326): CodeIgniter\CodeIgniter->handleRequest(NULL, Object(Config\Cache), false)
#7 C:\Users\lenovo\Downloads\tbl baru\CodeIgniter4-4.1.9\public\index.php(37): CodeIgniter\CodeIgniter->run()
#8 C:\Users\lenovo\Downloads\tbl baru\CodeIgniter4-4.1.9\system\Commands\Server\rewrite.php(43): require_once('C:\\Users\\lenovo...')
#9 {main}
CRITICAL - 2024-10-09 10:03:15 --> syntax error, unexpected 'public' (T_PUBLIC)
#0 C:\Users\lenovo\Downloads\tbl baru\CodeIgniter4-4.1.9\system\Autoloader\Autoloader.php(241): CodeIgniter\Autoloader\Autoloader->includeFile('C:\\Users\\lenovo...')
#1 C:\Users\lenovo\Downloads\tbl baru\CodeIgniter4-4.1.9\system\Autoloader\Autoloader.php(219): CodeIgniter\Autoloader\Autoloader->loadInNamespace('App\\Controllers...')
#2 [internal function]: CodeIgniter\Autoloader\Autoloader->loadClass('App\\Controllers...')
#3 [internal function]: spl_autoload_call('App\\Controllers...')
#4 C:\Users\lenovo\Downloads\tbl baru\CodeIgniter4-4.1.9\system\CodeIgniter.php(797): class_exists('\\App\\Controller...', true)
#5 C:\Users\lenovo\Downloads\tbl baru\CodeIgniter4-4.1.9\system\CodeIgniter.php(406): CodeIgniter\CodeIgniter->startController()
#6 C:\Users\lenovo\Downloads\tbl baru\CodeIgniter4-4.1.9\system\CodeIgniter.php(326): CodeIgniter\CodeIgniter->handleRequest(NULL, Object(Config\Cache), false)
#7 C:\Users\lenovo\Downloads\tbl baru\CodeIgniter4-4.1.9\public\index.php(37): CodeIgniter\CodeIgniter->run()
#8 C:\Users\lenovo\Downloads\tbl baru\CodeIgniter4-4.1.9\system\Commands\Server\rewrite.php(43): require_once('C:\\Users\\lenovo...')
#9 {main}
CRITICAL - 2024-10-09 10:03:21 --> syntax error, unexpected 'public' (T_PUBLIC)
#0 C:\Users\lenovo\Downloads\tbl baru\CodeIgniter4-4.1.9\system\Router\Router.php(175): CodeIgniter\Router\Router->autoRoute('home/sskece')
#1 C:\Users\lenovo\Downloads\tbl baru\CodeIgniter4-4.1.9\system\CodeIgniter.php(726): CodeIgniter\Router\Router->handle('home/sskece')
#2 C:\Users\lenovo\Downloads\tbl baru\CodeIgniter4-4.1.9\system\CodeIgniter.php(368): CodeIgniter\CodeIgniter->tryToRouteIt(Object(CodeIgniter\Router\RouteCollection))
#3 C:\Users\lenovo\Downloads\tbl baru\CodeIgniter4-4.1.9\system\CodeIgniter.php(326): CodeIgniter\CodeIgniter->handleRequest(NULL, Object(Config\Cache), false)
#4 C:\Users\lenovo\Downloads\tbl baru\CodeIgniter4-4.1.9\public\index.php(37): CodeIgniter\CodeIgniter->run()
#5 C:\Users\lenovo\Downloads\tbl baru\CodeIgniter4-4.1.9\system\Commands\Server\rewrite.php(43): require_once('C:\\Users\\lenovo...')
#6 {main}
CRITICAL - 2024-10-09 10:03:21 --> syntax error, unexpected 'public' (T_PUBLIC)
#0 C:\Users\lenovo\Downloads\tbl baru\CodeIgniter4-4.1.9\system\Router\Router.php(175): CodeIgniter\Router\Router->autoRoute('home/sskece')
#1 C:\Users\lenovo\Downloads\tbl baru\CodeIgniter4-4.1.9\system\CodeIgniter.php(726): CodeIgniter\Router\Router->handle('home/sskece')
#2 C:\Users\lenovo\Downloads\tbl baru\CodeIgniter4-4.1.9\system\CodeIgniter.php(368): CodeIgniter\CodeIgniter->tryToRouteIt(Object(CodeIgniter\Router\RouteCollection))
#3 C:\Users\lenovo\Downloads\tbl baru\CodeIgniter4-4.1.9\system\CodeIgniter.php(326): CodeIgniter\CodeIgniter->handleRequest(NULL, Object(Config\Cache), false)
#4 C:\Users\lenovo\Downloads\tbl baru\CodeIgniter4-4.1.9\public\index.php(37): CodeIgniter\CodeIgniter->run()
#5 C:\Users\lenovo\Downloads\tbl baru\CodeIgniter4-4.1.9\system\Commands\Server\rewrite.php(43): require_once('C:\\Users\\lenovo...')
#6 {main}
CRITICAL - 2024-10-09 10:03:53 --> syntax error, unexpected 'public' (T_PUBLIC)
#0 C:\Users\lenovo\Downloads\tbl baru\CodeIgniter4-4.1.9\system\Router\Router.php(175): CodeIgniter\Router\Router->autoRoute('home/sskece')
#1 C:\Users\lenovo\Downloads\tbl baru\CodeIgniter4-4.1.9\system\CodeIgniter.php(726): CodeIgniter\Router\Router->handle('home/sskece')
#2 C:\Users\lenovo\Downloads\tbl baru\CodeIgniter4-4.1.9\system\CodeIgniter.php(368): CodeIgniter\CodeIgniter->tryToRouteIt(Object(CodeIgniter\Router\RouteCollection))
#3 C:\Users\lenovo\Downloads\tbl baru\CodeIgniter4-4.1.9\system\CodeIgniter.php(326): CodeIgniter\CodeIgniter->handleRequest(NULL, Object(Config\Cache), false)
#4 C:\Users\lenovo\Downloads\tbl baru\CodeIgniter4-4.1.9\public\index.php(37): CodeIgniter\CodeIgniter->run()
#5 C:\Users\lenovo\Downloads\tbl baru\CodeIgniter4-4.1.9\system\Commands\Server\rewrite.php(43): require_once('C:\\Users\\lenovo...')
#6 {main}
CRITICAL - 2024-10-09 10:04:15 --> syntax error, unexpected 'public' (T_PUBLIC)
#0 C:\Users\lenovo\Downloads\tbl baru\CodeIgniter4-4.1.9\system\Router\Router.php(175): CodeIgniter\Router\Router->autoRoute('home/sskece')
#1 C:\Users\lenovo\Downloads\tbl baru\CodeIgniter4-4.1.9\system\CodeIgniter.php(726): CodeIgniter\Router\Router->handle('home/sskece')
#2 C:\Users\lenovo\Downloads\tbl baru\CodeIgniter4-4.1.9\system\CodeIgniter.php(368): CodeIgniter\CodeIgniter->tryToRouteIt(Object(CodeIgniter\Router\RouteCollection))
#3 C:\Users\lenovo\Downloads\tbl baru\CodeIgniter4-4.1.9\system\CodeIgniter.php(326): CodeIgniter\CodeIgniter->handleRequest(NULL, Object(Config\Cache), false)
#4 C:\Users\lenovo\Downloads\tbl baru\CodeIgniter4-4.1.9\public\index.php(37): CodeIgniter\CodeIgniter->run()
#5 C:\Users\lenovo\Downloads\tbl baru\CodeIgniter4-4.1.9\system\Commands\Server\rewrite.php(43): require_once('C:\\Users\\lenovo...')
#6 {main}
CRITICAL - 2024-10-09 10:04:38 --> syntax error, unexpected 'public' (T_PUBLIC)
#0 C:\Users\lenovo\Downloads\tbl baru\CodeIgniter4-4.1.9\system\Router\Router.php(175): CodeIgniter\Router\Router->autoRoute('home/login')
#1 C:\Users\lenovo\Downloads\tbl baru\CodeIgniter4-4.1.9\system\CodeIgniter.php(726): CodeIgniter\Router\Router->handle('home/login')
#2 C:\Users\lenovo\Downloads\tbl baru\CodeIgniter4-4.1.9\system\CodeIgniter.php(368): CodeIgniter\CodeIgniter->tryToRouteIt(Object(CodeIgniter\Router\RouteCollection))
#3 C:\Users\lenovo\Downloads\tbl baru\CodeIgniter4-4.1.9\system\CodeIgniter.php(326): CodeIgniter\CodeIgniter->handleRequest(NULL, Object(Config\Cache), false)
#4 C:\Users\lenovo\Downloads\tbl baru\CodeIgniter4-4.1.9\public\index.php(37): CodeIgniter\CodeIgniter->run()
#5 C:\Users\lenovo\Downloads\tbl baru\CodeIgniter4-4.1.9\system\Commands\Server\rewrite.php(43): require_once('C:\\Users\\lenovo...')
#6 {main}
CRITICAL - 2024-10-09 10:04:39 --> syntax error, unexpected 'public' (T_PUBLIC)
#0 C:\Users\lenovo\Downloads\tbl baru\CodeIgniter4-4.1.9\system\Router\Router.php(175): CodeIgniter\Router\Router->autoRoute('home/login')
#1 C:\Users\lenovo\Downloads\tbl baru\CodeIgniter4-4.1.9\system\CodeIgniter.php(726): CodeIgniter\Router\Router->handle('home/login')
#2 C:\Users\lenovo\Downloads\tbl baru\CodeIgniter4-4.1.9\system\CodeIgniter.php(368): CodeIgniter\CodeIgniter->tryToRouteIt(Object(CodeIgniter\Router\RouteCollection))
#3 C:\Users\lenovo\Downloads\tbl baru\CodeIgniter4-4.1.9\system\CodeIgniter.php(326): CodeIgniter\CodeIgniter->handleRequest(NULL, Object(Config\Cache), false)
#4 C:\Users\lenovo\Downloads\tbl baru\CodeIgniter4-4.1.9\public\index.php(37): CodeIgniter\CodeIgniter->run()
#5 C:\Users\lenovo\Downloads\tbl baru\CodeIgniter4-4.1.9\system\Commands\Server\rewrite.php(43): require_once('C:\\Users\\lenovo...')
#6 {main}
CRITICAL - 2024-10-09 10:07:57 --> syntax error, unexpected 'public' (T_PUBLIC)
#0 C:\Users\lenovo\Downloads\tbl baru\CodeIgniter4-4.1.9\system\Router\Router.php(175): CodeIgniter\Router\Router->autoRoute('home/login')
#1 C:\Users\lenovo\Downloads\tbl baru\CodeIgniter4-4.1.9\system\CodeIgniter.php(726): CodeIgniter\Router\Router->handle('home/login')
#2 C:\Users\lenovo\Downloads\tbl baru\CodeIgniter4-4.1.9\system\CodeIgniter.php(368): CodeIgniter\CodeIgniter->tryToRouteIt(Object(CodeIgniter\Router\RouteCollection))
#3 C:\Users\lenovo\Downloads\tbl baru\CodeIgniter4-4.1.9\system\CodeIgniter.php(326): CodeIgniter\CodeIgniter->handleRequest(NULL, Object(Config\Cache), false)
#4 C:\Users\lenovo\Downloads\tbl baru\CodeIgniter4-4.1.9\public\index.php(37): CodeIgniter\CodeIgniter->run()
#5 C:\Users\lenovo\Downloads\tbl baru\CodeIgniter4-4.1.9\system\Commands\Server\rewrite.php(43): require_once('C:\\Users\\lenovo...')
#6 {main}
CRITICAL - 2024-10-09 10:07:58 --> syntax error, unexpected 'public' (T_PUBLIC)
#0 C:\Users\lenovo\Downloads\tbl baru\CodeIgniter4-4.1.9\system\Router\Router.php(175): CodeIgniter\Router\Router->autoRoute('home/login')
#1 C:\Users\lenovo\Downloads\tbl baru\CodeIgniter4-4.1.9\system\CodeIgniter.php(726): CodeIgniter\Router\Router->handle('home/login')
#2 C:\Users\lenovo\Downloads\tbl baru\CodeIgniter4-4.1.9\system\CodeIgniter.php(368): CodeIgniter\CodeIgniter->tryToRouteIt(Object(CodeIgniter\Router\RouteCollection))
#3 C:\Users\lenovo\Downloads\tbl baru\CodeIgniter4-4.1.9\system\CodeIgniter.php(326): CodeIgniter\CodeIgniter->handleRequest(NULL, Object(Config\Cache), false)
#4 C:\Users\lenovo\Downloads\tbl baru\CodeIgniter4-4.1.9\public\index.php(37): CodeIgniter\CodeIgniter->run()
#5 C:\Users\lenovo\Downloads\tbl baru\CodeIgniter4-4.1.9\system\Commands\Server\rewrite.php(43): require_once('C:\\Users\\lenovo...')
#6 {main}
CRITICAL - 2024-10-09 10:07:58 --> syntax error, unexpected 'public' (T_PUBLIC)
#0 C:\Users\lenovo\Downloads\tbl baru\CodeIgniter4-4.1.9\system\Router\Router.php(175): CodeIgniter\Router\Router->autoRoute('home/login')
#1 C:\Users\lenovo\Downloads\tbl baru\CodeIgniter4-4.1.9\system\CodeIgniter.php(726): CodeIgniter\Router\Router->handle('home/login')
#2 C:\Users\lenovo\Downloads\tbl baru\CodeIgniter4-4.1.9\system\CodeIgniter.php(368): CodeIgniter\CodeIgniter->tryToRouteIt(Object(CodeIgniter\Router\RouteCollection))
#3 C:\Users\lenovo\Downloads\tbl baru\CodeIgniter4-4.1.9\system\CodeIgniter.php(326): CodeIgniter\CodeIgniter->handleRequest(NULL, Object(Config\Cache), false)
#4 C:\Users\lenovo\Downloads\tbl baru\CodeIgniter4-4.1.9\public\index.php(37): CodeIgniter\CodeIgniter->run()
#5 C:\Users\lenovo\Downloads\tbl baru\CodeIgniter4-4.1.9\system\Commands\Server\rewrite.php(43): require_once('C:\\Users\\lenovo...')
#6 {main}
CRITICAL - 2024-10-09 10:07:58 --> syntax error, unexpected 'public' (T_PUBLIC)
#0 C:\Users\lenovo\Downloads\tbl baru\CodeIgniter4-4.1.9\system\Router\Router.php(175): CodeIgniter\Router\Router->autoRoute('home/login')
#1 C:\Users\lenovo\Downloads\tbl baru\CodeIgniter4-4.1.9\system\CodeIgniter.php(726): CodeIgniter\Router\Router->handle('home/login')
#2 C:\Users\lenovo\Downloads\tbl baru\CodeIgniter4-4.1.9\system\CodeIgniter.php(368): CodeIgniter\CodeIgniter->tryToRouteIt(Object(CodeIgniter\Router\RouteCollection))
#3 C:\Users\lenovo\Downloads\tbl baru\CodeIgniter4-4.1.9\system\CodeIgniter.php(326): CodeIgniter\CodeIgniter->handleRequest(NULL, Object(Config\Cache), false)
#4 C:\Users\lenovo\Downloads\tbl baru\CodeIgniter4-4.1.9\public\index.php(37): CodeIgniter\CodeIgniter->run()
#5 C:\Users\lenovo\Downloads\tbl baru\CodeIgniter4-4.1.9\system\Commands\Server\rewrite.php(43): require_once('C:\\Users\\lenovo...')
#6 {main}
CRITICAL - 2024-10-09 10:07:59 --> syntax error, unexpected 'public' (T_PUBLIC)
#0 C:\Users\lenovo\Downloads\tbl baru\CodeIgniter4-4.1.9\system\Router\Router.php(175): CodeIgniter\Router\Router->autoRoute('home/login')
#1 C:\Users\lenovo\Downloads\tbl baru\CodeIgniter4-4.1.9\system\CodeIgniter.php(726): CodeIgniter\Router\Router->handle('home/login')
#2 C:\Users\lenovo\Downloads\tbl baru\CodeIgniter4-4.1.9\system\CodeIgniter.php(368): CodeIgniter\CodeIgniter->tryToRouteIt(Object(CodeIgniter\Router\RouteCollection))
#3 C:\Users\lenovo\Downloads\tbl baru\CodeIgniter4-4.1.9\system\CodeIgniter.php(326): CodeIgniter\CodeIgniter->handleRequest(NULL, Object(Config\Cache), false)
#4 C:\Users\lenovo\Downloads\tbl baru\CodeIgniter4-4.1.9\public\index.php(37): CodeIgniter\CodeIgniter->run()
#5 C:\Users\lenovo\Downloads\tbl baru\CodeIgniter4-4.1.9\system\Commands\Server\rewrite.php(43): require_once('C:\\Users\\lenovo...')
#6 {main}
CRITICAL - 2024-10-09 10:07:59 --> syntax error, unexpected 'public' (T_PUBLIC)
#0 C:\Users\lenovo\Downloads\tbl baru\CodeIgniter4-4.1.9\system\Router\Router.php(175): CodeIgniter\Router\Router->autoRoute('home/login')
#1 C:\Users\lenovo\Downloads\tbl baru\CodeIgniter4-4.1.9\system\CodeIgniter.php(726): CodeIgniter\Router\Router->handle('home/login')
#2 C:\Users\lenovo\Downloads\tbl baru\CodeIgniter4-4.1.9\system\CodeIgniter.php(368): CodeIgniter\CodeIgniter->tryToRouteIt(Object(CodeIgniter\Router\RouteCollection))
#3 C:\Users\lenovo\Downloads\tbl baru\CodeIgniter4-4.1.9\system\CodeIgniter.php(326): CodeIgniter\CodeIgniter->handleRequest(NULL, Object(Config\Cache), false)
#4 C:\Users\lenovo\Downloads\tbl baru\CodeIgniter4-4.1.9\public\index.php(37): CodeIgniter\CodeIgniter->run()
#5 C:\Users\lenovo\Downloads\tbl baru\CodeIgniter4-4.1.9\system\Commands\Server\rewrite.php(43): require_once('C:\\Users\\lenovo...')
#6 {main}
CRITICAL - 2024-10-09 10:09:30 --> syntax error, unexpected 'public' (T_PUBLIC)
#0 C:\Users\lenovo\Downloads\tbl baru\CodeIgniter4-4.1.9\system\Autoloader\Autoloader.php(241): CodeIgniter\Autoloader\Autoloader->includeFile('C:\\Users\\lenovo...')
#1 C:\Users\lenovo\Downloads\tbl baru\CodeIgniter4-4.1.9\system\Autoloader\Autoloader.php(219): CodeIgniter\Autoloader\Autoloader->loadInNamespace('App\\Controllers...')
#2 [internal function]: CodeIgniter\Autoloader\Autoloader->loadClass('App\\Controllers...')
#3 [internal function]: spl_autoload_call('App\\Controllers...')
#4 C:\Users\lenovo\Downloads\tbl baru\CodeIgniter4-4.1.9\system\CodeIgniter.php(797): class_exists('\\App\\Controller...', true)
#5 C:\Users\lenovo\Downloads\tbl baru\CodeIgniter4-4.1.9\system\CodeIgniter.php(406): CodeIgniter\CodeIgniter->startController()
#6 C:\Users\lenovo\Downloads\tbl baru\CodeIgniter4-4.1.9\system\CodeIgniter.php(326): CodeIgniter\CodeIgniter->handleRequest(NULL, Object(Config\Cache), false)
#7 C:\Users\lenovo\Downloads\tbl baru\CodeIgniter4-4.1.9\public\index.php(37): CodeIgniter\CodeIgniter->run()
#8 C:\Users\lenovo\Downloads\tbl baru\CodeIgniter4-4.1.9\system\Commands\Server\rewrite.php(43): require_once('C:\\Users\\lenovo...')
#9 {main}
CRITICAL - 2024-10-09 10:09:34 --> syntax error, unexpected 'public' (T_PUBLIC)
#0 C:\Users\lenovo\Downloads\tbl baru\CodeIgniter4-4.1.9\system\Router\Router.php(175): CodeIgniter\Router\Router->autoRoute('home/sskece')
#1 C:\Users\lenovo\Downloads\tbl baru\CodeIgniter4-4.1.9\system\CodeIgniter.php(726): CodeIgniter\Router\Router->handle('home/sskece')
#2 C:\Users\lenovo\Downloads\tbl baru\CodeIgniter4-4.1.9\system\CodeIgniter.php(368): CodeIgniter\CodeIgniter->tryToRouteIt(Object(CodeIgniter\Router\RouteCollection))
#3 C:\Users\lenovo\Downloads\tbl baru\CodeIgniter4-4.1.9\system\CodeIgniter.php(326): CodeIgniter\CodeIgniter->handleRequest(NULL, Object(Config\Cache), false)
#4 C:\Users\lenovo\Downloads\tbl baru\CodeIgniter4-4.1.9\public\index.php(37): CodeIgniter\CodeIgniter->run()
#5 C:\Users\lenovo\Downloads\tbl baru\CodeIgniter4-4.1.9\system\Commands\Server\rewrite.php(43): require_once('C:\\Users\\lenovo...')
#6 {main}
CRITICAL - 2024-10-09 10:09:34 --> syntax error, unexpected 'public' (T_PUBLIC)
#0 C:\Users\lenovo\Downloads\tbl baru\CodeIgniter4-4.1.9\system\Router\Router.php(175): CodeIgniter\Router\Router->autoRoute('home/sskece')
#1 C:\Users\lenovo\Downloads\tbl baru\CodeIgniter4-4.1.9\system\CodeIgniter.php(726): CodeIgniter\Router\Router->handle('home/sskece')
#2 C:\Users\lenovo\Downloads\tbl baru\CodeIgniter4-4.1.9\system\CodeIgniter.php(368): CodeIgniter\CodeIgniter->tryToRouteIt(Object(CodeIgniter\Router\RouteCollection))
#3 C:\Users\lenovo\Downloads\tbl baru\CodeIgniter4-4.1.9\system\CodeIgniter.php(326): CodeIgniter\CodeIgniter->handleRequest(NULL, Object(Config\Cache), false)
#4 C:\Users\lenovo\Downloads\tbl baru\CodeIgniter4-4.1.9\public\index.php(37): CodeIgniter\CodeIgniter->run()
#5 C:\Users\lenovo\Downloads\tbl baru\CodeIgniter4-4.1.9\system\Commands\Server\rewrite.php(43): require_once('C:\\Users\\lenovo...')
#6 {main}
ERROR - 2024-10-09 21:36:45 --> Error connecting to the database: No connection could be made because the target machine actively refused it.

CRITICAL - 2024-10-09 21:36:45 --> Unable to connect to the database.
Main connection [MySQLi]: No connection could be made because the target machine actively refused it.

#0 C:\Users\lenovo\Downloads\tbl baru\CodeIgniter4-4.1.9\system\Database\BaseConnection.php(577): CodeIgniter\Database\BaseConnection->initialize()
#1 C:\Users\lenovo\Downloads\tbl baru\CodeIgniter4-4.1.9\system\Database\BaseBuilder.php(1588): CodeIgniter\Database\BaseConnection->query('SELECT *\nFROM `...', Array, false)
#2 C:\Users\lenovo\Downloads\tbl baru\CodeIgniter4-4.1.9\app\Models\Msskece.php(24): CodeIgniter\Database\BaseBuilder->getWhere(Array)
#3 C:\Users\lenovo\Downloads\tbl baru\CodeIgniter4-4.1.9\app\Controllers\Home.php(75): App\Models\Msskece->getWhere('user', Array)
#4 C:\Users\lenovo\Downloads\tbl baru\CodeIgniter4-4.1.9\system\CodeIgniter.php(832): App\Controllers\Home->aksi_login()
#5 C:\Users\lenovo\Downloads\tbl baru\CodeIgniter4-4.1.9\system\CodeIgniter.php(419): CodeIgniter\CodeIgniter->runController(Object(App\Controllers\Home))
#6 C:\Users\lenovo\Downloads\tbl baru\CodeIgniter4-4.1.9\system\CodeIgniter.php(326): CodeIgniter\CodeIgniter->handleRequest(NULL, Object(Config\Cache), false)
#7 C:\Users\lenovo\Downloads\tbl baru\CodeIgniter4-4.1.9\public\index.php(37): CodeIgniter\CodeIgniter->run()
#8 C:\Users\lenovo\Downloads\tbl baru\CodeIgniter4-4.1.9\system\Commands\Server\rewrite.php(43): require_once('C:\\Users\\lenovo...')
#9 {main}
ERROR - 2024-10-09 21:36:50 --> Error connecting to the database: No connection could be made because the target machine actively refused it.

CRITICAL - 2024-10-09 21:36:50 --> Unable to connect to the database.
Main connection [MySQLi]: No connection could be made because the target machine actively refused it.

#0 C:\Users\lenovo\Downloads\tbl baru\CodeIgniter4-4.1.9\system\Database\BaseConnection.php(577): CodeIgniter\Database\BaseConnection->initialize()
#1 C:\Users\lenovo\Downloads\tbl baru\CodeIgniter4-4.1.9\system\Database\BaseBuilder.php(1588): CodeIgniter\Database\BaseConnection->query('SELECT *\nFROM `...', Array, false)
#2 C:\Users\lenovo\Downloads\tbl baru\CodeIgniter4-4.1.9\app\Models\Msskece.php(24): CodeIgniter\Database\BaseBuilder->getWhere(Array)
#3 C:\Users\lenovo\Downloads\tbl baru\CodeIgniter4-4.1.9\app\Controllers\Home.php(75): App\Models\Msskece->getWhere('user', Array)
#4 C:\Users\lenovo\Downloads\tbl baru\CodeIgniter4-4.1.9\system\CodeIgniter.php(832): App\Controllers\Home->aksi_login()
#5 C:\Users\lenovo\Downloads\tbl baru\CodeIgniter4-4.1.9\system\CodeIgniter.php(419): CodeIgniter\CodeIgniter->runController(Object(App\Controllers\Home))
#6 C:\Users\lenovo\Downloads\tbl baru\CodeIgniter4-4.1.9\system\CodeIgniter.php(326): CodeIgniter\CodeIgniter->handleRequest(NULL, Object(Config\Cache), false)
#7 C:\Users\lenovo\Downloads\tbl baru\CodeIgniter4-4.1.9\public\index.php(37): CodeIgniter\CodeIgniter->run()
#8 C:\Users\lenovo\Downloads\tbl baru\CodeIgniter4-4.1.9\system\Commands\Server\rewrite.php(43): require_once('C:\\Users\\lenovo...')
#9 {main}
ERROR - 2024-10-09 21:37:10 --> MySQL server has gone away
CRITICAL - 2024-10-09 21:37:10 --> Call to a member function getRow() on bool
#0 C:\Users\lenovo\Downloads\tbl baru\CodeIgniter4-4.1.9\app\Controllers\Home.php(75): App\Models\Msskece->getWhere('user', Array)
#1 C:\Users\lenovo\Downloads\tbl baru\CodeIgniter4-4.1.9\system\CodeIgniter.php(832): App\Controllers\Home->aksi_login()
#2 C:\Users\lenovo\Downloads\tbl baru\CodeIgniter4-4.1.9\system\CodeIgniter.php(419): CodeIgniter\CodeIgniter->runController(Object(App\Controllers\Home))
#3 C:\Users\lenovo\Downloads\tbl baru\CodeIgniter4-4.1.9\system\CodeIgniter.php(326): CodeIgniter\CodeIgniter->handleRequest(NULL, Object(Config\Cache), false)
#4 C:\Users\lenovo\Downloads\tbl baru\CodeIgniter4-4.1.9\public\index.php(37): CodeIgniter\CodeIgniter->run()
#5 C:\Users\lenovo\Downloads\tbl baru\CodeIgniter4-4.1.9\system\Commands\Server\rewrite.php(43): require_once('C:\\Users\\lenovo...')
#6 {main}
CRITICAL - 2024-10-09 21:51:17 --> Object of class stdClass could not be converted to string
#0 C:\Users\lenovo\Downloads\tbl baru\CodeIgniter4-4.1.9\system\View\View.php(210): include()
#1 C:\Users\lenovo\Downloads\tbl baru\CodeIgniter4-4.1.9\system\View\View.php(213): CodeIgniter\View\View->CodeIgniter\View\{closure}()
#2 C:\Users\lenovo\Downloads\tbl baru\CodeIgniter4-4.1.9\system\Common.php(1089): CodeIgniter\View\View->render('karyawan', Array, true)
#3 C:\Users\lenovo\Downloads\tbl baru\CodeIgniter4-4.1.9\app\Controllers\Home.php(492): view('karyawan', Array)
#4 C:\Users\lenovo\Downloads\tbl baru\CodeIgniter4-4.1.9\system\CodeIgniter.php(832): App\Controllers\Home->tbl_karyawan()
#5 C:\Users\lenovo\Downloads\tbl baru\CodeIgniter4-4.1.9\system\CodeIgniter.php(419): CodeIgniter\CodeIgniter->runController(Object(App\Controllers\Home))
#6 C:\Users\lenovo\Downloads\tbl baru\CodeIgniter4-4.1.9\system\CodeIgniter.php(326): CodeIgniter\CodeIgniter->handleRequest(NULL, Object(Config\Cache), false)
#7 C:\Users\lenovo\Downloads\tbl baru\CodeIgniter4-4.1.9\public\index.php(37): CodeIgniter\CodeIgniter->run()
#8 C:\Users\lenovo\Downloads\tbl baru\CodeIgniter4-4.1.9\system\Commands\Server\rewrite.php(43): require_once('C:\\Users\\lenovo...')
#9 {main}
CRITICAL - 2024-10-09 21:51:28 --> Object of class stdClass could not be converted to string
#0 C:\Users\lenovo\Downloads\tbl baru\CodeIgniter4-4.1.9\system\View\View.php(210): include()
#1 C:\Users\lenovo\Downloads\tbl baru\CodeIgniter4-4.1.9\system\View\View.php(213): CodeIgniter\View\View->CodeIgniter\View\{closure}()
#2 C:\Users\lenovo\Downloads\tbl baru\CodeIgniter4-4.1.9\system\Common.php(1089): CodeIgniter\View\View->render('karyawan', Array, true)
#3 C:\Users\lenovo\Downloads\tbl baru\CodeIgniter4-4.1.9\app\Controllers\Home.php(492): view('karyawan', Array)
#4 C:\Users\lenovo\Downloads\tbl baru\CodeIgniter4-4.1.9\system\CodeIgniter.php(832): App\Controllers\Home->tbl_karyawan()
#5 C:\Users\lenovo\Downloads\tbl baru\CodeIgniter4-4.1.9\system\CodeIgniter.php(419): CodeIgniter\CodeIgniter->runController(Object(App\Controllers\Home))
#6 C:\Users\lenovo\Downloads\tbl baru\CodeIgniter4-4.1.9\system\CodeIgniter.php(326): CodeIgniter\CodeIgniter->handleRequest(NULL, Object(Config\Cache), false)
#7 C:\Users\lenovo\Downloads\tbl baru\CodeIgniter4-4.1.9\public\index.php(37): CodeIgniter\CodeIgniter->run()
#8 C:\Users\lenovo\Downloads\tbl baru\CodeIgniter4-4.1.9\system\Commands\Server\rewrite.php(43): require_once('C:\\Users\\lenovo...')
#9 {main}
CRITICAL - 2024-10-09 21:51:43 --> Object of class stdClass could not be converted to string
#0 C:\Users\lenovo\Downloads\tbl baru\CodeIgniter4-4.1.9\system\View\View.php(210): include()
#1 C:\Users\lenovo\Downloads\tbl baru\CodeIgniter4-4.1.9\system\View\View.php(213): CodeIgniter\View\View->CodeIgniter\View\{closure}()
#2 C:\Users\lenovo\Downloads\tbl baru\CodeIgniter4-4.1.9\system\Common.php(1089): CodeIgniter\View\View->render('karyawan', Array, true)
#3 C:\Users\lenovo\Downloads\tbl baru\CodeIgniter4-4.1.9\app\Controllers\Home.php(492): view('karyawan', Array)
#4 C:\Users\lenovo\Downloads\tbl baru\CodeIgniter4-4.1.9\system\CodeIgniter.php(832): App\Controllers\Home->tbl_karyawan()
#5 C:\Users\lenovo\Downloads\tbl baru\CodeIgniter4-4.1.9\system\CodeIgniter.php(419): CodeIgniter\CodeIgniter->runController(Object(App\Controllers\Home))
#6 C:\Users\lenovo\Downloads\tbl baru\CodeIgniter4-4.1.9\system\CodeIgniter.php(326): CodeIgniter\CodeIgniter->handleRequest(NULL, Object(Config\Cache), false)
#7 C:\Users\lenovo\Downloads\tbl baru\CodeIgniter4-4.1.9\public\index.php(37): CodeIgniter\CodeIgniter->run()
#8 C:\Users\lenovo\Downloads\tbl baru\CodeIgniter4-4.1.9\system\Commands\Server\rewrite.php(43): require_once('C:\\Users\\lenovo...')
#9 {main}
CRITICAL - 2024-10-09 21:51:43 --> Object of class stdClass could not be converted to string
#0 C:\Users\lenovo\Downloads\tbl baru\CodeIgniter4-4.1.9\system\View\View.php(210): include()
#1 C:\Users\lenovo\Downloads\tbl baru\CodeIgniter4-4.1.9\system\View\View.php(213): CodeIgniter\View\View->CodeIgniter\View\{closure}()
#2 C:\Users\lenovo\Downloads\tbl baru\CodeIgniter4-4.1.9\system\Common.php(1089): CodeIgniter\View\View->render('karyawan', Array, true)
#3 C:\Users\lenovo\Downloads\tbl baru\CodeIgniter4-4.1.9\app\Controllers\Home.php(492): view('karyawan', Array)
#4 C:\Users\lenovo\Downloads\tbl baru\CodeIgniter4-4.1.9\system\CodeIgniter.php(832): App\Controllers\Home->tbl_karyawan()
#5 C:\Users\lenovo\Downloads\tbl baru\CodeIgniter4-4.1.9\system\CodeIgniter.php(419): CodeIgniter\CodeIgniter->runController(Object(App\Controllers\Home))
#6 C:\Users\lenovo\Downloads\tbl baru\CodeIgniter4-4.1.9\system\CodeIgniter.php(326): CodeIgniter\CodeIgniter->handleRequest(NULL, Object(Config\Cache), false)
#7 C:\Users\lenovo\Downloads\tbl baru\CodeIgniter4-4.1.9\public\index.php(37): CodeIgniter\CodeIgniter->run()
#8 C:\Users\lenovo\Downloads\tbl baru\CodeIgniter4-4.1.9\system\Commands\Server\rewrite.php(43): require_once('C:\\Users\\lenovo...')
#9 {main}
CRITICAL - 2024-10-09 21:52:10 --> Object of class stdClass could not be converted to string
#0 C:\Users\lenovo\Downloads\tbl baru\CodeIgniter4-4.1.9\system\View\View.php(210): include()
#1 C:\Users\lenovo\Downloads\tbl baru\CodeIgniter4-4.1.9\system\View\View.php(213): CodeIgniter\View\View->CodeIgniter\View\{closure}()
#2 C:\Users\lenovo\Downloads\tbl baru\CodeIgniter4-4.1.9\system\Common.php(1089): CodeIgniter\View\View->render('karyawan', Array, true)
#3 C:\Users\lenovo\Downloads\tbl baru\CodeIgniter4-4.1.9\app\Controllers\Home.php(492): view('karyawan', Array)
#4 C:\Users\lenovo\Downloads\tbl baru\CodeIgniter4-4.1.9\system\CodeIgniter.php(832): App\Controllers\Home->tbl_karyawan()
#5 C:\Users\lenovo\Downloads\tbl baru\CodeIgniter4-4.1.9\system\CodeIgniter.php(419): CodeIgniter\CodeIgniter->runController(Object(App\Controllers\Home))
#6 C:\Users\lenovo\Downloads\tbl baru\CodeIgniter4-4.1.9\system\CodeIgniter.php(326): CodeIgniter\CodeIgniter->handleRequest(NULL, Object(Config\Cache), false)
#7 C:\Users\lenovo\Downloads\tbl baru\CodeIgniter4-4.1.9\public\index.php(37): CodeIgniter\CodeIgniter->run()
#8 C:\Users\lenovo\Downloads\tbl baru\CodeIgniter4-4.1.9\system\Commands\Server\rewrite.php(43): require_once('C:\\Users\\lenovo...')
#9 {main}
CRITICAL - 2024-10-09 21:52:11 --> Object of class stdClass could not be converted to string
#0 C:\Users\lenovo\Downloads\tbl baru\CodeIgniter4-4.1.9\system\View\View.php(210): include()
#1 C:\Users\lenovo\Downloads\tbl baru\CodeIgniter4-4.1.9\system\View\View.php(213): CodeIgniter\View\View->CodeIgniter\View\{closure}()
#2 C:\Users\lenovo\Downloads\tbl baru\CodeIgniter4-4.1.9\system\Common.php(1089): CodeIgniter\View\View->render('karyawan', Array, true)
#3 C:\Users\lenovo\Downloads\tbl baru\CodeIgniter4-4.1.9\app\Controllers\Home.php(492): view('karyawan', Array)
#4 C:\Users\lenovo\Downloads\tbl baru\CodeIgniter4-4.1.9\system\CodeIgniter.php(832): App\Controllers\Home->tbl_karyawan()
#5 C:\Users\lenovo\Downloads\tbl baru\CodeIgniter4-4.1.9\system\CodeIgniter.php(419): CodeIgniter\CodeIgniter->runController(Object(App\Controllers\Home))
#6 C:\Users\lenovo\Downloads\tbl baru\CodeIgniter4-4.1.9\system\CodeIgniter.php(326): CodeIgniter\CodeIgniter->handleRequest(NULL, Object(Config\Cache), false)
#7 C:\Users\lenovo\Downloads\tbl baru\CodeIgniter4-4.1.9\public\index.php(37): CodeIgniter\CodeIgniter->run()
#8 C:\Users\lenovo\Downloads\tbl baru\CodeIgniter4-4.1.9\system\Commands\Server\rewrite.php(43): require_once('C:\\Users\\lenovo...')
#9 {main}
CRITICAL - 2024-10-09 21:52:12 --> Object of class stdClass could not be converted to string
#0 C:\Users\lenovo\Downloads\tbl baru\CodeIgniter4-4.1.9\system\View\View.php(210): include()
#1 C:\Users\lenovo\Downloads\tbl baru\CodeIgniter4-4.1.9\system\View\View.php(213): CodeIgniter\View\View->CodeIgniter\View\{closure}()
#2 C:\Users\lenovo\Downloads\tbl baru\CodeIgniter4-4.1.9\system\Common.php(1089): CodeIgniter\View\View->render('karyawan', Array, true)
#3 C:\Users\lenovo\Downloads\tbl baru\CodeIgniter4-4.1.9\app\Controllers\Home.php(492): view('karyawan', Array)
#4 C:\Users\lenovo\Downloads\tbl baru\CodeIgniter4-4.1.9\system\CodeIgniter.php(832): App\Controllers\Home->tbl_karyawan()
#5 C:\Users\lenovo\Downloads\tbl baru\CodeIgniter4-4.1.9\system\CodeIgniter.php(419): CodeIgniter\CodeIgniter->runController(Object(App\Controllers\Home))
#6 C:\Users\lenovo\Downloads\tbl baru\CodeIgniter4-4.1.9\system\CodeIgniter.php(326): CodeIgniter\CodeIgniter->handleRequest(NULL, Object(Config\Cache), false)
#7 C:\Users\lenovo\Downloads\tbl baru\CodeIgniter4-4.1.9\public\index.php(37): CodeIgniter\CodeIgniter->run()
#8 C:\Users\lenovo\Downloads\tbl baru\CodeIgniter4-4.1.9\system\Commands\Server\rewrite.php(43): require_once('C:\\Users\\lenovo...')
#9 {main}
ERROR - 2024-10-09 23:23:47 --> Error connecting to the database: No connection could be made because the target machine actively refused it.

CRITICAL - 2024-10-09 23:23:47 --> Unable to connect to the database.
Main connection [MySQLi]: No connection could be made because the target machine actively refused it.

#0 C:\Users\lenovo\Downloads\tbl baru\CodeIgniter4-4.1.9\system\Database\BaseConnection.php(577): CodeIgniter\Database\BaseConnection->initialize()
#1 C:\Users\lenovo\Downloads\tbl baru\CodeIgniter4-4.1.9\system\Database\BaseBuilder.php(1455): CodeIgniter\Database\BaseConnection->query('SELECT *\nFROM `...', Array, false)
#2 C:\Users\lenovo\Downloads\tbl baru\CodeIgniter4-4.1.9\app\Models\Msskece.php(9): CodeIgniter\Database\BaseBuilder->get()
#3 C:\Users\lenovo\Downloads\tbl baru\CodeIgniter4-4.1.9\app\Controllers\Home.php(91): App\Models\Msskece->tampil('barang')
#4 C:\Users\lenovo\Downloads\tbl baru\CodeIgniter4-4.1.9\system\CodeIgniter.php(832): App\Controllers\Home->sskece()
#5 C:\Users\lenovo\Downloads\tbl baru\CodeIgniter4-4.1.9\system\CodeIgniter.php(419): CodeIgniter\CodeIgniter->runController(Object(App\Controllers\Home))
#6 C:\Users\lenovo\Downloads\tbl baru\CodeIgniter4-4.1.9\system\CodeIgniter.php(326): CodeIgniter\CodeIgniter->handleRequest(NULL, Object(Config\Cache), false)
#7 C:\Users\lenovo\Downloads\tbl baru\CodeIgniter4-4.1.9\public\index.php(37): CodeIgniter\CodeIgniter->run()
#8 C:\Users\lenovo\Downloads\tbl baru\CodeIgniter4-4.1.9\system\Commands\Server\rewrite.php(43): require_once('C:\\Users\\lenovo...')
#9 {main}
CRITICAL - 2024-10-09 23:55:18 --> Argument 1 passed to CodeIgniter\Database\BaseBuilder::join() must be of the type string, null given, called in C:\Users\lenovo\Downloads\tbl baru\CodeIgniter4-4.1.9\app\Models\Msskece.php on line 13
#0 C:\Users\lenovo\Downloads\tbl baru\CodeIgniter4-4.1.9\app\Models\Msskece.php(13): CodeIgniter\Database\BaseBuilder->join(NULL, NULL)
#1 C:\Users\lenovo\Downloads\tbl baru\CodeIgniter4-4.1.9\app\Controllers\Home.php(489): App\Models\Msskece->join('karyawan', 'user', 'karyawan.id_use...')
#2 C:\Users\lenovo\Downloads\tbl baru\CodeIgniter4-4.1.9\system\CodeIgniter.php(832): App\Controllers\Home->tbl_karyawan()
#3 C:\Users\lenovo\Downloads\tbl baru\CodeIgniter4-4.1.9\system\CodeIgniter.php(419): CodeIgniter\CodeIgniter->runController(Object(App\Controllers\Home))
#4 C:\Users\lenovo\Downloads\tbl baru\CodeIgniter4-4.1.9\system\CodeIgniter.php(326): CodeIgniter\CodeIgniter->handleRequest(NULL, Object(Config\Cache), false)
#5 C:\Users\lenovo\Downloads\tbl baru\CodeIgniter4-4.1.9\public\index.php(37): CodeIgniter\CodeIgniter->run()
#6 C:\Users\lenovo\Downloads\tbl baru\CodeIgniter4-4.1.9\system\Commands\Server\rewrite.php(43): require_once('C:\\Users\\lenovo...')
#7 {main}
