CRITICAL - 2024-11-18 19:11:37 --> Maximum execution time of 60 seconds exceeded
#0 [internal function]: CodeIgniter\Debug\Exceptions->shutdownHandler()
#1 {main}
CRITICAL - 2024-11-18 19:21:38 --> Maximum execution time of 60 seconds exceeded
#0 [internal function]: CodeIgniter\Debug\Exceptions->shutdownHandler()
#1 {main}
ERROR - 2024-11-18 19:21:42 --> Error connecting to the database: No connection could be made because the target machine actively refused it.

CRITICAL - 2024-11-18 19:21:42 --> Unable to connect to the database.
Main connection [MySQLi]: No connection could be made because the target machine actively refused it.

#0 C:\Users\ss\Downloads\uang_kas\CodeIgniter4-4.1.9\system\Database\BaseConnection.php(577): CodeIgniter\Database\BaseConnection->initialize()
#1 C:\Users\ss\Downloads\uang_kas\CodeIgniter4-4.1.9\system\Database\BaseBuilder.php(1588): CodeIgniter\Database\BaseConnection->query('SELECT *\nFROM `...', Array, false)
#2 C:\Users\ss\Downloads\uang_kas\CodeIgniter4-4.1.9\app\Models\Msskece.php(39): CodeIgniter\Database\BaseBuilder->getWhere(Array)
#3 C:\Users\ss\Downloads\uang_kas\CodeIgniter4-4.1.9\app\Controllers\Home.php(49): App\Models\Msskece->getWhere('tabel_user', Array)
#4 C:\Users\ss\Downloads\uang_kas\CodeIgniter4-4.1.9\system\CodeIgniter.php(832): App\Controllers\Home->aksi_login()
#5 C:\Users\ss\Downloads\uang_kas\CodeIgniter4-4.1.9\system\CodeIgniter.php(419): CodeIgniter\CodeIgniter->runController(Object(App\Controllers\Home))
#6 C:\Users\ss\Downloads\uang_kas\CodeIgniter4-4.1.9\system\CodeIgniter.php(326): CodeIgniter\CodeIgniter->handleRequest(NULL, Object(Config\Cache), false)
#7 C:\Users\ss\Downloads\uang_kas\CodeIgniter4-4.1.9\public\index.php(36): CodeIgniter\CodeIgniter->run()
#8 C:\Users\ss\Downloads\uang_kas\CodeIgniter4-4.1.9\system\Commands\Server\rewrite.php(43): require_once('C:\\Users\\ss\\Dow...')
#9 {main}
ERROR - 2024-11-18 19:26:10 --> Table 'uang.kas.user' doesn't exist
CRITICAL - 2024-11-18 19:26:10 --> Call to a member function getResult() on bool
#0 C:\Users\ss\Downloads\uang_kas\CodeIgniter4-4.1.9\app\Controllers\Home.php(363): App\Models\Msskece->join('tabel_pengeluar...', 'user', 'tabel_pengeluar...')
#1 C:\Users\ss\Downloads\uang_kas\CodeIgniter4-4.1.9\system\CodeIgniter.php(832): App\Controllers\Home->tabel_pengeluaran1()
#2 C:\Users\ss\Downloads\uang_kas\CodeIgniter4-4.1.9\system\CodeIgniter.php(419): CodeIgniter\CodeIgniter->runController(Object(App\Controllers\Home))
#3 C:\Users\ss\Downloads\uang_kas\CodeIgniter4-4.1.9\system\CodeIgniter.php(326): CodeIgniter\CodeIgniter->handleRequest(NULL, Object(Config\Cache), false)
#4 C:\Users\ss\Downloads\uang_kas\CodeIgniter4-4.1.9\public\index.php(36): CodeIgniter\CodeIgniter->run()
#5 C:\Users\ss\Downloads\uang_kas\CodeIgniter4-4.1.9\system\Commands\Server\rewrite.php(43): require_once('C:\\Users\\ss\\Dow...')
#6 {main}
ERROR - 2024-11-18 19:29:13 --> Table 'uang.kas.user' doesn't exist
CRITICAL - 2024-11-18 19:29:13 --> Call to a member function getResult() on bool
#0 C:\Users\ss\Downloads\uang_kas\CodeIgniter4-4.1.9\app\Controllers\Home.php(363): App\Models\Msskece->join('tabel_pengeluar...', 'user', 'tabel_pengeluar...')
#1 C:\Users\ss\Downloads\uang_kas\CodeIgniter4-4.1.9\system\CodeIgniter.php(832): App\Controllers\Home->tabel_pengeluaran1()
#2 C:\Users\ss\Downloads\uang_kas\CodeIgniter4-4.1.9\system\CodeIgniter.php(419): CodeIgniter\CodeIgniter->runController(Object(App\Controllers\Home))
#3 C:\Users\ss\Downloads\uang_kas\CodeIgniter4-4.1.9\system\CodeIgniter.php(326): CodeIgniter\CodeIgniter->handleRequest(NULL, Object(Config\Cache), false)
#4 C:\Users\ss\Downloads\uang_kas\CodeIgniter4-4.1.9\public\index.php(36): CodeIgniter\CodeIgniter->run()
#5 C:\Users\ss\Downloads\uang_kas\CodeIgniter4-4.1.9\system\Commands\Server\rewrite.php(43): require_once('C:\\Users\\ss\\Dow...')
#6 {main}
ERROR - 2024-11-18 19:32:21 --> Table 'uang.kas.user' doesn't exist
CRITICAL - 2024-11-18 19:32:21 --> Call to a member function getResult() on bool
#0 C:\Users\ss\Downloads\uang_kas\CodeIgniter4-4.1.9\app\Controllers\Home.php(363): App\Models\Msskece->join('tabel_pengeluar...', 'user', 'tabel_pengeluar...')
#1 C:\Users\ss\Downloads\uang_kas\CodeIgniter4-4.1.9\system\CodeIgniter.php(832): App\Controllers\Home->tabel_pengeluaran1()
#2 C:\Users\ss\Downloads\uang_kas\CodeIgniter4-4.1.9\system\CodeIgniter.php(419): CodeIgniter\CodeIgniter->runController(Object(App\Controllers\Home))
#3 C:\Users\ss\Downloads\uang_kas\CodeIgniter4-4.1.9\system\CodeIgniter.php(326): CodeIgniter\CodeIgniter->handleRequest(NULL, Object(Config\Cache), false)
#4 C:\Users\ss\Downloads\uang_kas\CodeIgniter4-4.1.9\public\index.php(36): CodeIgniter\CodeIgniter->run()
#5 C:\Users\ss\Downloads\uang_kas\CodeIgniter4-4.1.9\system\Commands\Server\rewrite.php(43): require_once('C:\\Users\\ss\\Dow...')
#6 {main}
ERROR - 2024-11-18 19:32:48 --> Table 'uang.kas.user' doesn't exist
CRITICAL - 2024-11-18 19:32:48 --> Call to a member function getResult() on bool
#0 C:\Users\ss\Downloads\uang_kas\CodeIgniter4-4.1.9\app\Controllers\Home.php(363): App\Models\Msskece->join('tabel_pengeluar...', 'user', 'tabel_pengeluar...')
#1 C:\Users\ss\Downloads\uang_kas\CodeIgniter4-4.1.9\system\CodeIgniter.php(832): App\Controllers\Home->tabel_pengeluaran1()
#2 C:\Users\ss\Downloads\uang_kas\CodeIgniter4-4.1.9\system\CodeIgniter.php(419): CodeIgniter\CodeIgniter->runController(Object(App\Controllers\Home))
#3 C:\Users\ss\Downloads\uang_kas\CodeIgniter4-4.1.9\system\CodeIgniter.php(326): CodeIgniter\CodeIgniter->handleRequest(NULL, Object(Config\Cache), false)
#4 C:\Users\ss\Downloads\uang_kas\CodeIgniter4-4.1.9\public\index.php(36): CodeIgniter\CodeIgniter->run()
#5 C:\Users\ss\Downloads\uang_kas\CodeIgniter4-4.1.9\system\Commands\Server\rewrite.php(43): require_once('C:\\Users\\ss\\Dow...')
#6 {main}
ERROR - 2024-11-18 19:34:33 --> Unknown column 'user.id_user' in 'on clause'
CRITICAL - 2024-11-18 19:34:33 --> Call to a member function getResult() on bool
#0 C:\Users\ss\Downloads\uang_kas\CodeIgniter4-4.1.9\app\Controllers\Home.php(363): App\Models\Msskece->join('tabel_pengeluar...', 'tabel_user', 'tabel_pengeluar...')
#1 C:\Users\ss\Downloads\uang_kas\CodeIgniter4-4.1.9\system\CodeIgniter.php(832): App\Controllers\Home->tabel_pengeluaran1()
#2 C:\Users\ss\Downloads\uang_kas\CodeIgniter4-4.1.9\system\CodeIgniter.php(419): CodeIgniter\CodeIgniter->runController(Object(App\Controllers\Home))
#3 C:\Users\ss\Downloads\uang_kas\CodeIgniter4-4.1.9\system\CodeIgniter.php(326): CodeIgniter\CodeIgniter->handleRequest(NULL, Object(Config\Cache), false)
#4 C:\Users\ss\Downloads\uang_kas\CodeIgniter4-4.1.9\public\index.php(36): CodeIgniter\CodeIgniter->run()
#5 C:\Users\ss\Downloads\uang_kas\CodeIgniter4-4.1.9\system\Commands\Server\rewrite.php(43): require_once('C:\\Users\\ss\\Dow...')
#6 {main}
ERROR - 2024-11-18 19:34:34 --> Unknown column 'user.id_user' in 'on clause'
CRITICAL - 2024-11-18 19:34:34 --> Call to a member function getResult() on bool
#0 C:\Users\ss\Downloads\uang_kas\CodeIgniter4-4.1.9\app\Controllers\Home.php(363): App\Models\Msskece->join('tabel_pengeluar...', 'tabel_user', 'tabel_pengeluar...')
#1 C:\Users\ss\Downloads\uang_kas\CodeIgniter4-4.1.9\system\CodeIgniter.php(832): App\Controllers\Home->tabel_pengeluaran1()
#2 C:\Users\ss\Downloads\uang_kas\CodeIgniter4-4.1.9\system\CodeIgniter.php(419): CodeIgniter\CodeIgniter->runController(Object(App\Controllers\Home))
#3 C:\Users\ss\Downloads\uang_kas\CodeIgniter4-4.1.9\system\CodeIgniter.php(326): CodeIgniter\CodeIgniter->handleRequest(NULL, Object(Config\Cache), false)
#4 C:\Users\ss\Downloads\uang_kas\CodeIgniter4-4.1.9\public\index.php(36): CodeIgniter\CodeIgniter->run()
#5 C:\Users\ss\Downloads\uang_kas\CodeIgniter4-4.1.9\system\Commands\Server\rewrite.php(43): require_once('C:\\Users\\ss\\Dow...')
#6 {main}
ERROR - 2024-11-18 19:40:18 --> Column 'id_user' cannot be null
