CRITICAL - 2024-09-24 00:00:05 --> Invalid argument supplied for foreach()
#0 C:\Users\lenovo\Downloads\tbl baru\CodeIgniter4-4.1.9\app\Views\barang.php(18): CodeIgniter\Debug\Exceptions->errorHandler(2, 'Invalid argumen...', 'C:\\Users\\lenovo...', 18, Array)
#1 C:\Users\lenovo\Downloads\tbl baru\CodeIgniter4-4.1.9\system\View\View.php(210): include('C:\\Users\\lenovo...')
#2 C:\Users\lenovo\Downloads\tbl baru\CodeIgniter4-4.1.9\system\View\View.php(213): CodeIgniter\View\View->CodeIgniter\View\{closure}()
#3 C:\Users\lenovo\Downloads\tbl baru\CodeIgniter4-4.1.9\system\Common.php(1089): CodeIgniter\View\View->render('barang.php', Array, true)
#4 C:\Users\lenovo\Downloads\tbl baru\CodeIgniter4-4.1.9\app\Controllers\Home.php(29): view('barang.php')
#5 C:\Users\lenovo\Downloads\tbl baru\CodeIgniter4-4.1.9\system\CodeIgniter.php(832): App\Controllers\Home->barang()
#6 C:\Users\lenovo\Downloads\tbl baru\CodeIgniter4-4.1.9\system\CodeIgniter.php(419): CodeIgniter\CodeIgniter->runController(Object(App\Controllers\Home))
#7 C:\Users\lenovo\Downloads\tbl baru\CodeIgniter4-4.1.9\system\CodeIgniter.php(326): CodeIgniter\CodeIgniter->handleRequest(NULL, Object(Config\Cache), false)
#8 C:\Users\lenovo\Downloads\tbl baru\CodeIgniter4-4.1.9\public\index.php(37): CodeIgniter\CodeIgniter->run()
#9 C:\Users\lenovo\Downloads\tbl baru\CodeIgniter4-4.1.9\system\Commands\Server\rewrite.php(43): require_once('C:\\Users\\lenovo...')
#10 {main}
CRITICAL - 2024-09-24 00:02:17 --> Invalid argument supplied for foreach()
#0 C:\Users\lenovo\Downloads\tbl baru\CodeIgniter4-4.1.9\app\Views\barang.php(18): CodeIgniter\Debug\Exceptions->errorHandler(2, 'Invalid argumen...', 'C:\\Users\\lenovo...', 18, Array)
#1 C:\Users\lenovo\Downloads\tbl baru\CodeIgniter4-4.1.9\system\View\View.php(210): include('C:\\Users\\lenovo...')
#2 C:\Users\lenovo\Downloads\tbl baru\CodeIgniter4-4.1.9\system\View\View.php(213): CodeIgniter\View\View->CodeIgniter\View\{closure}()
#3 C:\Users\lenovo\Downloads\tbl baru\CodeIgniter4-4.1.9\system\Common.php(1089): CodeIgniter\View\View->render('barang.php', Array, true)
#4 C:\Users\lenovo\Downloads\tbl baru\CodeIgniter4-4.1.9\app\Controllers\Home.php(29): view('barang.php')
#5 C:\Users\lenovo\Downloads\tbl baru\CodeIgniter4-4.1.9\system\CodeIgniter.php(832): App\Controllers\Home->barang()
#6 C:\Users\lenovo\Downloads\tbl baru\CodeIgniter4-4.1.9\system\CodeIgniter.php(419): CodeIgniter\CodeIgniter->runController(Object(App\Controllers\Home))
#7 C:\Users\lenovo\Downloads\tbl baru\CodeIgniter4-4.1.9\system\CodeIgniter.php(326): CodeIgniter\CodeIgniter->handleRequest(NULL, Object(Config\Cache), false)
#8 C:\Users\lenovo\Downloads\tbl baru\CodeIgniter4-4.1.9\public\index.php(37): CodeIgniter\CodeIgniter->run()
#9 C:\Users\lenovo\Downloads\tbl baru\CodeIgniter4-4.1.9\system\Commands\Server\rewrite.php(43): require_once('C:\\Users\\lenovo...')
#10 {main}
CRITICAL - 2024-09-24 00:02:48 --> Invalid argument supplied for foreach()
#0 C:\Users\lenovo\Downloads\tbl baru\CodeIgniter4-4.1.9\app\Views\barang.php(18): CodeIgniter\Debug\Exceptions->errorHandler(2, 'Invalid argumen...', 'C:\\Users\\lenovo...', 18, Array)
#1 C:\Users\lenovo\Downloads\tbl baru\CodeIgniter4-4.1.9\system\View\View.php(210): include('C:\\Users\\lenovo...')
#2 C:\Users\lenovo\Downloads\tbl baru\CodeIgniter4-4.1.9\system\View\View.php(213): CodeIgniter\View\View->CodeIgniter\View\{closure}()
#3 C:\Users\lenovo\Downloads\tbl baru\CodeIgniter4-4.1.9\system\Common.php(1089): CodeIgniter\View\View->render('barang.php', Array, true)
#4 C:\Users\lenovo\Downloads\tbl baru\CodeIgniter4-4.1.9\app\Controllers\Home.php(29): view('barang.php')
#5 C:\Users\lenovo\Downloads\tbl baru\CodeIgniter4-4.1.9\system\CodeIgniter.php(832): App\Controllers\Home->barang()
#6 C:\Users\lenovo\Downloads\tbl baru\CodeIgniter4-4.1.9\system\CodeIgniter.php(419): CodeIgniter\CodeIgniter->runController(Object(App\Controllers\Home))
#7 C:\Users\lenovo\Downloads\tbl baru\CodeIgniter4-4.1.9\system\CodeIgniter.php(326): CodeIgniter\CodeIgniter->handleRequest(NULL, Object(Config\Cache), false)
#8 C:\Users\lenovo\Downloads\tbl baru\CodeIgniter4-4.1.9\public\index.php(37): CodeIgniter\CodeIgniter->run()
#9 C:\Users\lenovo\Downloads\tbl baru\CodeIgniter4-4.1.9\system\Commands\Server\rewrite.php(43): require_once('C:\\Users\\lenovo...')
#10 {main}
CRITICAL - 2024-09-24 00:02:48 --> Invalid argument supplied for foreach()
#0 C:\Users\lenovo\Downloads\tbl baru\CodeIgniter4-4.1.9\app\Views\barang.php(18): CodeIgniter\Debug\Exceptions->errorHandler(2, 'Invalid argumen...', 'C:\\Users\\lenovo...', 18, Array)
#1 C:\Users\lenovo\Downloads\tbl baru\CodeIgniter4-4.1.9\system\View\View.php(210): include('C:\\Users\\lenovo...')
#2 C:\Users\lenovo\Downloads\tbl baru\CodeIgniter4-4.1.9\system\View\View.php(213): CodeIgniter\View\View->CodeIgniter\View\{closure}()
#3 C:\Users\lenovo\Downloads\tbl baru\CodeIgniter4-4.1.9\system\Common.php(1089): CodeIgniter\View\View->render('barang.php', Array, true)
#4 C:\Users\lenovo\Downloads\tbl baru\CodeIgniter4-4.1.9\app\Controllers\Home.php(29): view('barang.php')
#5 C:\Users\lenovo\Downloads\tbl baru\CodeIgniter4-4.1.9\system\CodeIgniter.php(832): App\Controllers\Home->barang()
#6 C:\Users\lenovo\Downloads\tbl baru\CodeIgniter4-4.1.9\system\CodeIgniter.php(419): CodeIgniter\CodeIgniter->runController(Object(App\Controllers\Home))
#7 C:\Users\lenovo\Downloads\tbl baru\CodeIgniter4-4.1.9\system\CodeIgniter.php(326): CodeIgniter\CodeIgniter->handleRequest(NULL, Object(Config\Cache), false)
#8 C:\Users\lenovo\Downloads\tbl baru\CodeIgniter4-4.1.9\public\index.php(37): CodeIgniter\CodeIgniter->run()
#9 C:\Users\lenovo\Downloads\tbl baru\CodeIgniter4-4.1.9\system\Commands\Server\rewrite.php(43): require_once('C:\\Users\\lenovo...')
#10 {main}
CRITICAL - 2024-09-24 00:02:49 --> Invalid argument supplied for foreach()
#0 C:\Users\lenovo\Downloads\tbl baru\CodeIgniter4-4.1.9\app\Views\barang.php(18): CodeIgniter\Debug\Exceptions->errorHandler(2, 'Invalid argumen...', 'C:\\Users\\lenovo...', 18, Array)
#1 C:\Users\lenovo\Downloads\tbl baru\CodeIgniter4-4.1.9\system\View\View.php(210): include('C:\\Users\\lenovo...')
#2 C:\Users\lenovo\Downloads\tbl baru\CodeIgniter4-4.1.9\system\View\View.php(213): CodeIgniter\View\View->CodeIgniter\View\{closure}()
#3 C:\Users\lenovo\Downloads\tbl baru\CodeIgniter4-4.1.9\system\Common.php(1089): CodeIgniter\View\View->render('barang.php', Array, true)
#4 C:\Users\lenovo\Downloads\tbl baru\CodeIgniter4-4.1.9\app\Controllers\Home.php(29): view('barang.php')
#5 C:\Users\lenovo\Downloads\tbl baru\CodeIgniter4-4.1.9\system\CodeIgniter.php(832): App\Controllers\Home->barang()
#6 C:\Users\lenovo\Downloads\tbl baru\CodeIgniter4-4.1.9\system\CodeIgniter.php(419): CodeIgniter\CodeIgniter->runController(Object(App\Controllers\Home))
#7 C:\Users\lenovo\Downloads\tbl baru\CodeIgniter4-4.1.9\system\CodeIgniter.php(326): CodeIgniter\CodeIgniter->handleRequest(NULL, Object(Config\Cache), false)
#8 C:\Users\lenovo\Downloads\tbl baru\CodeIgniter4-4.1.9\public\index.php(37): CodeIgniter\CodeIgniter->run()
#9 C:\Users\lenovo\Downloads\tbl baru\CodeIgniter4-4.1.9\system\Commands\Server\rewrite.php(43): require_once('C:\\Users\\lenovo...')
#10 {main}
CRITICAL - 2024-09-24 00:02:49 --> Invalid argument supplied for foreach()
#0 C:\Users\lenovo\Downloads\tbl baru\CodeIgniter4-4.1.9\app\Views\barang.php(18): CodeIgniter\Debug\Exceptions->errorHandler(2, 'Invalid argumen...', 'C:\\Users\\lenovo...', 18, Array)
#1 C:\Users\lenovo\Downloads\tbl baru\CodeIgniter4-4.1.9\system\View\View.php(210): include('C:\\Users\\lenovo...')
#2 C:\Users\lenovo\Downloads\tbl baru\CodeIgniter4-4.1.9\system\View\View.php(213): CodeIgniter\View\View->CodeIgniter\View\{closure}()
#3 C:\Users\lenovo\Downloads\tbl baru\CodeIgniter4-4.1.9\system\Common.php(1089): CodeIgniter\View\View->render('barang.php', Array, true)
#4 C:\Users\lenovo\Downloads\tbl baru\CodeIgniter4-4.1.9\app\Controllers\Home.php(29): view('barang.php')
#5 C:\Users\lenovo\Downloads\tbl baru\CodeIgniter4-4.1.9\system\CodeIgniter.php(832): App\Controllers\Home->barang()
#6 C:\Users\lenovo\Downloads\tbl baru\CodeIgniter4-4.1.9\system\CodeIgniter.php(419): CodeIgniter\CodeIgniter->runController(Object(App\Controllers\Home))
#7 C:\Users\lenovo\Downloads\tbl baru\CodeIgniter4-4.1.9\system\CodeIgniter.php(326): CodeIgniter\CodeIgniter->handleRequest(NULL, Object(Config\Cache), false)
#8 C:\Users\lenovo\Downloads\tbl baru\CodeIgniter4-4.1.9\public\index.php(37): CodeIgniter\CodeIgniter->run()
#9 C:\Users\lenovo\Downloads\tbl baru\CodeIgniter4-4.1.9\system\Commands\Server\rewrite.php(43): require_once('C:\\Users\\lenovo...')
#10 {main}
CRITICAL - 2024-09-24 00:02:50 --> Invalid argument supplied for foreach()
#0 C:\Users\lenovo\Downloads\tbl baru\CodeIgniter4-4.1.9\app\Views\barang.php(18): CodeIgniter\Debug\Exceptions->errorHandler(2, 'Invalid argumen...', 'C:\\Users\\lenovo...', 18, Array)
#1 C:\Users\lenovo\Downloads\tbl baru\CodeIgniter4-4.1.9\system\View\View.php(210): include('C:\\Users\\lenovo...')
#2 C:\Users\lenovo\Downloads\tbl baru\CodeIgniter4-4.1.9\system\View\View.php(213): CodeIgniter\View\View->CodeIgniter\View\{closure}()
#3 C:\Users\lenovo\Downloads\tbl baru\CodeIgniter4-4.1.9\system\Common.php(1089): CodeIgniter\View\View->render('barang.php', Array, true)
#4 C:\Users\lenovo\Downloads\tbl baru\CodeIgniter4-4.1.9\app\Controllers\Home.php(29): view('barang.php')
#5 C:\Users\lenovo\Downloads\tbl baru\CodeIgniter4-4.1.9\system\CodeIgniter.php(832): App\Controllers\Home->barang()
#6 C:\Users\lenovo\Downloads\tbl baru\CodeIgniter4-4.1.9\system\CodeIgniter.php(419): CodeIgniter\CodeIgniter->runController(Object(App\Controllers\Home))
#7 C:\Users\lenovo\Downloads\tbl baru\CodeIgniter4-4.1.9\system\CodeIgniter.php(326): CodeIgniter\CodeIgniter->handleRequest(NULL, Object(Config\Cache), false)
#8 C:\Users\lenovo\Downloads\tbl baru\CodeIgniter4-4.1.9\public\index.php(37): CodeIgniter\CodeIgniter->run()
#9 C:\Users\lenovo\Downloads\tbl baru\CodeIgniter4-4.1.9\system\Commands\Server\rewrite.php(43): require_once('C:\\Users\\lenovo...')
#10 {main}
CRITICAL - 2024-09-24 00:02:50 --> Invalid argument supplied for foreach()
#0 C:\Users\lenovo\Downloads\tbl baru\CodeIgniter4-4.1.9\app\Views\barang.php(18): CodeIgniter\Debug\Exceptions->errorHandler(2, 'Invalid argumen...', 'C:\\Users\\lenovo...', 18, Array)
#1 C:\Users\lenovo\Downloads\tbl baru\CodeIgniter4-4.1.9\system\View\View.php(210): include('C:\\Users\\lenovo...')
#2 C:\Users\lenovo\Downloads\tbl baru\CodeIgniter4-4.1.9\system\View\View.php(213): CodeIgniter\View\View->CodeIgniter\View\{closure}()
#3 C:\Users\lenovo\Downloads\tbl baru\CodeIgniter4-4.1.9\system\Common.php(1089): CodeIgniter\View\View->render('barang.php', Array, true)
#4 C:\Users\lenovo\Downloads\tbl baru\CodeIgniter4-4.1.9\app\Controllers\Home.php(29): view('barang.php')
#5 C:\Users\lenovo\Downloads\tbl baru\CodeIgniter4-4.1.9\system\CodeIgniter.php(832): App\Controllers\Home->barang()
#6 C:\Users\lenovo\Downloads\tbl baru\CodeIgniter4-4.1.9\system\CodeIgniter.php(419): CodeIgniter\CodeIgniter->runController(Object(App\Controllers\Home))
#7 C:\Users\lenovo\Downloads\tbl baru\CodeIgniter4-4.1.9\system\CodeIgniter.php(326): CodeIgniter\CodeIgniter->handleRequest(NULL, Object(Config\Cache), false)
#8 C:\Users\lenovo\Downloads\tbl baru\CodeIgniter4-4.1.9\public\index.php(37): CodeIgniter\CodeIgniter->run()
#9 C:\Users\lenovo\Downloads\tbl baru\CodeIgniter4-4.1.9\system\Commands\Server\rewrite.php(43): require_once('C:\\Users\\lenovo...')
#10 {main}
CRITICAL - 2024-09-24 00:04:10 --> Invalid argument supplied for foreach()
#0 C:\Users\lenovo\Downloads\tbl baru\CodeIgniter4-4.1.9\app\Views\barang.php(18): CodeIgniter\Debug\Exceptions->errorHandler(2, 'Invalid argumen...', 'C:\\Users\\lenovo...', 18, Array)
#1 C:\Users\lenovo\Downloads\tbl baru\CodeIgniter4-4.1.9\system\View\View.php(210): include('C:\\Users\\lenovo...')
#2 C:\Users\lenovo\Downloads\tbl baru\CodeIgniter4-4.1.9\system\View\View.php(213): CodeIgniter\View\View->CodeIgniter\View\{closure}()
#3 C:\Users\lenovo\Downloads\tbl baru\CodeIgniter4-4.1.9\system\Common.php(1089): CodeIgniter\View\View->render('barang.php', Array, true)
#4 C:\Users\lenovo\Downloads\tbl baru\CodeIgniter4-4.1.9\app\Controllers\Home.php(29): view('barang.php')
#5 C:\Users\lenovo\Downloads\tbl baru\CodeIgniter4-4.1.9\system\CodeIgniter.php(832): App\Controllers\Home->barang()
#6 C:\Users\lenovo\Downloads\tbl baru\CodeIgniter4-4.1.9\system\CodeIgniter.php(419): CodeIgniter\CodeIgniter->runController(Object(App\Controllers\Home))
#7 C:\Users\lenovo\Downloads\tbl baru\CodeIgniter4-4.1.9\system\CodeIgniter.php(326): CodeIgniter\CodeIgniter->handleRequest(NULL, Object(Config\Cache), false)
#8 C:\Users\lenovo\Downloads\tbl baru\CodeIgniter4-4.1.9\public\index.php(37): CodeIgniter\CodeIgniter->run()
#9 C:\Users\lenovo\Downloads\tbl baru\CodeIgniter4-4.1.9\system\Commands\Server\rewrite.php(43): require_once('C:\\Users\\lenovo...')
#10 {main}
CRITICAL - 2024-09-24 00:08:21 --> Invalid argument supplied for foreach()
#0 C:\Users\lenovo\Downloads\tbl baru\CodeIgniter4-4.1.9\app\Views\barang.php(18): CodeIgniter\Debug\Exceptions->errorHandler(2, 'Invalid argumen...', 'C:\\Users\\lenovo...', 18, Array)
#1 C:\Users\lenovo\Downloads\tbl baru\CodeIgniter4-4.1.9\system\View\View.php(210): include('C:\\Users\\lenovo...')
#2 C:\Users\lenovo\Downloads\tbl baru\CodeIgniter4-4.1.9\system\View\View.php(213): CodeIgniter\View\View->CodeIgniter\View\{closure}()
#3 C:\Users\lenovo\Downloads\tbl baru\CodeIgniter4-4.1.9\system\Common.php(1089): CodeIgniter\View\View->render('barang.php', Array, true)
#4 C:\Users\lenovo\Downloads\tbl baru\CodeIgniter4-4.1.9\app\Controllers\Home.php(29): view('barang.php')
#5 C:\Users\lenovo\Downloads\tbl baru\CodeIgniter4-4.1.9\system\CodeIgniter.php(832): App\Controllers\Home->barang()
#6 C:\Users\lenovo\Downloads\tbl baru\CodeIgniter4-4.1.9\system\CodeIgniter.php(419): CodeIgniter\CodeIgniter->runController(Object(App\Controllers\Home))
#7 C:\Users\lenovo\Downloads\tbl baru\CodeIgniter4-4.1.9\system\CodeIgniter.php(326): CodeIgniter\CodeIgniter->handleRequest(NULL, Object(Config\Cache), false)
#8 C:\Users\lenovo\Downloads\tbl baru\CodeIgniter4-4.1.9\public\index.php(37): CodeIgniter\CodeIgniter->run()
#9 C:\Users\lenovo\Downloads\tbl baru\CodeIgniter4-4.1.9\system\Commands\Server\rewrite.php(43): require_once('C:\\Users\\lenovo...')
#10 {main}
CRITICAL - 2024-09-24 00:14:46 --> Invalid argument supplied for foreach()
#0 C:\Users\lenovo\Downloads\tbl baru\CodeIgniter4-4.1.9\app\Views\barang.php(18): CodeIgniter\Debug\Exceptions->errorHandler(2, 'Invalid argumen...', 'C:\\Users\\lenovo...', 18, Array)
#1 C:\Users\lenovo\Downloads\tbl baru\CodeIgniter4-4.1.9\system\View\View.php(210): include('C:\\Users\\lenovo...')
#2 C:\Users\lenovo\Downloads\tbl baru\CodeIgniter4-4.1.9\system\View\View.php(213): CodeIgniter\View\View->CodeIgniter\View\{closure}()
#3 C:\Users\lenovo\Downloads\tbl baru\CodeIgniter4-4.1.9\system\Common.php(1089): CodeIgniter\View\View->render('barang.php', Array, true)
#4 C:\Users\lenovo\Downloads\tbl baru\CodeIgniter4-4.1.9\app\Controllers\Home.php(29): view('barang.php')
#5 C:\Users\lenovo\Downloads\tbl baru\CodeIgniter4-4.1.9\system\CodeIgniter.php(832): App\Controllers\Home->barang()
#6 C:\Users\lenovo\Downloads\tbl baru\CodeIgniter4-4.1.9\system\CodeIgniter.php(419): CodeIgniter\CodeIgniter->runController(Object(App\Controllers\Home))
#7 C:\Users\lenovo\Downloads\tbl baru\CodeIgniter4-4.1.9\system\CodeIgniter.php(326): CodeIgniter\CodeIgniter->handleRequest(NULL, Object(Config\Cache), false)
#8 C:\Users\lenovo\Downloads\tbl baru\CodeIgniter4-4.1.9\public\index.php(37): CodeIgniter\CodeIgniter->run()
#9 C:\Users\lenovo\Downloads\tbl baru\CodeIgniter4-4.1.9\system\Commands\Server\rewrite.php(43): require_once('C:\\Users\\lenovo...')
#10 {main}
CRITICAL - 2024-09-24 00:14:48 --> Invalid argument supplied for foreach()
#0 C:\Users\lenovo\Downloads\tbl baru\CodeIgniter4-4.1.9\app\Views\barang.php(18): CodeIgniter\Debug\Exceptions->errorHandler(2, 'Invalid argumen...', 'C:\\Users\\lenovo...', 18, Array)
#1 C:\Users\lenovo\Downloads\tbl baru\CodeIgniter4-4.1.9\system\View\View.php(210): include('C:\\Users\\lenovo...')
#2 C:\Users\lenovo\Downloads\tbl baru\CodeIgniter4-4.1.9\system\View\View.php(213): CodeIgniter\View\View->CodeIgniter\View\{closure}()
#3 C:\Users\lenovo\Downloads\tbl baru\CodeIgniter4-4.1.9\system\Common.php(1089): CodeIgniter\View\View->render('barang.php', Array, true)
#4 C:\Users\lenovo\Downloads\tbl baru\CodeIgniter4-4.1.9\app\Controllers\Home.php(29): view('barang.php')
#5 C:\Users\lenovo\Downloads\tbl baru\CodeIgniter4-4.1.9\system\CodeIgniter.php(832): App\Controllers\Home->barang()
#6 C:\Users\lenovo\Downloads\tbl baru\CodeIgniter4-4.1.9\system\CodeIgniter.php(419): CodeIgniter\CodeIgniter->runController(Object(App\Controllers\Home))
#7 C:\Users\lenovo\Downloads\tbl baru\CodeIgniter4-4.1.9\system\CodeIgniter.php(326): CodeIgniter\CodeIgniter->handleRequest(NULL, Object(Config\Cache), false)
#8 C:\Users\lenovo\Downloads\tbl baru\CodeIgniter4-4.1.9\public\index.php(37): CodeIgniter\CodeIgniter->run()
#9 C:\Users\lenovo\Downloads\tbl baru\CodeIgniter4-4.1.9\system\Commands\Server\rewrite.php(43): require_once('C:\\Users\\lenovo...')
#10 {main}
CRITICAL - 2024-09-24 00:17:05 --> Invalid argument supplied for foreach()
#0 C:\Users\lenovo\Downloads\tbl baru\CodeIgniter4-4.1.9\app\Views\barang.php(18): CodeIgniter\Debug\Exceptions->errorHandler(2, 'Invalid argumen...', 'C:\\Users\\lenovo...', 18, Array)
#1 C:\Users\lenovo\Downloads\tbl baru\CodeIgniter4-4.1.9\system\View\View.php(210): include('C:\\Users\\lenovo...')
#2 C:\Users\lenovo\Downloads\tbl baru\CodeIgniter4-4.1.9\system\View\View.php(213): CodeIgniter\View\View->CodeIgniter\View\{closure}()
#3 C:\Users\lenovo\Downloads\tbl baru\CodeIgniter4-4.1.9\system\Common.php(1089): CodeIgniter\View\View->render('barang.php', Array, true)
#4 C:\Users\lenovo\Downloads\tbl baru\CodeIgniter4-4.1.9\app\Controllers\Home.php(29): view('barang.php')
#5 C:\Users\lenovo\Downloads\tbl baru\CodeIgniter4-4.1.9\system\CodeIgniter.php(832): App\Controllers\Home->barang()
#6 C:\Users\lenovo\Downloads\tbl baru\CodeIgniter4-4.1.9\system\CodeIgniter.php(419): CodeIgniter\CodeIgniter->runController(Object(App\Controllers\Home))
#7 C:\Users\lenovo\Downloads\tbl baru\CodeIgniter4-4.1.9\system\CodeIgniter.php(326): CodeIgniter\CodeIgniter->handleRequest(NULL, Object(Config\Cache), false)
#8 C:\Users\lenovo\Downloads\tbl baru\CodeIgniter4-4.1.9\public\index.php(37): CodeIgniter\CodeIgniter->run()
#9 C:\Users\lenovo\Downloads\tbl baru\CodeIgniter4-4.1.9\system\Commands\Server\rewrite.php(43): require_once('C:\\Users\\lenovo...')
#10 {main}
CRITICAL - 2024-09-24 00:20:17 --> Invalid argument supplied for foreach()
#0 C:\Users\lenovo\Downloads\tbl baru\CodeIgniter4-4.1.9\app\Views\barang.php(18): CodeIgniter\Debug\Exceptions->errorHandler(2, 'Invalid argumen...', 'C:\\Users\\lenovo...', 18, Array)
#1 C:\Users\lenovo\Downloads\tbl baru\CodeIgniter4-4.1.9\system\View\View.php(210): include('C:\\Users\\lenovo...')
#2 C:\Users\lenovo\Downloads\tbl baru\CodeIgniter4-4.1.9\system\View\View.php(213): CodeIgniter\View\View->CodeIgniter\View\{closure}()
#3 C:\Users\lenovo\Downloads\tbl baru\CodeIgniter4-4.1.9\system\Common.php(1089): CodeIgniter\View\View->render('barang.php', Array, true)
#4 C:\Users\lenovo\Downloads\tbl baru\CodeIgniter4-4.1.9\app\Controllers\Home.php(29): view('barang.php')
#5 C:\Users\lenovo\Downloads\tbl baru\CodeIgniter4-4.1.9\system\CodeIgniter.php(832): App\Controllers\Home->barang()
#6 C:\Users\lenovo\Downloads\tbl baru\CodeIgniter4-4.1.9\system\CodeIgniter.php(419): CodeIgniter\CodeIgniter->runController(Object(App\Controllers\Home))
#7 C:\Users\lenovo\Downloads\tbl baru\CodeIgniter4-4.1.9\system\CodeIgniter.php(326): CodeIgniter\CodeIgniter->handleRequest(NULL, Object(Config\Cache), false)
#8 C:\Users\lenovo\Downloads\tbl baru\CodeIgniter4-4.1.9\public\index.php(37): CodeIgniter\CodeIgniter->run()
#9 C:\Users\lenovo\Downloads\tbl baru\CodeIgniter4-4.1.9\system\Commands\Server\rewrite.php(43): require_once('C:\\Users\\lenovo...')
#10 {main}
CRITICAL - 2024-09-24 00:24:54 --> Invalid argument supplied for foreach()
#0 C:\Users\lenovo\Downloads\tbl baru\CodeIgniter4-4.1.9\app\Views\barang.php(18): CodeIgniter\Debug\Exceptions->errorHandler(2, 'Invalid argumen...', 'C:\\Users\\lenovo...', 18, Array)
#1 C:\Users\lenovo\Downloads\tbl baru\CodeIgniter4-4.1.9\system\View\View.php(210): include('C:\\Users\\lenovo...')
#2 C:\Users\lenovo\Downloads\tbl baru\CodeIgniter4-4.1.9\system\View\View.php(213): CodeIgniter\View\View->CodeIgniter\View\{closure}()
#3 C:\Users\lenovo\Downloads\tbl baru\CodeIgniter4-4.1.9\system\Common.php(1089): CodeIgniter\View\View->render('barang.php', Array, true)
#4 C:\Users\lenovo\Downloads\tbl baru\CodeIgniter4-4.1.9\app\Controllers\Home.php(29): view('barang.php')
#5 C:\Users\lenovo\Downloads\tbl baru\CodeIgniter4-4.1.9\system\CodeIgniter.php(832): App\Controllers\Home->barang()
#6 C:\Users\lenovo\Downloads\tbl baru\CodeIgniter4-4.1.9\system\CodeIgniter.php(419): CodeIgniter\CodeIgniter->runController(Object(App\Controllers\Home))
#7 C:\Users\lenovo\Downloads\tbl baru\CodeIgniter4-4.1.9\system\CodeIgniter.php(326): CodeIgniter\CodeIgniter->handleRequest(NULL, Object(Config\Cache), false)
#8 C:\Users\lenovo\Downloads\tbl baru\CodeIgniter4-4.1.9\public\index.php(37): CodeIgniter\CodeIgniter->run()
#9 C:\Users\lenovo\Downloads\tbl baru\CodeIgniter4-4.1.9\system\Commands\Server\rewrite.php(43): require_once('C:\\Users\\lenovo...')
#10 {main}
CRITICAL - 2024-09-24 00:27:25 --> syntax error, unexpected '$Joyce' (T_VARIABLE), expecting function (T_FUNCTION) or const (T_CONST)
#0 C:\Users\lenovo\Downloads\tbl baru\CodeIgniter4-4.1.9\system\Router\Router.php(175): CodeIgniter\Router\Router->autoRoute('home/barang')
#1 C:\Users\lenovo\Downloads\tbl baru\CodeIgniter4-4.1.9\system\CodeIgniter.php(726): CodeIgniter\Router\Router->handle('home/barang')
#2 C:\Users\lenovo\Downloads\tbl baru\CodeIgniter4-4.1.9\system\CodeIgniter.php(368): CodeIgniter\CodeIgniter->tryToRouteIt(Object(CodeIgniter\Router\RouteCollection))
#3 C:\Users\lenovo\Downloads\tbl baru\CodeIgniter4-4.1.9\system\CodeIgniter.php(326): CodeIgniter\CodeIgniter->handleRequest(NULL, Object(Config\Cache), false)
#4 C:\Users\lenovo\Downloads\tbl baru\CodeIgniter4-4.1.9\public\index.php(37): CodeIgniter\CodeIgniter->run()
#5 C:\Users\lenovo\Downloads\tbl baru\CodeIgniter4-4.1.9\system\Commands\Server\rewrite.php(43): require_once('C:\\Users\\lenovo...')
#6 {main}
CRITICAL - 2024-09-24 00:28:40 --> Cannot redeclare App\Controllers\Home::sskece()
#0 [internal function]: CodeIgniter\Debug\Exceptions->shutdownHandler()
#1 {main}
ERROR - 2024-09-24 00:37:19 --> Table 'gudang.input' doesn't exist
CRITICAL - 2024-09-24 00:37:19 --> Call to a member function getResult() on bool
#0 C:\Users\lenovo\Downloads\tbl baru\CodeIgniter4-4.1.9\app\Controllers\Home.php(30): App\Models\Msskece->tampil('input')
#1 C:\Users\lenovo\Downloads\tbl baru\CodeIgniter4-4.1.9\system\CodeIgniter.php(832): App\Controllers\Home->barang()
#2 C:\Users\lenovo\Downloads\tbl baru\CodeIgniter4-4.1.9\system\CodeIgniter.php(419): CodeIgniter\CodeIgniter->runController(Object(App\Controllers\Home))
#3 C:\Users\lenovo\Downloads\tbl baru\CodeIgniter4-4.1.9\system\CodeIgniter.php(326): CodeIgniter\CodeIgniter->handleRequest(NULL, Object(Config\Cache), false)
#4 C:\Users\lenovo\Downloads\tbl baru\CodeIgniter4-4.1.9\public\index.php(37): CodeIgniter\CodeIgniter->run()
#5 C:\Users\lenovo\Downloads\tbl baru\CodeIgniter4-4.1.9\system\Commands\Server\rewrite.php(43): require_once('C:\\Users\\lenovo...')
#6 {main}
