ERROR - 2024-10-28 10:16:50 --> Error connecting to the database: No connection could be made because the target machine actively refused it.

CRITICAL - 2024-10-28 10:16:50 --> Unable to connect to the database.
Main connection [MySQLi]: No connection could be made because the target machine actively refused it.

#0 C:\Users\ss\Downloads\tbl baru\CodeIgniter4-4.1.9\system\Database\BaseConnection.php(577): CodeIgniter\Database\BaseConnection->initialize()
#1 C:\Users\ss\Downloads\tbl baru\CodeIgniter4-4.1.9\system\Database\BaseBuilder.php(1588): CodeIgniter\Database\BaseConnection->query('SELECT *\nFROM `...', Array, false)
#2 C:\Users\ss\Downloads\tbl baru\CodeIgniter4-4.1.9\app\Models\Msskece.php(39): CodeIgniter\Database\BaseBuilder->getWhere(Array)
#3 C:\Users\ss\Downloads\tbl baru\CodeIgniter4-4.1.9\app\Controllers\Home.php(76): App\Models\Msskece->getWhere('user', Array)
#4 C:\Users\ss\Downloads\tbl baru\CodeIgniter4-4.1.9\system\CodeIgniter.php(832): App\Controllers\Home->aksi_login()
#5 C:\Users\ss\Downloads\tbl baru\CodeIgniter4-4.1.9\system\CodeIgniter.php(419): CodeIgniter\CodeIgniter->runController(Object(App\Controllers\Home))
#6 C:\Users\ss\Downloads\tbl baru\CodeIgniter4-4.1.9\system\CodeIgniter.php(326): CodeIgniter\CodeIgniter->handleRequest(NULL, Object(Config\Cache), false)
#7 C:\Users\ss\Downloads\tbl baru\CodeIgniter4-4.1.9\public\index.php(36): CodeIgniter\CodeIgniter->run()
#8 C:\Users\ss\Downloads\tbl baru\CodeIgniter4-4.1.9\system\Commands\Server\rewrite.php(43): require_once('C:\\Users\\ss\\Dow...')
#9 {main}
CRITICAL - 2024-10-28 10:27:16 --> Invalid argument supplied for foreach()
#0 C:\Users\ss\Downloads\tbl baru\CodeIgniter4-4.1.9\app\Views\barang.php(37): CodeIgniter\Debug\Exceptions->errorHandler(2, 'Invalid argumen...', 'C:\\Users\\ss\\Dow...', 37, Array)
#1 C:\Users\ss\Downloads\tbl baru\CodeIgniter4-4.1.9\system\View\View.php(210): include('C:\\Users\\ss\\Dow...')
#2 C:\Users\ss\Downloads\tbl baru\CodeIgniter4-4.1.9\system\View\View.php(213): CodeIgniter\View\View->CodeIgniter\View\{closure}()
#3 C:\Users\ss\Downloads\tbl baru\CodeIgniter4-4.1.9\system\Common.php(1089): CodeIgniter\View\View->render('barang.php', Array, true)
#4 C:\Users\ss\Downloads\tbl baru\CodeIgniter4-4.1.9\app\Controllers\Home.php(95): view('barang.php', Array)
#5 C:\Users\ss\Downloads\tbl baru\CodeIgniter4-4.1.9\system\CodeIgniter.php(832): App\Controllers\Home->sskece()
#6 C:\Users\ss\Downloads\tbl baru\CodeIgniter4-4.1.9\system\CodeIgniter.php(419): CodeIgniter\CodeIgniter->runController(Object(App\Controllers\Home))
#7 C:\Users\ss\Downloads\tbl baru\CodeIgniter4-4.1.9\system\CodeIgniter.php(326): CodeIgniter\CodeIgniter->handleRequest(NULL, Object(Config\Cache), false)
#8 C:\Users\ss\Downloads\tbl baru\CodeIgniter4-4.1.9\public\index.php(36): CodeIgniter\CodeIgniter->run()
#9 C:\Users\ss\Downloads\tbl baru\CodeIgniter4-4.1.9\system\Commands\Server\rewrite.php(43): require_once('C:\\Users\\ss\\Dow...')
#10 {main}
CRITICAL - 2024-10-28 10:31:21 --> Invalid argument supplied for foreach()
#0 C:\Users\ss\Downloads\tbl baru\CodeIgniter4-4.1.9\app\Views\barangkeluar.php(37): CodeIgniter\Debug\Exceptions->errorHandler(2, 'Invalid argumen...', 'C:\\Users\\ss\\Dow...', 37, Array)
#1 C:\Users\ss\Downloads\tbl baru\CodeIgniter4-4.1.9\system\View\View.php(210): include('C:\\Users\\ss\\Dow...')
#2 C:\Users\ss\Downloads\tbl baru\CodeIgniter4-4.1.9\system\View\View.php(213): CodeIgniter\View\View->CodeIgniter\View\{closure}()
#3 C:\Users\ss\Downloads\tbl baru\CodeIgniter4-4.1.9\system\Common.php(1089): CodeIgniter\View\View->render('barangkeluar', Array, true)
#4 C:\Users\ss\Downloads\tbl baru\CodeIgniter4-4.1.9\app\Controllers\Home.php(290): view('barangkeluar', Array)
#5 C:\Users\ss\Downloads\tbl baru\CodeIgniter4-4.1.9\system\CodeIgniter.php(832): App\Controllers\Home->tbl_barang_keluar()
#6 C:\Users\ss\Downloads\tbl baru\CodeIgniter4-4.1.9\system\CodeIgniter.php(419): CodeIgniter\CodeIgniter->runController(Object(App\Controllers\Home))
#7 C:\Users\ss\Downloads\tbl baru\CodeIgniter4-4.1.9\system\CodeIgniter.php(326): CodeIgniter\CodeIgniter->handleRequest(NULL, Object(Config\Cache), false)
#8 C:\Users\ss\Downloads\tbl baru\CodeIgniter4-4.1.9\public\index.php(36): CodeIgniter\CodeIgniter->run()
#9 C:\Users\ss\Downloads\tbl baru\CodeIgniter4-4.1.9\system\Commands\Server\rewrite.php(43): require_once('C:\\Users\\ss\\Dow...')
#10 {main}
CRITICAL - 2024-10-28 10:37:44 --> Invalid argument supplied for foreach()
#0 C:\Users\ss\Downloads\tbl baru\CodeIgniter4-4.1.9\app\Views\barangrusak.php(37): CodeIgniter\Debug\Exceptions->errorHandler(2, 'Invalid argumen...', 'C:\\Users\\ss\\Dow...', 37, Array)
#1 C:\Users\ss\Downloads\tbl baru\CodeIgniter4-4.1.9\system\View\View.php(210): include('C:\\Users\\ss\\Dow...')
#2 C:\Users\ss\Downloads\tbl baru\CodeIgniter4-4.1.9\system\View\View.php(213): CodeIgniter\View\View->CodeIgniter\View\{closure}()
#3 C:\Users\ss\Downloads\tbl baru\CodeIgniter4-4.1.9\system\Common.php(1089): CodeIgniter\View\View->render('barangrusak', Array, true)
#4 C:\Users\ss\Downloads\tbl baru\CodeIgniter4-4.1.9\app\Controllers\Home.php(426): view('barangrusak', Array)
#5 C:\Users\ss\Downloads\tbl baru\CodeIgniter4-4.1.9\system\CodeIgniter.php(832): App\Controllers\Home->tbl_barang_rusak()
#6 C:\Users\ss\Downloads\tbl baru\CodeIgniter4-4.1.9\system\CodeIgniter.php(419): CodeIgniter\CodeIgniter->runController(Object(App\Controllers\Home))
#7 C:\Users\ss\Downloads\tbl baru\CodeIgniter4-4.1.9\system\CodeIgniter.php(326): CodeIgniter\CodeIgniter->handleRequest(NULL, Object(Config\Cache), false)
#8 C:\Users\ss\Downloads\tbl baru\CodeIgniter4-4.1.9\public\index.php(36): CodeIgniter\CodeIgniter->run()
#9 C:\Users\ss\Downloads\tbl baru\CodeIgniter4-4.1.9\system\Commands\Server\rewrite.php(43): require_once('C:\\Users\\ss\\Dow...')
#10 {main}
ERROR - 2024-10-28 23:12:10 --> Error connecting to the database: No connection could be made because the target machine actively refused it.

CRITICAL - 2024-10-28 23:12:10 --> Unable to connect to the database.
Main connection [MySQLi]: No connection could be made because the target machine actively refused it.

#0 C:\Users\ss\Downloads\tbl baru\CodeIgniter4-4.1.9\system\Database\BaseConnection.php(577): CodeIgniter\Database\BaseConnection->initialize()
#1 C:\Users\ss\Downloads\tbl baru\CodeIgniter4-4.1.9\system\Database\BaseBuilder.php(1455): CodeIgniter\Database\BaseConnection->query('SELECT *\nFROM `...', Array, false)
#2 C:\Users\ss\Downloads\tbl baru\CodeIgniter4-4.1.9\app\Models\Msskece.php(9): CodeIgniter\Database\BaseBuilder->get()
#3 C:\Users\ss\Downloads\tbl baru\CodeIgniter4-4.1.9\app\Controllers\Home.php(423): App\Models\Msskece->tampil('barangrusak')
#4 C:\Users\ss\Downloads\tbl baru\CodeIgniter4-4.1.9\system\CodeIgniter.php(832): App\Controllers\Home->tbl_barang_rusak()
#5 C:\Users\ss\Downloads\tbl baru\CodeIgniter4-4.1.9\system\CodeIgniter.php(419): CodeIgniter\CodeIgniter->runController(Object(App\Controllers\Home))
#6 C:\Users\ss\Downloads\tbl baru\CodeIgniter4-4.1.9\system\CodeIgniter.php(326): CodeIgniter\CodeIgniter->handleRequest(NULL, Object(Config\Cache), false)
#7 C:\Users\ss\Downloads\tbl baru\CodeIgniter4-4.1.9\public\index.php(36): CodeIgniter\CodeIgniter->run()
#8 C:\Users\ss\Downloads\tbl baru\CodeIgniter4-4.1.9\system\Commands\Server\rewrite.php(43): require_once('C:\\Users\\ss\\Dow...')
#9 {main}
CRITICAL - 2024-10-28 23:28:37 --> Class 'App\Controllers\Model2' not found
#0 C:\Users\ss\Downloads\tbl baru\CodeIgniter4-4.1.9\system\CodeIgniter.php(832): App\Controllers\Home->pdflaporanbrgmsk()
#1 C:\Users\ss\Downloads\tbl baru\CodeIgniter4-4.1.9\system\CodeIgniter.php(419): CodeIgniter\CodeIgniter->runController(Object(App\Controllers\Home))
#2 C:\Users\ss\Downloads\tbl baru\CodeIgniter4-4.1.9\system\CodeIgniter.php(326): CodeIgniter\CodeIgniter->handleRequest(NULL, Object(Config\Cache), false)
#3 C:\Users\ss\Downloads\tbl baru\CodeIgniter4-4.1.9\public\index.php(36): CodeIgniter\CodeIgniter->run()
#4 C:\Users\ss\Downloads\tbl baru\CodeIgniter4-4.1.9\system\Commands\Server\rewrite.php(43): require_once('C:\\Users\\ss\\Dow...')
#5 {main}
CRITICAL - 2024-10-28 23:29:10 --> Class 'TCPDF' not found
#0 C:\Users\ss\Downloads\tbl baru\CodeIgniter4-4.1.9\system\CodeIgniter.php(832): App\Controllers\Home->pdflaporanbrgmsk()
#1 C:\Users\ss\Downloads\tbl baru\CodeIgniter4-4.1.9\system\CodeIgniter.php(419): CodeIgniter\CodeIgniter->runController(Object(App\Controllers\Home))
#2 C:\Users\ss\Downloads\tbl baru\CodeIgniter4-4.1.9\system\CodeIgniter.php(326): CodeIgniter\CodeIgniter->handleRequest(NULL, Object(Config\Cache), false)
#3 C:\Users\ss\Downloads\tbl baru\CodeIgniter4-4.1.9\public\index.php(36): CodeIgniter\CodeIgniter->run()
#4 C:\Users\ss\Downloads\tbl baru\CodeIgniter4-4.1.9\system\Commands\Server\rewrite.php(43): require_once('C:\\Users\\ss\\Dow...')
#5 {main}
CRITICAL - 2024-10-28 23:54:23 --> Class 'TCPDF' not found
#0 C:\Users\ss\Downloads\tbl baru\CodeIgniter4-4.1.9\system\CodeIgniter.php(832): App\Controllers\Home->pdflaporanbrgmsk()
#1 C:\Users\ss\Downloads\tbl baru\CodeIgniter4-4.1.9\system\CodeIgniter.php(419): CodeIgniter\CodeIgniter->runController(Object(App\Controllers\Home))
#2 C:\Users\ss\Downloads\tbl baru\CodeIgniter4-4.1.9\system\CodeIgniter.php(326): CodeIgniter\CodeIgniter->handleRequest(NULL, Object(Config\Cache), false)
#3 C:\Users\ss\Downloads\tbl baru\CodeIgniter4-4.1.9\public\index.php(36): CodeIgniter\CodeIgniter->run()
#4 C:\Users\ss\Downloads\tbl baru\CodeIgniter4-4.1.9\system\Commands\Server\rewrite.php(43): require_once('C:\\Users\\ss\\Dow...')
#5 {main}
CRITICAL - 2024-10-28 23:55:19 --> Class 'TCPDF' not found
#0 C:\Users\ss\Downloads\tbl baru\CodeIgniter4-4.1.9\system\CodeIgniter.php(832): App\Controllers\Home->pdflaporanbrgmsk()
#1 C:\Users\ss\Downloads\tbl baru\CodeIgniter4-4.1.9\system\CodeIgniter.php(419): CodeIgniter\CodeIgniter->runController(Object(App\Controllers\Home))
#2 C:\Users\ss\Downloads\tbl baru\CodeIgniter4-4.1.9\system\CodeIgniter.php(326): CodeIgniter\CodeIgniter->handleRequest(NULL, Object(Config\Cache), false)
#3 C:\Users\ss\Downloads\tbl baru\CodeIgniter4-4.1.9\public\index.php(36): CodeIgniter\CodeIgniter->run()
#4 C:\Users\ss\Downloads\tbl baru\CodeIgniter4-4.1.9\system\Commands\Server\rewrite.php(43): require_once('C:\\Users\\ss\\Dow...')
#5 {main}
CRITICAL - 2024-10-28 23:55:26 --> Class 'TCPDF' not found
#0 C:\Users\ss\Downloads\tbl baru\CodeIgniter4-4.1.9\system\CodeIgniter.php(832): App\Controllers\Home->pdflaporanbrgmsk()
#1 C:\Users\ss\Downloads\tbl baru\CodeIgniter4-4.1.9\system\CodeIgniter.php(419): CodeIgniter\CodeIgniter->runController(Object(App\Controllers\Home))
#2 C:\Users\ss\Downloads\tbl baru\CodeIgniter4-4.1.9\system\CodeIgniter.php(326): CodeIgniter\CodeIgniter->handleRequest(NULL, Object(Config\Cache), false)
#3 C:\Users\ss\Downloads\tbl baru\CodeIgniter4-4.1.9\public\index.php(36): CodeIgniter\CodeIgniter->run()
#4 C:\Users\ss\Downloads\tbl baru\CodeIgniter4-4.1.9\system\Commands\Server\rewrite.php(43): require_once('C:\\Users\\ss\\Dow...')
#5 {main}
