ERROR - 2024-11-20 17:47:35 --> Error connecting to the database: No connection could be made because the target machine actively refused it.

CRITICAL - 2024-11-20 17:47:35 --> Unable to connect to the database.
Main connection [MySQLi]: No connection could be made because the target machine actively refused it.

#0 C:\Users\ss\Downloads\uang_kas\CodeIgniter4-4.1.9\system\Database\BaseConnection.php(577): CodeIgniter\Database\BaseConnection->initialize()
#1 C:\Users\ss\Downloads\uang_kas\CodeIgniter4-4.1.9\system\Database\BaseBuilder.php(1588): CodeIgniter\Database\BaseConnection->query('SELECT *\nFROM `...', Array, false)
#2 C:\Users\ss\Downloads\uang_kas\CodeIgniter4-4.1.9\app\Models\Msskece.php(39): CodeIgniter\Database\BaseBuilder->getWhere(Array)
#3 C:\Users\ss\Downloads\uang_kas\CodeIgniter4-4.1.9\app\Controllers\Home.php(49): App\Models\Msskece->getWhere('tabel_user', Array)
#4 C:\Users\ss\Downloads\uang_kas\CodeIgniter4-4.1.9\system\CodeIgniter.php(832): App\Controllers\Home->aksi_login()
#5 C:\Users\ss\Downloads\uang_kas\CodeIgniter4-4.1.9\system\CodeIgniter.php(419): CodeIgniter\CodeIgniter->runController(Object(App\Controllers\Home))
#6 C:\Users\ss\Downloads\uang_kas\CodeIgniter4-4.1.9\system\CodeIgniter.php(326): CodeIgniter\CodeIgniter->handleRequest(NULL, Object(Config\Cache), false)
#7 C:\Users\ss\Downloads\uang_kas\CodeIgniter4-4.1.9\public\index.php(36): CodeIgniter\CodeIgniter->run()
#8 C:\Users\ss\Downloads\uang_kas\CodeIgniter4-4.1.9\system\Commands\Server\rewrite.php(43): require_once('C:\\Users\\ss\\Dow...')
#9 {main}
CRITICAL - 2024-11-20 18:58:39 --> syntax error, unexpected 'public' (T_PUBLIC)
#0 C:\Users\ss\Downloads\uang_kas\CodeIgniter4-4.1.9\system\Router\Router.php(175): CodeIgniter\Router\Router->autoRoute('home/dashboard')
#1 C:\Users\ss\Downloads\uang_kas\CodeIgniter4-4.1.9\system\CodeIgniter.php(726): CodeIgniter\Router\Router->handle('home/dashboard')
#2 C:\Users\ss\Downloads\uang_kas\CodeIgniter4-4.1.9\system\CodeIgniter.php(368): CodeIgniter\CodeIgniter->tryToRouteIt(Object(CodeIgniter\Router\RouteCollection))
#3 C:\Users\ss\Downloads\uang_kas\CodeIgniter4-4.1.9\system\CodeIgniter.php(326): CodeIgniter\CodeIgniter->handleRequest(NULL, Object(Config\Cache), false)
#4 C:\Users\ss\Downloads\uang_kas\CodeIgniter4-4.1.9\public\index.php(36): CodeIgniter\CodeIgniter->run()
#5 C:\Users\ss\Downloads\uang_kas\CodeIgniter4-4.1.9\system\Commands\Server\rewrite.php(43): require_once('C:\\Users\\ss\\Dow...')
#6 {main}
CRITICAL - 2024-11-20 18:58:52 --> syntax error, unexpected 'public' (T_PUBLIC)
#0 C:\Users\ss\Downloads\uang_kas\CodeIgniter4-4.1.9\system\Router\Router.php(175): CodeIgniter\Router\Router->autoRoute('home/dashboard')
#1 C:\Users\ss\Downloads\uang_kas\CodeIgniter4-4.1.9\system\CodeIgniter.php(726): CodeIgniter\Router\Router->handle('home/dashboard')
#2 C:\Users\ss\Downloads\uang_kas\CodeIgniter4-4.1.9\system\CodeIgniter.php(368): CodeIgniter\CodeIgniter->tryToRouteIt(Object(CodeIgniter\Router\RouteCollection))
#3 C:\Users\ss\Downloads\uang_kas\CodeIgniter4-4.1.9\system\CodeIgniter.php(326): CodeIgniter\CodeIgniter->handleRequest(NULL, Object(Config\Cache), false)
#4 C:\Users\ss\Downloads\uang_kas\CodeIgniter4-4.1.9\public\index.php(36): CodeIgniter\CodeIgniter->run()
#5 C:\Users\ss\Downloads\uang_kas\CodeIgniter4-4.1.9\system\Commands\Server\rewrite.php(43): require_once('C:\\Users\\ss\\Dow...')
#6 {main}
CRITICAL - 2024-11-20 18:59:04 --> syntax error, unexpected end of file, expecting function (T_FUNCTION) or const (T_CONST)
#0 C:\Users\ss\Downloads\uang_kas\CodeIgniter4-4.1.9\system\Router\Router.php(175): CodeIgniter\Router\Router->autoRoute('home/dashboard')
#1 C:\Users\ss\Downloads\uang_kas\CodeIgniter4-4.1.9\system\CodeIgniter.php(726): CodeIgniter\Router\Router->handle('home/dashboard')
#2 C:\Users\ss\Downloads\uang_kas\CodeIgniter4-4.1.9\system\CodeIgniter.php(368): CodeIgniter\CodeIgniter->tryToRouteIt(Object(CodeIgniter\Router\RouteCollection))
#3 C:\Users\ss\Downloads\uang_kas\CodeIgniter4-4.1.9\system\CodeIgniter.php(326): CodeIgniter\CodeIgniter->handleRequest(NULL, Object(Config\Cache), false)
#4 C:\Users\ss\Downloads\uang_kas\CodeIgniter4-4.1.9\public\index.php(36): CodeIgniter\CodeIgniter->run()
#5 C:\Users\ss\Downloads\uang_kas\CodeIgniter4-4.1.9\system\Commands\Server\rewrite.php(43): require_once('C:\\Users\\ss\\Dow...')
#6 {main}
ERROR - 2024-11-20 18:59:17 --> Unknown column 'tabel_pemasukan.id_siswa' in 'on clause'
CRITICAL - 2024-11-20 18:59:17 --> Call to a member function getResult() on bool
#0 C:\Users\ss\Downloads\uang_kas\CodeIgniter4-4.1.9\app\Controllers\Home.php(466): App\Models\Msskece->join('tabel_uang_kas', 'siswa', 'tabel_pemasukan...')
#1 C:\Users\ss\Downloads\uang_kas\CodeIgniter4-4.1.9\system\CodeIgniter.php(832): App\Controllers\Home->tabel_uangkas1()
#2 C:\Users\ss\Downloads\uang_kas\CodeIgniter4-4.1.9\system\CodeIgniter.php(419): CodeIgniter\CodeIgniter->runController(Object(App\Controllers\Home))
#3 C:\Users\ss\Downloads\uang_kas\CodeIgniter4-4.1.9\system\CodeIgniter.php(326): CodeIgniter\CodeIgniter->handleRequest(NULL, Object(Config\Cache), false)
#4 C:\Users\ss\Downloads\uang_kas\CodeIgniter4-4.1.9\public\index.php(36): CodeIgniter\CodeIgniter->run()
#5 C:\Users\ss\Downloads\uang_kas\CodeIgniter4-4.1.9\system\Commands\Server\rewrite.php(43): require_once('C:\\Users\\ss\\Dow...')
#6 {main}
CRITICAL - 2024-11-20 18:59:40 --> Invalid argument supplied for foreach()
#0 C:\Users\ss\Downloads\uang_kas\CodeIgniter4-4.1.9\app\Views\uangkas.php(38): CodeIgniter\Debug\Exceptions->errorHandler(2, 'Invalid argumen...', 'C:\\Users\\ss\\Dow...', 38, Array)
#1 C:\Users\ss\Downloads\uang_kas\CodeIgniter4-4.1.9\system\View\View.php(210): include('C:\\Users\\ss\\Dow...')
#2 C:\Users\ss\Downloads\uang_kas\CodeIgniter4-4.1.9\system\View\View.php(213): CodeIgniter\View\View->CodeIgniter\View\{closure}()
#3 C:\Users\ss\Downloads\uang_kas\CodeIgniter4-4.1.9\system\Common.php(1089): CodeIgniter\View\View->render('uangkas', Array, true)
#4 C:\Users\ss\Downloads\uang_kas\CodeIgniter4-4.1.9\app\Controllers\Home.php(469): view('uangkas', Array)
#5 C:\Users\ss\Downloads\uang_kas\CodeIgniter4-4.1.9\system\CodeIgniter.php(832): App\Controllers\Home->tabel_uangkas1()
#6 C:\Users\ss\Downloads\uang_kas\CodeIgniter4-4.1.9\system\CodeIgniter.php(419): CodeIgniter\CodeIgniter->runController(Object(App\Controllers\Home))
#7 C:\Users\ss\Downloads\uang_kas\CodeIgniter4-4.1.9\system\CodeIgniter.php(326): CodeIgniter\CodeIgniter->handleRequest(NULL, Object(Config\Cache), false)
#8 C:\Users\ss\Downloads\uang_kas\CodeIgniter4-4.1.9\public\index.php(36): CodeIgniter\CodeIgniter->run()
#9 C:\Users\ss\Downloads\uang_kas\CodeIgniter4-4.1.9\system\Commands\Server\rewrite.php(43): require_once('C:\\Users\\ss\\Dow...')
#10 {main}
ERROR - 2024-11-20 19:07:03 --> Column 'id_siswa' cannot be null
ERROR - 2024-11-20 19:24:41 --> Duplicate entry '4' for key 'id_siswa'
ERROR - 2024-11-20 19:38:44 --> Duplicate entry '4' for key 'id_siswa'
ERROR - 2024-11-20 19:39:31 --> Column 'id_siswa' cannot be null
ERROR - 2024-11-20 19:41:12 --> Duplicate entry '4' for key 'id_siswa'
ERROR - 2024-11-20 19:43:22 --> Column 'id_siswa' cannot be null
ERROR - 2024-11-20 19:49:38 --> Column 'id_siswa' cannot be null
