CRITICAL - 2024-10-04 08:55:00 --> Invalid file: tblbarangmasuk.php
#0 C:\Users\lenovo\Downloads\tbl baru\CodeIgniter4-4.1.9\system\View\View.php(198): CodeIgniter\Exceptions\FrameworkException::forInvalidFile('tblbarangmasuk....')
#1 C:\Users\lenovo\Downloads\tbl baru\CodeIgniter4-4.1.9\system\Common.php(1089): CodeIgniter\View\View->render('tblbarangmasuk....', Array, true)
#2 C:\Users\lenovo\Downloads\tbl baru\CodeIgniter4-4.1.9\app\Controllers\Home.php(77): view('tblbarangmasuk....')
#3 C:\Users\lenovo\Downloads\tbl baru\CodeIgniter4-4.1.9\system\CodeIgniter.php(832): App\Controllers\Home->tblbarangmasuk()
#4 C:\Users\lenovo\Downloads\tbl baru\CodeIgniter4-4.1.9\system\CodeIgniter.php(419): CodeIgniter\CodeIgniter->runController(Object(App\Controllers\Home))
#5 C:\Users\lenovo\Downloads\tbl baru\CodeIgniter4-4.1.9\system\CodeIgniter.php(326): CodeIgniter\CodeIgniter->handleRequest(NULL, Object(Config\Cache), false)
#6 C:\Users\lenovo\Downloads\tbl baru\CodeIgniter4-4.1.9\public\index.php(37): CodeIgniter\CodeIgniter->run()
#7 C:\Users\lenovo\Downloads\tbl baru\CodeIgniter4-4.1.9\system\Commands\Server\rewrite.php(43): require_once('C:\\Users\\lenovo...')
#8 {main}
CRITICAL - 2024-10-04 08:55:06 --> Invalid file: tblbarangmasuk.php
#0 C:\Users\lenovo\Downloads\tbl baru\CodeIgniter4-4.1.9\system\View\View.php(198): CodeIgniter\Exceptions\FrameworkException::forInvalidFile('tblbarangmasuk....')
#1 C:\Users\lenovo\Downloads\tbl baru\CodeIgniter4-4.1.9\system\Common.php(1089): CodeIgniter\View\View->render('tblbarangmasuk....', Array, true)
#2 C:\Users\lenovo\Downloads\tbl baru\CodeIgniter4-4.1.9\app\Controllers\Home.php(77): view('tblbarangmasuk....')
#3 C:\Users\lenovo\Downloads\tbl baru\CodeIgniter4-4.1.9\system\CodeIgniter.php(832): App\Controllers\Home->tblbarangmasuk()
#4 C:\Users\lenovo\Downloads\tbl baru\CodeIgniter4-4.1.9\system\CodeIgniter.php(419): CodeIgniter\CodeIgniter->runController(Object(App\Controllers\Home))
#5 C:\Users\lenovo\Downloads\tbl baru\CodeIgniter4-4.1.9\system\CodeIgniter.php(326): CodeIgniter\CodeIgniter->handleRequest(NULL, Object(Config\Cache), false)
#6 C:\Users\lenovo\Downloads\tbl baru\CodeIgniter4-4.1.9\public\index.php(37): CodeIgniter\CodeIgniter->run()
#7 C:\Users\lenovo\Downloads\tbl baru\CodeIgniter4-4.1.9\system\Commands\Server\rewrite.php(43): require_once('C:\\Users\\lenovo...')
#8 {main}
CRITICAL - 2024-10-04 08:55:22 --> Call to undefined method App\Models\Msskece::simpan_barang1
#0 C:\Users\lenovo\Downloads\tbl baru\CodeIgniter4-4.1.9\app\Controllers\Home.php(211): CodeIgniter\Model->__call('simpan_barang1', Array)
#1 C:\Users\lenovo\Downloads\tbl baru\CodeIgniter4-4.1.9\system\CodeIgniter.php(832): App\Controllers\Home->input_barang1()
#2 C:\Users\lenovo\Downloads\tbl baru\CodeIgniter4-4.1.9\system\CodeIgniter.php(419): CodeIgniter\CodeIgniter->runController(Object(App\Controllers\Home))
#3 C:\Users\lenovo\Downloads\tbl baru\CodeIgniter4-4.1.9\system\CodeIgniter.php(326): CodeIgniter\CodeIgniter->handleRequest(NULL, Object(Config\Cache), false)
#4 C:\Users\lenovo\Downloads\tbl baru\CodeIgniter4-4.1.9\public\index.php(37): CodeIgniter\CodeIgniter->run()
#5 C:\Users\lenovo\Downloads\tbl baru\CodeIgniter4-4.1.9\system\Commands\Server\rewrite.php(43): require_once('C:\\Users\\lenovo...')
#6 {main}
CRITICAL - 2024-10-04 08:55:46 --> Call to undefined method App\Models\Msskece::simpan_barang1
#0 C:\Users\lenovo\Downloads\tbl baru\CodeIgniter4-4.1.9\app\Controllers\Home.php(211): CodeIgniter\Model->__call('simpan_barang1', Array)
#1 C:\Users\lenovo\Downloads\tbl baru\CodeIgniter4-4.1.9\system\CodeIgniter.php(832): App\Controllers\Home->input_barang1()
#2 C:\Users\lenovo\Downloads\tbl baru\CodeIgniter4-4.1.9\system\CodeIgniter.php(419): CodeIgniter\CodeIgniter->runController(Object(App\Controllers\Home))
#3 C:\Users\lenovo\Downloads\tbl baru\CodeIgniter4-4.1.9\system\CodeIgniter.php(326): CodeIgniter\CodeIgniter->handleRequest(NULL, Object(Config\Cache), false)
#4 C:\Users\lenovo\Downloads\tbl baru\CodeIgniter4-4.1.9\public\index.php(37): CodeIgniter\CodeIgniter->run()
#5 C:\Users\lenovo\Downloads\tbl baru\CodeIgniter4-4.1.9\system\Commands\Server\rewrite.php(43): require_once('C:\\Users\\lenovo...')
#6 {main}
CRITICAL - 2024-10-04 08:56:58 --> syntax error, unexpected end of file, expecting function (T_FUNCTION) or const (T_CONST)
#0 C:\Users\lenovo\Downloads\tbl baru\CodeIgniter4-4.1.9\system\Autoloader\Autoloader.php(241): CodeIgniter\Autoloader\Autoloader->includeFile('C:\\Users\\lenovo...')
#1 C:\Users\lenovo\Downloads\tbl baru\CodeIgniter4-4.1.9\system\Autoloader\Autoloader.php(219): CodeIgniter\Autoloader\Autoloader->loadInNamespace('App\\Models\\Mssk...')
#2 [internal function]: CodeIgniter\Autoloader\Autoloader->loadClass('App\\Models\\Mssk...')
#3 C:\Users\lenovo\Downloads\tbl baru\CodeIgniter4-4.1.9\app\Controllers\Home.php(204): spl_autoload_call('App\\Models\\Mssk...')
#4 C:\Users\lenovo\Downloads\tbl baru\CodeIgniter4-4.1.9\system\CodeIgniter.php(832): App\Controllers\Home->input_barang1()
#5 C:\Users\lenovo\Downloads\tbl baru\CodeIgniter4-4.1.9\system\CodeIgniter.php(419): CodeIgniter\CodeIgniter->runController(Object(App\Controllers\Home))
#6 C:\Users\lenovo\Downloads\tbl baru\CodeIgniter4-4.1.9\system\CodeIgniter.php(326): CodeIgniter\CodeIgniter->handleRequest(NULL, Object(Config\Cache), false)
#7 C:\Users\lenovo\Downloads\tbl baru\CodeIgniter4-4.1.9\public\index.php(37): CodeIgniter\CodeIgniter->run()
#8 C:\Users\lenovo\Downloads\tbl baru\CodeIgniter4-4.1.9\system\Commands\Server\rewrite.php(43): require_once('C:\\Users\\lenovo...')
#9 {main}
ERROR - 2024-10-04 08:57:22 --> Unknown column 'jumlah' in 'field list'
CRITICAL - 2024-10-04 08:57:22 --> Invalid argument supplied for foreach()
#0 C:\Users\lenovo\Downloads\tbl baru\CodeIgniter4-4.1.9\app\Views\barangmasuk.php(17): CodeIgniter\Debug\Exceptions->errorHandler(2, 'Invalid argumen...', 'C:\\Users\\lenovo...', 17, Array)
#1 C:\Users\lenovo\Downloads\tbl baru\CodeIgniter4-4.1.9\system\View\View.php(210): include('C:\\Users\\lenovo...')
#2 C:\Users\lenovo\Downloads\tbl baru\CodeIgniter4-4.1.9\system\View\View.php(213): CodeIgniter\View\View->CodeIgniter\View\{closure}()
#3 C:\Users\lenovo\Downloads\tbl baru\CodeIgniter4-4.1.9\system\Common.php(1089): CodeIgniter\View\View->render('barangmasuk.php', Array, true)
#4 C:\Users\lenovo\Downloads\tbl baru\CodeIgniter4-4.1.9\app\Controllers\Home.php(41): view('barangmasuk.php')
#5 C:\Users\lenovo\Downloads\tbl baru\CodeIgniter4-4.1.9\system\CodeIgniter.php(832): App\Controllers\Home->barangmasuk()
#6 C:\Users\lenovo\Downloads\tbl baru\CodeIgniter4-4.1.9\system\CodeIgniter.php(419): CodeIgniter\CodeIgniter->runController(Object(App\Controllers\Home))
#7 C:\Users\lenovo\Downloads\tbl baru\CodeIgniter4-4.1.9\system\CodeIgniter.php(326): CodeIgniter\CodeIgniter->handleRequest(NULL, Object(Config\Cache), false)
#8 C:\Users\lenovo\Downloads\tbl baru\CodeIgniter4-4.1.9\public\index.php(37): CodeIgniter\CodeIgniter->run()
#9 C:\Users\lenovo\Downloads\tbl baru\CodeIgniter4-4.1.9\system\Commands\Server\rewrite.php(43): require_once('C:\\Users\\lenovo...')
#10 {main}
CRITICAL - 2024-10-04 09:02:41 --> Invalid argument supplied for foreach()
#0 C:\Users\lenovo\Downloads\tbl baru\CodeIgniter4-4.1.9\app\Views\barangmasuk.php(17): CodeIgniter\Debug\Exceptions->errorHandler(2, 'Invalid argumen...', 'C:\\Users\\lenovo...', 17, Array)
#1 C:\Users\lenovo\Downloads\tbl baru\CodeIgniter4-4.1.9\system\View\View.php(210): include('C:\\Users\\lenovo...')
#2 C:\Users\lenovo\Downloads\tbl baru\CodeIgniter4-4.1.9\system\View\View.php(213): CodeIgniter\View\View->CodeIgniter\View\{closure}()
#3 C:\Users\lenovo\Downloads\tbl baru\CodeIgniter4-4.1.9\system\Common.php(1089): CodeIgniter\View\View->render('barangmasuk.php', Array, true)
#4 C:\Users\lenovo\Downloads\tbl baru\CodeIgniter4-4.1.9\app\Controllers\Home.php(41): view('barangmasuk.php')
#5 C:\Users\lenovo\Downloads\tbl baru\CodeIgniter4-4.1.9\system\CodeIgniter.php(832): App\Controllers\Home->barangmasuk()
#6 C:\Users\lenovo\Downloads\tbl baru\CodeIgniter4-4.1.9\system\CodeIgniter.php(419): CodeIgniter\CodeIgniter->runController(Object(App\Controllers\Home))
#7 C:\Users\lenovo\Downloads\tbl baru\CodeIgniter4-4.1.9\system\CodeIgniter.php(326): CodeIgniter\CodeIgniter->handleRequest(NULL, Object(Config\Cache), false)
#8 C:\Users\lenovo\Downloads\tbl baru\CodeIgniter4-4.1.9\public\index.php(37): CodeIgniter\CodeIgniter->run()
#9 C:\Users\lenovo\Downloads\tbl baru\CodeIgniter4-4.1.9\system\Commands\Server\rewrite.php(43): require_once('C:\\Users\\lenovo...')
#10 {main}
CRITICAL - 2024-10-04 09:05:47 --> Invalid argument supplied for foreach()
#0 C:\Users\lenovo\Downloads\tbl baru\CodeIgniter4-4.1.9\app\Views\barangmasuk.php(17): CodeIgniter\Debug\Exceptions->errorHandler(2, 'Invalid argumen...', 'C:\\Users\\lenovo...', 17, Array)
#1 C:\Users\lenovo\Downloads\tbl baru\CodeIgniter4-4.1.9\system\View\View.php(210): include('C:\\Users\\lenovo...')
#2 C:\Users\lenovo\Downloads\tbl baru\CodeIgniter4-4.1.9\system\View\View.php(213): CodeIgniter\View\View->CodeIgniter\View\{closure}()
#3 C:\Users\lenovo\Downloads\tbl baru\CodeIgniter4-4.1.9\system\Common.php(1089): CodeIgniter\View\View->render('barangmasuk.php', Array, true)
#4 C:\Users\lenovo\Downloads\tbl baru\CodeIgniter4-4.1.9\app\Controllers\Home.php(41): view('barangmasuk.php')
#5 C:\Users\lenovo\Downloads\tbl baru\CodeIgniter4-4.1.9\system\CodeIgniter.php(832): App\Controllers\Home->barangmasuk()
#6 C:\Users\lenovo\Downloads\tbl baru\CodeIgniter4-4.1.9\system\CodeIgniter.php(419): CodeIgniter\CodeIgniter->runController(Object(App\Controllers\Home))
#7 C:\Users\lenovo\Downloads\tbl baru\CodeIgniter4-4.1.9\system\CodeIgniter.php(326): CodeIgniter\CodeIgniter->handleRequest(NULL, Object(Config\Cache), false)
#8 C:\Users\lenovo\Downloads\tbl baru\CodeIgniter4-4.1.9\public\index.php(37): CodeIgniter\CodeIgniter->run()
#9 C:\Users\lenovo\Downloads\tbl baru\CodeIgniter4-4.1.9\system\Commands\Server\rewrite.php(43): require_once('C:\\Users\\lenovo...')
#10 {main}
CRITICAL - 2024-10-04 09:05:49 --> Invalid argument supplied for foreach()
#0 C:\Users\lenovo\Downloads\tbl baru\CodeIgniter4-4.1.9\app\Views\barangmasuk.php(17): CodeIgniter\Debug\Exceptions->errorHandler(2, 'Invalid argumen...', 'C:\\Users\\lenovo...', 17, Array)
#1 C:\Users\lenovo\Downloads\tbl baru\CodeIgniter4-4.1.9\system\View\View.php(210): include('C:\\Users\\lenovo...')
#2 C:\Users\lenovo\Downloads\tbl baru\CodeIgniter4-4.1.9\system\View\View.php(213): CodeIgniter\View\View->CodeIgniter\View\{closure}()
#3 C:\Users\lenovo\Downloads\tbl baru\CodeIgniter4-4.1.9\system\Common.php(1089): CodeIgniter\View\View->render('barangmasuk.php', Array, true)
#4 C:\Users\lenovo\Downloads\tbl baru\CodeIgniter4-4.1.9\app\Controllers\Home.php(41): view('barangmasuk.php')
#5 C:\Users\lenovo\Downloads\tbl baru\CodeIgniter4-4.1.9\system\CodeIgniter.php(832): App\Controllers\Home->barangmasuk()
#6 C:\Users\lenovo\Downloads\tbl baru\CodeIgniter4-4.1.9\system\CodeIgniter.php(419): CodeIgniter\CodeIgniter->runController(Object(App\Controllers\Home))
#7 C:\Users\lenovo\Downloads\tbl baru\CodeIgniter4-4.1.9\system\CodeIgniter.php(326): CodeIgniter\CodeIgniter->handleRequest(NULL, Object(Config\Cache), false)
#8 C:\Users\lenovo\Downloads\tbl baru\CodeIgniter4-4.1.9\public\index.php(37): CodeIgniter\CodeIgniter->run()
#9 C:\Users\lenovo\Downloads\tbl baru\CodeIgniter4-4.1.9\system\Commands\Server\rewrite.php(43): require_once('C:\\Users\\lenovo...')
#10 {main}
CRITICAL - 2024-10-04 09:06:00 --> Invalid argument supplied for foreach()
#0 C:\Users\lenovo\Downloads\tbl baru\CodeIgniter4-4.1.9\app\Views\barangmasuk.php(17): CodeIgniter\Debug\Exceptions->errorHandler(2, 'Invalid argumen...', 'C:\\Users\\lenovo...', 17, Array)
#1 C:\Users\lenovo\Downloads\tbl baru\CodeIgniter4-4.1.9\system\View\View.php(210): include('C:\\Users\\lenovo...')
#2 C:\Users\lenovo\Downloads\tbl baru\CodeIgniter4-4.1.9\system\View\View.php(213): CodeIgniter\View\View->CodeIgniter\View\{closure}()
#3 C:\Users\lenovo\Downloads\tbl baru\CodeIgniter4-4.1.9\system\Common.php(1089): CodeIgniter\View\View->render('barangmasuk.php', Array, true)
#4 C:\Users\lenovo\Downloads\tbl baru\CodeIgniter4-4.1.9\app\Controllers\Home.php(41): view('barangmasuk.php')
#5 C:\Users\lenovo\Downloads\tbl baru\CodeIgniter4-4.1.9\system\CodeIgniter.php(832): App\Controllers\Home->barangmasuk()
#6 C:\Users\lenovo\Downloads\tbl baru\CodeIgniter4-4.1.9\system\CodeIgniter.php(419): CodeIgniter\CodeIgniter->runController(Object(App\Controllers\Home))
#7 C:\Users\lenovo\Downloads\tbl baru\CodeIgniter4-4.1.9\system\CodeIgniter.php(326): CodeIgniter\CodeIgniter->handleRequest(NULL, Object(Config\Cache), false)
#8 C:\Users\lenovo\Downloads\tbl baru\CodeIgniter4-4.1.9\public\index.php(37): CodeIgniter\CodeIgniter->run()
#9 C:\Users\lenovo\Downloads\tbl baru\CodeIgniter4-4.1.9\system\Commands\Server\rewrite.php(43): require_once('C:\\Users\\lenovo...')
#10 {main}
ERROR - 2024-10-04 09:10:06 --> Unknown column 'jumlah' in 'field list'
CRITICAL - 2024-10-04 09:10:06 --> Invalid argument supplied for foreach()
#0 C:\Users\lenovo\Downloads\tbl baru\CodeIgniter4-4.1.9\app\Views\barangmasuk.php(17): CodeIgniter\Debug\Exceptions->errorHandler(2, 'Invalid argumen...', 'C:\\Users\\lenovo...', 17, Array)
#1 C:\Users\lenovo\Downloads\tbl baru\CodeIgniter4-4.1.9\system\View\View.php(210): include('C:\\Users\\lenovo...')
#2 C:\Users\lenovo\Downloads\tbl baru\CodeIgniter4-4.1.9\system\View\View.php(213): CodeIgniter\View\View->CodeIgniter\View\{closure}()
#3 C:\Users\lenovo\Downloads\tbl baru\CodeIgniter4-4.1.9\system\Common.php(1089): CodeIgniter\View\View->render('barangmasuk.php', Array, true)
#4 C:\Users\lenovo\Downloads\tbl baru\CodeIgniter4-4.1.9\app\Controllers\Home.php(41): view('barangmasuk.php')
#5 C:\Users\lenovo\Downloads\tbl baru\CodeIgniter4-4.1.9\system\CodeIgniter.php(832): App\Controllers\Home->barangmasuk()
#6 C:\Users\lenovo\Downloads\tbl baru\CodeIgniter4-4.1.9\system\CodeIgniter.php(419): CodeIgniter\CodeIgniter->runController(Object(App\Controllers\Home))
#7 C:\Users\lenovo\Downloads\tbl baru\CodeIgniter4-4.1.9\system\CodeIgniter.php(326): CodeIgniter\CodeIgniter->handleRequest(NULL, Object(Config\Cache), false)
#8 C:\Users\lenovo\Downloads\tbl baru\CodeIgniter4-4.1.9\public\index.php(37): CodeIgniter\CodeIgniter->run()
#9 C:\Users\lenovo\Downloads\tbl baru\CodeIgniter4-4.1.9\system\Commands\Server\rewrite.php(43): require_once('C:\\Users\\lenovo...')
#10 {main}
ERROR - 2024-10-04 09:28:50 --> Unknown column 'jumlah' in 'field list'
CRITICAL - 2024-10-04 09:28:51 --> Invalid argument supplied for foreach()
#0 C:\Users\lenovo\Downloads\tbl baru\CodeIgniter4-4.1.9\app\Views\barangmasuk.php(17): CodeIgniter\Debug\Exceptions->errorHandler(2, 'Invalid argumen...', 'C:\\Users\\lenovo...', 17, Array)
#1 C:\Users\lenovo\Downloads\tbl baru\CodeIgniter4-4.1.9\system\View\View.php(210): include('C:\\Users\\lenovo...')
#2 C:\Users\lenovo\Downloads\tbl baru\CodeIgniter4-4.1.9\system\View\View.php(213): CodeIgniter\View\View->CodeIgniter\View\{closure}()
#3 C:\Users\lenovo\Downloads\tbl baru\CodeIgniter4-4.1.9\system\Common.php(1089): CodeIgniter\View\View->render('barangmasuk.php', Array, true)
#4 C:\Users\lenovo\Downloads\tbl baru\CodeIgniter4-4.1.9\app\Controllers\Home.php(41): view('barangmasuk.php')
#5 C:\Users\lenovo\Downloads\tbl baru\CodeIgniter4-4.1.9\system\CodeIgniter.php(832): App\Controllers\Home->barangmasuk()
#6 C:\Users\lenovo\Downloads\tbl baru\CodeIgniter4-4.1.9\system\CodeIgniter.php(419): CodeIgniter\CodeIgniter->runController(Object(App\Controllers\Home))
#7 C:\Users\lenovo\Downloads\tbl baru\CodeIgniter4-4.1.9\system\CodeIgniter.php(326): CodeIgniter\CodeIgniter->handleRequest(NULL, Object(Config\Cache), false)
#8 C:\Users\lenovo\Downloads\tbl baru\CodeIgniter4-4.1.9\public\index.php(37): CodeIgniter\CodeIgniter->run()
#9 C:\Users\lenovo\Downloads\tbl baru\CodeIgniter4-4.1.9\system\Commands\Server\rewrite.php(43): require_once('C:\\Users\\lenovo...')
#10 {main}
CRITICAL - 2024-10-04 09:31:18 --> Invalid argument supplied for foreach()
#0 C:\Users\lenovo\Downloads\tbl baru\CodeIgniter4-4.1.9\app\Views\barangmasuk.php(17): CodeIgniter\Debug\Exceptions->errorHandler(2, 'Invalid argumen...', 'C:\\Users\\lenovo...', 17, Array)
#1 C:\Users\lenovo\Downloads\tbl baru\CodeIgniter4-4.1.9\system\View\View.php(210): include('C:\\Users\\lenovo...')
#2 C:\Users\lenovo\Downloads\tbl baru\CodeIgniter4-4.1.9\system\View\View.php(213): CodeIgniter\View\View->CodeIgniter\View\{closure}()
#3 C:\Users\lenovo\Downloads\tbl baru\CodeIgniter4-4.1.9\system\Common.php(1089): CodeIgniter\View\View->render('barangmasuk.php', Array, true)
#4 C:\Users\lenovo\Downloads\tbl baru\CodeIgniter4-4.1.9\app\Controllers\Home.php(41): view('barangmasuk.php')
#5 C:\Users\lenovo\Downloads\tbl baru\CodeIgniter4-4.1.9\system\CodeIgniter.php(832): App\Controllers\Home->barangmasuk()
#6 C:\Users\lenovo\Downloads\tbl baru\CodeIgniter4-4.1.9\system\CodeIgniter.php(419): CodeIgniter\CodeIgniter->runController(Object(App\Controllers\Home))
#7 C:\Users\lenovo\Downloads\tbl baru\CodeIgniter4-4.1.9\system\CodeIgniter.php(326): CodeIgniter\CodeIgniter->handleRequest(NULL, Object(Config\Cache), false)
#8 C:\Users\lenovo\Downloads\tbl baru\CodeIgniter4-4.1.9\public\index.php(37): CodeIgniter\CodeIgniter->run()
#9 C:\Users\lenovo\Downloads\tbl baru\CodeIgniter4-4.1.9\system\Commands\Server\rewrite.php(43): require_once('C:\\Users\\lenovo...')
#10 {main}
CRITICAL - 2024-10-04 09:34:07 --> Invalid argument supplied for foreach()
#0 C:\Users\lenovo\Downloads\tbl baru\CodeIgniter4-4.1.9\app\Views\barangmasuk.php(17): CodeIgniter\Debug\Exceptions->errorHandler(2, 'Invalid argumen...', 'C:\\Users\\lenovo...', 17, Array)
#1 C:\Users\lenovo\Downloads\tbl baru\CodeIgniter4-4.1.9\system\View\View.php(210): include('C:\\Users\\lenovo...')
#2 C:\Users\lenovo\Downloads\tbl baru\CodeIgniter4-4.1.9\system\View\View.php(213): CodeIgniter\View\View->CodeIgniter\View\{closure}()
#3 C:\Users\lenovo\Downloads\tbl baru\CodeIgniter4-4.1.9\system\Common.php(1089): CodeIgniter\View\View->render('barangmasuk.php', Array, true)
#4 C:\Users\lenovo\Downloads\tbl baru\CodeIgniter4-4.1.9\app\Controllers\Home.php(41): view('barangmasuk.php')
#5 C:\Users\lenovo\Downloads\tbl baru\CodeIgniter4-4.1.9\system\CodeIgniter.php(832): App\Controllers\Home->barangmasuk()
#6 C:\Users\lenovo\Downloads\tbl baru\CodeIgniter4-4.1.9\system\CodeIgniter.php(419): CodeIgniter\CodeIgniter->runController(Object(App\Controllers\Home))
#7 C:\Users\lenovo\Downloads\tbl baru\CodeIgniter4-4.1.9\system\CodeIgniter.php(326): CodeIgniter\CodeIgniter->handleRequest(NULL, Object(Config\Cache), false)
#8 C:\Users\lenovo\Downloads\tbl baru\CodeIgniter4-4.1.9\public\index.php(37): CodeIgniter\CodeIgniter->run()
#9 C:\Users\lenovo\Downloads\tbl baru\CodeIgniter4-4.1.9\system\Commands\Server\rewrite.php(43): require_once('C:\\Users\\lenovo...')
#10 {main}
CRITICAL - 2024-10-04 09:34:28 --> Invalid argument supplied for foreach()
#0 C:\Users\lenovo\Downloads\tbl baru\CodeIgniter4-4.1.9\app\Views\barangmasuk.php(17): CodeIgniter\Debug\Exceptions->errorHandler(2, 'Invalid argumen...', 'C:\\Users\\lenovo...', 17, Array)
#1 C:\Users\lenovo\Downloads\tbl baru\CodeIgniter4-4.1.9\system\View\View.php(210): include('C:\\Users\\lenovo...')
#2 C:\Users\lenovo\Downloads\tbl baru\CodeIgniter4-4.1.9\system\View\View.php(213): CodeIgniter\View\View->CodeIgniter\View\{closure}()
#3 C:\Users\lenovo\Downloads\tbl baru\CodeIgniter4-4.1.9\system\Common.php(1089): CodeIgniter\View\View->render('barangmasuk.php', Array, true)
#4 C:\Users\lenovo\Downloads\tbl baru\CodeIgniter4-4.1.9\app\Controllers\Home.php(41): view('barangmasuk.php')
#5 C:\Users\lenovo\Downloads\tbl baru\CodeIgniter4-4.1.9\system\CodeIgniter.php(832): App\Controllers\Home->barangmasuk()
#6 C:\Users\lenovo\Downloads\tbl baru\CodeIgniter4-4.1.9\system\CodeIgniter.php(419): CodeIgniter\CodeIgniter->runController(Object(App\Controllers\Home))
#7 C:\Users\lenovo\Downloads\tbl baru\CodeIgniter4-4.1.9\system\CodeIgniter.php(326): CodeIgniter\CodeIgniter->handleRequest(NULL, Object(Config\Cache), false)
#8 C:\Users\lenovo\Downloads\tbl baru\CodeIgniter4-4.1.9\public\index.php(37): CodeIgniter\CodeIgniter->run()
#9 C:\Users\lenovo\Downloads\tbl baru\CodeIgniter4-4.1.9\system\Commands\Server\rewrite.php(43): require_once('C:\\Users\\lenovo...')
#10 {main}
CRITICAL - 2024-10-04 09:35:33 --> Invalid argument supplied for foreach()
#0 C:\Users\lenovo\Downloads\tbl baru\CodeIgniter4-4.1.9\app\Views\barangmasuk.php(17): CodeIgniter\Debug\Exceptions->errorHandler(2, 'Invalid argumen...', 'C:\\Users\\lenovo...', 17, Array)
#1 C:\Users\lenovo\Downloads\tbl baru\CodeIgniter4-4.1.9\system\View\View.php(210): include('C:\\Users\\lenovo...')
#2 C:\Users\lenovo\Downloads\tbl baru\CodeIgniter4-4.1.9\system\View\View.php(213): CodeIgniter\View\View->CodeIgniter\View\{closure}()
#3 C:\Users\lenovo\Downloads\tbl baru\CodeIgniter4-4.1.9\system\Common.php(1089): CodeIgniter\View\View->render('barangmasuk.php', Array, true)
#4 C:\Users\lenovo\Downloads\tbl baru\CodeIgniter4-4.1.9\app\Controllers\Home.php(41): view('barangmasuk.php')
#5 C:\Users\lenovo\Downloads\tbl baru\CodeIgniter4-4.1.9\system\CodeIgniter.php(832): App\Controllers\Home->barangmasuk()
#6 C:\Users\lenovo\Downloads\tbl baru\CodeIgniter4-4.1.9\system\CodeIgniter.php(419): CodeIgniter\CodeIgniter->runController(Object(App\Controllers\Home))
#7 C:\Users\lenovo\Downloads\tbl baru\CodeIgniter4-4.1.9\system\CodeIgniter.php(326): CodeIgniter\CodeIgniter->handleRequest(NULL, Object(Config\Cache), false)
#8 C:\Users\lenovo\Downloads\tbl baru\CodeIgniter4-4.1.9\public\index.php(37): CodeIgniter\CodeIgniter->run()
#9 C:\Users\lenovo\Downloads\tbl baru\CodeIgniter4-4.1.9\system\Commands\Server\rewrite.php(43): require_once('C:\\Users\\lenovo...')
#10 {main}
CRITICAL - 2024-10-04 09:36:11 --> Invalid argument supplied for foreach()
#0 C:\Users\lenovo\Downloads\tbl baru\CodeIgniter4-4.1.9\app\Views\barangmasuk.php(17): CodeIgniter\Debug\Exceptions->errorHandler(2, 'Invalid argumen...', 'C:\\Users\\lenovo...', 17, Array)
#1 C:\Users\lenovo\Downloads\tbl baru\CodeIgniter4-4.1.9\system\View\View.php(210): include('C:\\Users\\lenovo...')
#2 C:\Users\lenovo\Downloads\tbl baru\CodeIgniter4-4.1.9\system\View\View.php(213): CodeIgniter\View\View->CodeIgniter\View\{closure}()
#3 C:\Users\lenovo\Downloads\tbl baru\CodeIgniter4-4.1.9\system\Common.php(1089): CodeIgniter\View\View->render('barangmasuk.php', Array, true)
#4 C:\Users\lenovo\Downloads\tbl baru\CodeIgniter4-4.1.9\app\Controllers\Home.php(41): view('barangmasuk.php')
#5 C:\Users\lenovo\Downloads\tbl baru\CodeIgniter4-4.1.9\system\CodeIgniter.php(832): App\Controllers\Home->barangmasuk()
#6 C:\Users\lenovo\Downloads\tbl baru\CodeIgniter4-4.1.9\system\CodeIgniter.php(419): CodeIgniter\CodeIgniter->runController(Object(App\Controllers\Home))
#7 C:\Users\lenovo\Downloads\tbl baru\CodeIgniter4-4.1.9\system\CodeIgniter.php(326): CodeIgniter\CodeIgniter->handleRequest(NULL, Object(Config\Cache), false)
#8 C:\Users\lenovo\Downloads\tbl baru\CodeIgniter4-4.1.9\public\index.php(37): CodeIgniter\CodeIgniter->run()
#9 C:\Users\lenovo\Downloads\tbl baru\CodeIgniter4-4.1.9\system\Commands\Server\rewrite.php(43): require_once('C:\\Users\\lenovo...')
#10 {main}
CRITICAL - 2024-10-04 09:36:32 --> Invalid argument supplied for foreach()
#0 C:\Users\lenovo\Downloads\tbl baru\CodeIgniter4-4.1.9\app\Views\barangmasuk.php(17): CodeIgniter\Debug\Exceptions->errorHandler(2, 'Invalid argumen...', 'C:\\Users\\lenovo...', 17, Array)
#1 C:\Users\lenovo\Downloads\tbl baru\CodeIgniter4-4.1.9\system\View\View.php(210): include('C:\\Users\\lenovo...')
#2 C:\Users\lenovo\Downloads\tbl baru\CodeIgniter4-4.1.9\system\View\View.php(213): CodeIgniter\View\View->CodeIgniter\View\{closure}()
#3 C:\Users\lenovo\Downloads\tbl baru\CodeIgniter4-4.1.9\system\Common.php(1089): CodeIgniter\View\View->render('barangmasuk.php', Array, true)
#4 C:\Users\lenovo\Downloads\tbl baru\CodeIgniter4-4.1.9\app\Controllers\Home.php(41): view('barangmasuk.php')
#5 C:\Users\lenovo\Downloads\tbl baru\CodeIgniter4-4.1.9\system\CodeIgniter.php(832): App\Controllers\Home->barangmasuk()
#6 C:\Users\lenovo\Downloads\tbl baru\CodeIgniter4-4.1.9\system\CodeIgniter.php(419): CodeIgniter\CodeIgniter->runController(Object(App\Controllers\Home))
#7 C:\Users\lenovo\Downloads\tbl baru\CodeIgniter4-4.1.9\system\CodeIgniter.php(326): CodeIgniter\CodeIgniter->handleRequest(NULL, Object(Config\Cache), false)
#8 C:\Users\lenovo\Downloads\tbl baru\CodeIgniter4-4.1.9\public\index.php(37): CodeIgniter\CodeIgniter->run()
#9 C:\Users\lenovo\Downloads\tbl baru\CodeIgniter4-4.1.9\system\Commands\Server\rewrite.php(43): require_once('C:\\Users\\lenovo...')
#10 {main}
CRITICAL - 2024-10-04 09:45:30 --> Invalid argument supplied for foreach()
#0 C:\Users\lenovo\Downloads\tbl baru\CodeIgniter4-4.1.9\app\Views\barangmasuk.php(17): CodeIgniter\Debug\Exceptions->errorHandler(2, 'Invalid argumen...', 'C:\\Users\\lenovo...', 17, Array)
#1 C:\Users\lenovo\Downloads\tbl baru\CodeIgniter4-4.1.9\system\View\View.php(210): include('C:\\Users\\lenovo...')
#2 C:\Users\lenovo\Downloads\tbl baru\CodeIgniter4-4.1.9\system\View\View.php(213): CodeIgniter\View\View->CodeIgniter\View\{closure}()
#3 C:\Users\lenovo\Downloads\tbl baru\CodeIgniter4-4.1.9\system\Common.php(1089): CodeIgniter\View\View->render('barangmasuk.php', Array, true)
#4 C:\Users\lenovo\Downloads\tbl baru\CodeIgniter4-4.1.9\app\Controllers\Home.php(41): view('barangmasuk.php')
#5 C:\Users\lenovo\Downloads\tbl baru\CodeIgniter4-4.1.9\system\CodeIgniter.php(832): App\Controllers\Home->barangmasuk()
#6 C:\Users\lenovo\Downloads\tbl baru\CodeIgniter4-4.1.9\system\CodeIgniter.php(419): CodeIgniter\CodeIgniter->runController(Object(App\Controllers\Home))
#7 C:\Users\lenovo\Downloads\tbl baru\CodeIgniter4-4.1.9\system\CodeIgniter.php(326): CodeIgniter\CodeIgniter->handleRequest(NULL, Object(Config\Cache), false)
#8 C:\Users\lenovo\Downloads\tbl baru\CodeIgniter4-4.1.9\public\index.php(37): CodeIgniter\CodeIgniter->run()
#9 C:\Users\lenovo\Downloads\tbl baru\CodeIgniter4-4.1.9\system\Commands\Server\rewrite.php(43): require_once('C:\\Users\\lenovo...')
#10 {main}
CRITICAL - 2024-10-04 09:46:51 --> Invalid argument supplied for foreach()
#0 C:\Users\lenovo\Downloads\tbl baru\CodeIgniter4-4.1.9\app\Views\barangmasuk.php(17): CodeIgniter\Debug\Exceptions->errorHandler(2, 'Invalid argumen...', 'C:\\Users\\lenovo...', 17, Array)
#1 C:\Users\lenovo\Downloads\tbl baru\CodeIgniter4-4.1.9\system\View\View.php(210): include('C:\\Users\\lenovo...')
#2 C:\Users\lenovo\Downloads\tbl baru\CodeIgniter4-4.1.9\system\View\View.php(213): CodeIgniter\View\View->CodeIgniter\View\{closure}()
#3 C:\Users\lenovo\Downloads\tbl baru\CodeIgniter4-4.1.9\system\Common.php(1089): CodeIgniter\View\View->render('barangmasuk.php', Array, true)
#4 C:\Users\lenovo\Downloads\tbl baru\CodeIgniter4-4.1.9\app\Controllers\Home.php(41): view('barangmasuk.php')
#5 C:\Users\lenovo\Downloads\tbl baru\CodeIgniter4-4.1.9\system\CodeIgniter.php(832): App\Controllers\Home->barangmasuk()
#6 C:\Users\lenovo\Downloads\tbl baru\CodeIgniter4-4.1.9\system\CodeIgniter.php(419): CodeIgniter\CodeIgniter->runController(Object(App\Controllers\Home))
#7 C:\Users\lenovo\Downloads\tbl baru\CodeIgniter4-4.1.9\system\CodeIgniter.php(326): CodeIgniter\CodeIgniter->handleRequest(NULL, Object(Config\Cache), false)
#8 C:\Users\lenovo\Downloads\tbl baru\CodeIgniter4-4.1.9\public\index.php(37): CodeIgniter\CodeIgniter->run()
#9 C:\Users\lenovo\Downloads\tbl baru\CodeIgniter4-4.1.9\system\Commands\Server\rewrite.php(43): require_once('C:\\Users\\lenovo...')
#10 {main}
CRITICAL - 2024-10-04 09:47:54 --> syntax error, unexpected '=>' (T_DOUBLE_ARROW)
#0 C:\Users\lenovo\Downloads\tbl baru\CodeIgniter4-4.1.9\system\Router\Router.php(175): CodeIgniter\Router\Router->autoRoute('home/barangmasu...')
#1 C:\Users\lenovo\Downloads\tbl baru\CodeIgniter4-4.1.9\system\CodeIgniter.php(726): CodeIgniter\Router\Router->handle('home/barangmasu...')
#2 C:\Users\lenovo\Downloads\tbl baru\CodeIgniter4-4.1.9\system\CodeIgniter.php(368): CodeIgniter\CodeIgniter->tryToRouteIt(Object(CodeIgniter\Router\RouteCollection))
#3 C:\Users\lenovo\Downloads\tbl baru\CodeIgniter4-4.1.9\system\CodeIgniter.php(326): CodeIgniter\CodeIgniter->handleRequest(NULL, Object(Config\Cache), false)
#4 C:\Users\lenovo\Downloads\tbl baru\CodeIgniter4-4.1.9\public\index.php(37): CodeIgniter\CodeIgniter->run()
#5 C:\Users\lenovo\Downloads\tbl baru\CodeIgniter4-4.1.9\system\Commands\Server\rewrite.php(43): require_once('C:\\Users\\lenovo...')
#6 {main}
CRITICAL - 2024-10-04 09:53:05 --> syntax error, unexpected '           ' (T_STRING), expecting ')'
#0 C:\Users\lenovo\Downloads\tbl baru\CodeIgniter4-4.1.9\system\Router\Router.php(175): CodeIgniter\Router\Router->autoRoute('home/barangmasu...')
#1 C:\Users\lenovo\Downloads\tbl baru\CodeIgniter4-4.1.9\system\CodeIgniter.php(726): CodeIgniter\Router\Router->handle('home/barangmasu...')
#2 C:\Users\lenovo\Downloads\tbl baru\CodeIgniter4-4.1.9\system\CodeIgniter.php(368): CodeIgniter\CodeIgniter->tryToRouteIt(Object(CodeIgniter\Router\RouteCollection))
#3 C:\Users\lenovo\Downloads\tbl baru\CodeIgniter4-4.1.9\system\CodeIgniter.php(326): CodeIgniter\CodeIgniter->handleRequest(NULL, Object(Config\Cache), false)
#4 C:\Users\lenovo\Downloads\tbl baru\CodeIgniter4-4.1.9\public\index.php(37): CodeIgniter\CodeIgniter->run()
#5 C:\Users\lenovo\Downloads\tbl baru\CodeIgniter4-4.1.9\system\Commands\Server\rewrite.php(43): require_once('C:\\Users\\lenovo...')
#6 {main}
CRITICAL - 2024-10-04 09:53:18 --> Cannot redeclare App\Controllers\Home::sskece()
#0 [internal function]: CodeIgniter\Debug\Exceptions->shutdownHandler()
#1 {main}
CRITICAL - 2024-10-04 09:53:40 --> Invalid argument supplied for foreach()
#0 C:\Users\lenovo\Downloads\tbl baru\CodeIgniter4-4.1.9\app\Views\barangmasuk.php(17): CodeIgniter\Debug\Exceptions->errorHandler(2, 'Invalid argumen...', 'C:\\Users\\lenovo...', 17, Array)
#1 C:\Users\lenovo\Downloads\tbl baru\CodeIgniter4-4.1.9\system\View\View.php(210): include('C:\\Users\\lenovo...')
#2 C:\Users\lenovo\Downloads\tbl baru\CodeIgniter4-4.1.9\system\View\View.php(213): CodeIgniter\View\View->CodeIgniter\View\{closure}()
#3 C:\Users\lenovo\Downloads\tbl baru\CodeIgniter4-4.1.9\system\Common.php(1089): CodeIgniter\View\View->render('barangmasuk.php', Array, true)
#4 C:\Users\lenovo\Downloads\tbl baru\CodeIgniter4-4.1.9\app\Controllers\Home.php(41): view('barangmasuk.php')
#5 C:\Users\lenovo\Downloads\tbl baru\CodeIgniter4-4.1.9\system\CodeIgniter.php(832): App\Controllers\Home->barangmasuk()
#6 C:\Users\lenovo\Downloads\tbl baru\CodeIgniter4-4.1.9\system\CodeIgniter.php(419): CodeIgniter\CodeIgniter->runController(Object(App\Controllers\Home))
#7 C:\Users\lenovo\Downloads\tbl baru\CodeIgniter4-4.1.9\system\CodeIgniter.php(326): CodeIgniter\CodeIgniter->handleRequest(NULL, Object(Config\Cache), false)
#8 C:\Users\lenovo\Downloads\tbl baru\CodeIgniter4-4.1.9\public\index.php(37): CodeIgniter\CodeIgniter->run()
#9 C:\Users\lenovo\Downloads\tbl baru\CodeIgniter4-4.1.9\system\Commands\Server\rewrite.php(43): require_once('C:\\Users\\lenovo...')
#10 {main}
CRITICAL - 2024-10-04 09:54:11 --> Invalid argument supplied for foreach()
#0 C:\Users\lenovo\Downloads\tbl baru\CodeIgniter4-4.1.9\app\Views\barangmasuk.php(17): CodeIgniter\Debug\Exceptions->errorHandler(2, 'Invalid argumen...', 'C:\\Users\\lenovo...', 17, Array)
#1 C:\Users\lenovo\Downloads\tbl baru\CodeIgniter4-4.1.9\system\View\View.php(210): include('C:\\Users\\lenovo...')
#2 C:\Users\lenovo\Downloads\tbl baru\CodeIgniter4-4.1.9\system\View\View.php(213): CodeIgniter\View\View->CodeIgniter\View\{closure}()
#3 C:\Users\lenovo\Downloads\tbl baru\CodeIgniter4-4.1.9\system\Common.php(1089): CodeIgniter\View\View->render('barangmasuk.php', Array, true)
#4 C:\Users\lenovo\Downloads\tbl baru\CodeIgniter4-4.1.9\app\Controllers\Home.php(41): view('barangmasuk.php')
#5 C:\Users\lenovo\Downloads\tbl baru\CodeIgniter4-4.1.9\system\CodeIgniter.php(832): App\Controllers\Home->barangmasuk()
#6 C:\Users\lenovo\Downloads\tbl baru\CodeIgniter4-4.1.9\system\CodeIgniter.php(419): CodeIgniter\CodeIgniter->runController(Object(App\Controllers\Home))
#7 C:\Users\lenovo\Downloads\tbl baru\CodeIgniter4-4.1.9\system\CodeIgniter.php(326): CodeIgniter\CodeIgniter->handleRequest(NULL, Object(Config\Cache), false)
#8 C:\Users\lenovo\Downloads\tbl baru\CodeIgniter4-4.1.9\public\index.php(37): CodeIgniter\CodeIgniter->run()
#9 C:\Users\lenovo\Downloads\tbl baru\CodeIgniter4-4.1.9\system\Commands\Server\rewrite.php(43): require_once('C:\\Users\\lenovo...')
#10 {main}
CRITICAL - 2024-10-04 09:54:27 --> Invalid argument supplied for foreach()
#0 C:\Users\lenovo\Downloads\tbl baru\CodeIgniter4-4.1.9\app\Views\barangmasuk.php(17): CodeIgniter\Debug\Exceptions->errorHandler(2, 'Invalid argumen...', 'C:\\Users\\lenovo...', 17, Array)
#1 C:\Users\lenovo\Downloads\tbl baru\CodeIgniter4-4.1.9\system\View\View.php(210): include('C:\\Users\\lenovo...')
#2 C:\Users\lenovo\Downloads\tbl baru\CodeIgniter4-4.1.9\system\View\View.php(213): CodeIgniter\View\View->CodeIgniter\View\{closure}()
#3 C:\Users\lenovo\Downloads\tbl baru\CodeIgniter4-4.1.9\system\Common.php(1089): CodeIgniter\View\View->render('barangmasuk.php', Array, true)
#4 C:\Users\lenovo\Downloads\tbl baru\CodeIgniter4-4.1.9\app\Controllers\Home.php(41): view('barangmasuk.php')
#5 C:\Users\lenovo\Downloads\tbl baru\CodeIgniter4-4.1.9\system\CodeIgniter.php(832): App\Controllers\Home->barangmasuk()
#6 C:\Users\lenovo\Downloads\tbl baru\CodeIgniter4-4.1.9\system\CodeIgniter.php(419): CodeIgniter\CodeIgniter->runController(Object(App\Controllers\Home))
#7 C:\Users\lenovo\Downloads\tbl baru\CodeIgniter4-4.1.9\system\CodeIgniter.php(326): CodeIgniter\CodeIgniter->handleRequest(NULL, Object(Config\Cache), false)
#8 C:\Users\lenovo\Downloads\tbl baru\CodeIgniter4-4.1.9\public\index.php(37): CodeIgniter\CodeIgniter->run()
#9 C:\Users\lenovo\Downloads\tbl baru\CodeIgniter4-4.1.9\system\Commands\Server\rewrite.php(43): require_once('C:\\Users\\lenovo...')
#10 {main}
CRITICAL - 2024-10-04 09:54:43 --> Invalid argument supplied for foreach()
#0 C:\Users\lenovo\Downloads\tbl baru\CodeIgniter4-4.1.9\app\Views\barangmasuk.php(17): CodeIgniter\Debug\Exceptions->errorHandler(2, 'Invalid argumen...', 'C:\\Users\\lenovo...', 17, Array)
#1 C:\Users\lenovo\Downloads\tbl baru\CodeIgniter4-4.1.9\system\View\View.php(210): include('C:\\Users\\lenovo...')
#2 C:\Users\lenovo\Downloads\tbl baru\CodeIgniter4-4.1.9\system\View\View.php(213): CodeIgniter\View\View->CodeIgniter\View\{closure}()
#3 C:\Users\lenovo\Downloads\tbl baru\CodeIgniter4-4.1.9\system\Common.php(1089): CodeIgniter\View\View->render('barangmasuk.php', Array, true)
#4 C:\Users\lenovo\Downloads\tbl baru\CodeIgniter4-4.1.9\app\Controllers\Home.php(41): view('barangmasuk.php')
#5 C:\Users\lenovo\Downloads\tbl baru\CodeIgniter4-4.1.9\system\CodeIgniter.php(832): App\Controllers\Home->barangmasuk()
#6 C:\Users\lenovo\Downloads\tbl baru\CodeIgniter4-4.1.9\system\CodeIgniter.php(419): CodeIgniter\CodeIgniter->runController(Object(App\Controllers\Home))
#7 C:\Users\lenovo\Downloads\tbl baru\CodeIgniter4-4.1.9\system\CodeIgniter.php(326): CodeIgniter\CodeIgniter->handleRequest(NULL, Object(Config\Cache), false)
#8 C:\Users\lenovo\Downloads\tbl baru\CodeIgniter4-4.1.9\public\index.php(37): CodeIgniter\CodeIgniter->run()
#9 C:\Users\lenovo\Downloads\tbl baru\CodeIgniter4-4.1.9\system\Commands\Server\rewrite.php(43): require_once('C:\\Users\\lenovo...')
#10 {main}
CRITICAL - 2024-10-04 09:56:29 --> Invalid argument supplied for foreach()
#0 C:\Users\lenovo\Downloads\tbl baru\CodeIgniter4-4.1.9\app\Views\barangmasuk.php(17): CodeIgniter\Debug\Exceptions->errorHandler(2, 'Invalid argumen...', 'C:\\Users\\lenovo...', 17, Array)
#1 C:\Users\lenovo\Downloads\tbl baru\CodeIgniter4-4.1.9\system\View\View.php(210): include('C:\\Users\\lenovo...')
#2 C:\Users\lenovo\Downloads\tbl baru\CodeIgniter4-4.1.9\system\View\View.php(213): CodeIgniter\View\View->CodeIgniter\View\{closure}()
#3 C:\Users\lenovo\Downloads\tbl baru\CodeIgniter4-4.1.9\system\Common.php(1089): CodeIgniter\View\View->render('barangmasuk.php', Array, true)
#4 C:\Users\lenovo\Downloads\tbl baru\CodeIgniter4-4.1.9\app\Controllers\Home.php(41): view('barangmasuk.php')
#5 C:\Users\lenovo\Downloads\tbl baru\CodeIgniter4-4.1.9\system\CodeIgniter.php(832): App\Controllers\Home->barangmasuk()
#6 C:\Users\lenovo\Downloads\tbl baru\CodeIgniter4-4.1.9\system\CodeIgniter.php(419): CodeIgniter\CodeIgniter->runController(Object(App\Controllers\Home))
#7 C:\Users\lenovo\Downloads\tbl baru\CodeIgniter4-4.1.9\system\CodeIgniter.php(326): CodeIgniter\CodeIgniter->handleRequest(NULL, Object(Config\Cache), false)
#8 C:\Users\lenovo\Downloads\tbl baru\CodeIgniter4-4.1.9\public\index.php(37): CodeIgniter\CodeIgniter->run()
#9 C:\Users\lenovo\Downloads\tbl baru\CodeIgniter4-4.1.9\system\Commands\Server\rewrite.php(43): require_once('C:\\Users\\lenovo...')
#10 {main}
CRITICAL - 2024-10-04 09:57:02 --> Invalid argument supplied for foreach()
#0 C:\Users\lenovo\Downloads\tbl baru\CodeIgniter4-4.1.9\app\Views\barangmasuk.php(17): CodeIgniter\Debug\Exceptions->errorHandler(2, 'Invalid argumen...', 'C:\\Users\\lenovo...', 17, Array)
#1 C:\Users\lenovo\Downloads\tbl baru\CodeIgniter4-4.1.9\system\View\View.php(210): include('C:\\Users\\lenovo...')
#2 C:\Users\lenovo\Downloads\tbl baru\CodeIgniter4-4.1.9\system\View\View.php(213): CodeIgniter\View\View->CodeIgniter\View\{closure}()
#3 C:\Users\lenovo\Downloads\tbl baru\CodeIgniter4-4.1.9\system\Common.php(1089): CodeIgniter\View\View->render('barangmasuk', Array, true)
#4 C:\Users\lenovo\Downloads\tbl baru\CodeIgniter4-4.1.9\app\Controllers\Home.php(166): view('barangmasuk', Array)
#5 C:\Users\lenovo\Downloads\tbl baru\CodeIgniter4-4.1.9\system\CodeIgniter.php(832): App\Controllers\Home->tbl_barang_masuk()
#6 C:\Users\lenovo\Downloads\tbl baru\CodeIgniter4-4.1.9\system\CodeIgniter.php(419): CodeIgniter\CodeIgniter->runController(Object(App\Controllers\Home))
#7 C:\Users\lenovo\Downloads\tbl baru\CodeIgniter4-4.1.9\system\CodeIgniter.php(326): CodeIgniter\CodeIgniter->handleRequest(NULL, Object(Config\Cache), false)
#8 C:\Users\lenovo\Downloads\tbl baru\CodeIgniter4-4.1.9\public\index.php(37): CodeIgniter\CodeIgniter->run()
#9 C:\Users\lenovo\Downloads\tbl baru\CodeIgniter4-4.1.9\system\Commands\Server\rewrite.php(43): require_once('C:\\Users\\lenovo...')
#10 {main}
CRITICAL - 2024-10-04 09:57:11 --> You must set the database table to be used with your query.
#0 C:\Users\lenovo\Downloads\tbl baru\CodeIgniter4-4.1.9\system\Model.php(545): CodeIgniter\Database\BaseConnection->table(NULL)
#1 C:\Users\lenovo\Downloads\tbl baru\CodeIgniter4-4.1.9\system\Model.php(722): CodeIgniter\Model->builder()
#2 C:\Users\lenovo\Downloads\tbl baru\CodeIgniter4-4.1.9\app\Controllers\Home.php(148): CodeIgniter\Model->__call('simpan_barang', Array)
#3 C:\Users\lenovo\Downloads\tbl baru\CodeIgniter4-4.1.9\system\CodeIgniter.php(832): App\Controllers\Home->input_barang()
#4 C:\Users\lenovo\Downloads\tbl baru\CodeIgniter4-4.1.9\system\CodeIgniter.php(419): CodeIgniter\CodeIgniter->runController(Object(App\Controllers\Home))
#5 C:\Users\lenovo\Downloads\tbl baru\CodeIgniter4-4.1.9\system\CodeIgniter.php(326): CodeIgniter\CodeIgniter->handleRequest(NULL, Object(Config\Cache), false)
#6 C:\Users\lenovo\Downloads\tbl baru\CodeIgniter4-4.1.9\public\index.php(37): CodeIgniter\CodeIgniter->run()
#7 C:\Users\lenovo\Downloads\tbl baru\CodeIgniter4-4.1.9\system\Commands\Server\rewrite.php(43): require_once('C:\\Users\\lenovo...')
#8 {main}
CRITICAL - 2024-10-04 09:57:45 --> Cannot redeclare App\Controllers\Home::sskece()
#0 [internal function]: CodeIgniter\Debug\Exceptions->shutdownHandler()
#1 {main}
CRITICAL - 2024-10-04 09:58:19 --> Cannot redeclare App\Controllers\Home::sskece()
#0 [internal function]: CodeIgniter\Debug\Exceptions->shutdownHandler()
#1 {main}
CRITICAL - 2024-10-04 09:58:52 --> You must set the database table to be used with your query.
#0 C:\Users\lenovo\Downloads\tbl baru\CodeIgniter4-4.1.9\system\Model.php(545): CodeIgniter\Database\BaseConnection->table(NULL)
#1 C:\Users\lenovo\Downloads\tbl baru\CodeIgniter4-4.1.9\system\Model.php(722): CodeIgniter\Model->builder()
#2 C:\Users\lenovo\Downloads\tbl baru\CodeIgniter4-4.1.9\app\Controllers\Home.php(139): CodeIgniter\Model->__call('simpan_barang', Array)
#3 C:\Users\lenovo\Downloads\tbl baru\CodeIgniter4-4.1.9\system\CodeIgniter.php(832): App\Controllers\Home->input_barang()
#4 C:\Users\lenovo\Downloads\tbl baru\CodeIgniter4-4.1.9\system\CodeIgniter.php(419): CodeIgniter\CodeIgniter->runController(Object(App\Controllers\Home))
#5 C:\Users\lenovo\Downloads\tbl baru\CodeIgniter4-4.1.9\system\CodeIgniter.php(326): CodeIgniter\CodeIgniter->handleRequest(NULL, Object(Config\Cache), false)
#6 C:\Users\lenovo\Downloads\tbl baru\CodeIgniter4-4.1.9\public\index.php(37): CodeIgniter\CodeIgniter->run()
#7 C:\Users\lenovo\Downloads\tbl baru\CodeIgniter4-4.1.9\system\Commands\Server\rewrite.php(43): require_once('C:\\Users\\lenovo...')
#8 {main}
CRITICAL - 2024-10-04 10:03:42 --> Invalid argument supplied for foreach()
#0 C:\Users\lenovo\Downloads\tbl baru\CodeIgniter4-4.1.9\app\Views\barangmasuk.php(17): CodeIgniter\Debug\Exceptions->errorHandler(2, 'Invalid argumen...', 'C:\\Users\\lenovo...', 17, Array)
#1 C:\Users\lenovo\Downloads\tbl baru\CodeIgniter4-4.1.9\system\View\View.php(210): include('C:\\Users\\lenovo...')
#2 C:\Users\lenovo\Downloads\tbl baru\CodeIgniter4-4.1.9\system\View\View.php(213): CodeIgniter\View\View->CodeIgniter\View\{closure}()
#3 C:\Users\lenovo\Downloads\tbl baru\CodeIgniter4-4.1.9\system\Common.php(1089): CodeIgniter\View\View->render('barangmasuk', Array, true)
#4 C:\Users\lenovo\Downloads\tbl baru\CodeIgniter4-4.1.9\app\Controllers\Home.php(157): view('barangmasuk', Array)
#5 C:\Users\lenovo\Downloads\tbl baru\CodeIgniter4-4.1.9\system\CodeIgniter.php(832): App\Controllers\Home->tbl_barang_masuk()
#6 C:\Users\lenovo\Downloads\tbl baru\CodeIgniter4-4.1.9\system\CodeIgniter.php(419): CodeIgniter\CodeIgniter->runController(Object(App\Controllers\Home))
#7 C:\Users\lenovo\Downloads\tbl baru\CodeIgniter4-4.1.9\system\CodeIgniter.php(326): CodeIgniter\CodeIgniter->handleRequest(NULL, Object(Config\Cache), false)
#8 C:\Users\lenovo\Downloads\tbl baru\CodeIgniter4-4.1.9\public\index.php(37): CodeIgniter\CodeIgniter->run()
#9 C:\Users\lenovo\Downloads\tbl baru\CodeIgniter4-4.1.9\system\Commands\Server\rewrite.php(43): require_once('C:\\Users\\lenovo...')
#10 {main}
CRITICAL - 2024-10-04 10:04:51 --> Use of undefined constant             - assumed '           ' (this will throw an Error in a future version of PHP)
#0 C:\Users\lenovo\Downloads\tbl baru\CodeIgniter4-4.1.9\app\Controllers\Home.php(201): CodeIgniter\Debug\Exceptions->errorHandler(2, 'Use of undefine...', 'C:\\Users\\lenovo...', 201, Array)
#1 C:\Users\lenovo\Downloads\tbl baru\CodeIgniter4-4.1.9\system\CodeIgniter.php(832): App\Controllers\Home->input_barang1()
#2 C:\Users\lenovo\Downloads\tbl baru\CodeIgniter4-4.1.9\system\CodeIgniter.php(419): CodeIgniter\CodeIgniter->runController(Object(App\Controllers\Home))
#3 C:\Users\lenovo\Downloads\tbl baru\CodeIgniter4-4.1.9\system\CodeIgniter.php(326): CodeIgniter\CodeIgniter->handleRequest(NULL, Object(Config\Cache), false)
#4 C:\Users\lenovo\Downloads\tbl baru\CodeIgniter4-4.1.9\public\index.php(37): CodeIgniter\CodeIgniter->run()
#5 C:\Users\lenovo\Downloads\tbl baru\CodeIgniter4-4.1.9\system\Commands\Server\rewrite.php(43): require_once('C:\\Users\\lenovo...')
#6 {main}
CRITICAL - 2024-10-04 10:05:39 --> Use of undefined constant             - assumed '           ' (this will throw an Error in a future version of PHP)
#0 C:\Users\lenovo\Downloads\tbl baru\CodeIgniter4-4.1.9\app\Controllers\Home.php(201): CodeIgniter\Debug\Exceptions->errorHandler(2, 'Use of undefine...', 'C:\\Users\\lenovo...', 201, Array)
#1 C:\Users\lenovo\Downloads\tbl baru\CodeIgniter4-4.1.9\system\CodeIgniter.php(832): App\Controllers\Home->input_barang1()
#2 C:\Users\lenovo\Downloads\tbl baru\CodeIgniter4-4.1.9\system\CodeIgniter.php(419): CodeIgniter\CodeIgniter->runController(Object(App\Controllers\Home))
#3 C:\Users\lenovo\Downloads\tbl baru\CodeIgniter4-4.1.9\system\CodeIgniter.php(326): CodeIgniter\CodeIgniter->handleRequest(NULL, Object(Config\Cache), false)
#4 C:\Users\lenovo\Downloads\tbl baru\CodeIgniter4-4.1.9\public\index.php(37): CodeIgniter\CodeIgniter->run()
#5 C:\Users\lenovo\Downloads\tbl baru\CodeIgniter4-4.1.9\system\Commands\Server\rewrite.php(43): require_once('C:\\Users\\lenovo...')
#6 {main}
CRITICAL - 2024-10-04 10:08:57 --> Use of undefined constant             - assumed '           ' (this will throw an Error in a future version of PHP)
#0 C:\Users\lenovo\Downloads\tbl baru\CodeIgniter4-4.1.9\app\Controllers\Home.php(201): CodeIgniter\Debug\Exceptions->errorHandler(2, 'Use of undefine...', 'C:\\Users\\lenovo...', 201, Array)
#1 C:\Users\lenovo\Downloads\tbl baru\CodeIgniter4-4.1.9\system\CodeIgniter.php(832): App\Controllers\Home->input_barang1()
#2 C:\Users\lenovo\Downloads\tbl baru\CodeIgniter4-4.1.9\system\CodeIgniter.php(419): CodeIgniter\CodeIgniter->runController(Object(App\Controllers\Home))
#3 C:\Users\lenovo\Downloads\tbl baru\CodeIgniter4-4.1.9\system\CodeIgniter.php(326): CodeIgniter\CodeIgniter->handleRequest(NULL, Object(Config\Cache), false)
#4 C:\Users\lenovo\Downloads\tbl baru\CodeIgniter4-4.1.9\public\index.php(37): CodeIgniter\CodeIgniter->run()
#5 C:\Users\lenovo\Downloads\tbl baru\CodeIgniter4-4.1.9\system\Commands\Server\rewrite.php(43): require_once('C:\\Users\\lenovo...')
#6 {main}
CRITICAL - 2024-10-04 10:14:10 --> Use of undefined constant             - assumed '           ' (this will throw an Error in a future version of PHP)
#0 C:\Users\lenovo\Downloads\tbl baru\CodeIgniter4-4.1.9\app\Controllers\Home.php(200): CodeIgniter\Debug\Exceptions->errorHandler(2, 'Use of undefine...', 'C:\\Users\\lenovo...', 200, Array)
#1 C:\Users\lenovo\Downloads\tbl baru\CodeIgniter4-4.1.9\system\CodeIgniter.php(832): App\Controllers\Home->input_barang1()
#2 C:\Users\lenovo\Downloads\tbl baru\CodeIgniter4-4.1.9\system\CodeIgniter.php(419): CodeIgniter\CodeIgniter->runController(Object(App\Controllers\Home))
#3 C:\Users\lenovo\Downloads\tbl baru\CodeIgniter4-4.1.9\system\CodeIgniter.php(326): CodeIgniter\CodeIgniter->handleRequest(NULL, Object(Config\Cache), false)
#4 C:\Users\lenovo\Downloads\tbl baru\CodeIgniter4-4.1.9\public\index.php(37): CodeIgniter\CodeIgniter->run()
#5 C:\Users\lenovo\Downloads\tbl baru\CodeIgniter4-4.1.9\system\Commands\Server\rewrite.php(43): require_once('C:\\Users\\lenovo...')
#6 {main}
CRITICAL - 2024-10-04 10:17:59 --> Use of undefined constant             - assumed '           ' (this will throw an Error in a future version of PHP)
#0 C:\Users\lenovo\Downloads\tbl baru\CodeIgniter4-4.1.9\app\Controllers\Home.php(201): CodeIgniter\Debug\Exceptions->errorHandler(2, 'Use of undefine...', 'C:\\Users\\lenovo...', 201, Array)
#1 C:\Users\lenovo\Downloads\tbl baru\CodeIgniter4-4.1.9\system\CodeIgniter.php(832): App\Controllers\Home->input_barang1()
#2 C:\Users\lenovo\Downloads\tbl baru\CodeIgniter4-4.1.9\system\CodeIgniter.php(419): CodeIgniter\CodeIgniter->runController(Object(App\Controllers\Home))
#3 C:\Users\lenovo\Downloads\tbl baru\CodeIgniter4-4.1.9\system\CodeIgniter.php(326): CodeIgniter\CodeIgniter->handleRequest(NULL, Object(Config\Cache), false)
#4 C:\Users\lenovo\Downloads\tbl baru\CodeIgniter4-4.1.9\public\index.php(37): CodeIgniter\CodeIgniter->run()
#5 C:\Users\lenovo\Downloads\tbl baru\CodeIgniter4-4.1.9\system\Commands\Server\rewrite.php(43): require_once('C:\\Users\\lenovo...')
#6 {main}
CRITICAL - 2024-10-04 10:18:13 --> Use of undefined constant             - assumed '           ' (this will throw an Error in a future version of PHP)
#0 C:\Users\lenovo\Downloads\tbl baru\CodeIgniter4-4.1.9\app\Controllers\Home.php(201): CodeIgniter\Debug\Exceptions->errorHandler(2, 'Use of undefine...', 'C:\\Users\\lenovo...', 201, Array)
#1 C:\Users\lenovo\Downloads\tbl baru\CodeIgniter4-4.1.9\system\CodeIgniter.php(832): App\Controllers\Home->input_barang1()
#2 C:\Users\lenovo\Downloads\tbl baru\CodeIgniter4-4.1.9\system\CodeIgniter.php(419): CodeIgniter\CodeIgniter->runController(Object(App\Controllers\Home))
#3 C:\Users\lenovo\Downloads\tbl baru\CodeIgniter4-4.1.9\system\CodeIgniter.php(326): CodeIgniter\CodeIgniter->handleRequest(NULL, Object(Config\Cache), false)
#4 C:\Users\lenovo\Downloads\tbl baru\CodeIgniter4-4.1.9\public\index.php(37): CodeIgniter\CodeIgniter->run()
#5 C:\Users\lenovo\Downloads\tbl baru\CodeIgniter4-4.1.9\system\Commands\Server\rewrite.php(43): require_once('C:\\Users\\lenovo...')
#6 {main}
CRITICAL - 2024-10-04 10:32:53 --> syntax error, unexpected '$Joyce' (T_VARIABLE), expecting function (T_FUNCTION) or const (T_CONST)
#0 C:\Users\lenovo\Downloads\tbl baru\CodeIgniter4-4.1.9\system\Router\Router.php(175): CodeIgniter\Router\Router->autoRoute('home/input_bara...')
#1 C:\Users\lenovo\Downloads\tbl baru\CodeIgniter4-4.1.9\system\CodeIgniter.php(726): CodeIgniter\Router\Router->handle('home/input_bara...')
#2 C:\Users\lenovo\Downloads\tbl baru\CodeIgniter4-4.1.9\system\CodeIgniter.php(368): CodeIgniter\CodeIgniter->tryToRouteIt(Object(CodeIgniter\Router\RouteCollection))
#3 C:\Users\lenovo\Downloads\tbl baru\CodeIgniter4-4.1.9\system\CodeIgniter.php(326): CodeIgniter\CodeIgniter->handleRequest(NULL, Object(Config\Cache), false)
#4 C:\Users\lenovo\Downloads\tbl baru\CodeIgniter4-4.1.9\public\index.php(37): CodeIgniter\CodeIgniter->run()
#5 C:\Users\lenovo\Downloads\tbl baru\CodeIgniter4-4.1.9\system\Commands\Server\rewrite.php(43): require_once('C:\\Users\\lenovo...')
#6 {main}
CRITICAL - 2024-10-04 10:33:26 --> Use of undefined constant             - assumed '           ' (this will throw an Error in a future version of PHP)
#0 C:\Users\lenovo\Downloads\tbl baru\CodeIgniter4-4.1.9\app\Controllers\Home.php(201): CodeIgniter\Debug\Exceptions->errorHandler(2, 'Use of undefine...', 'C:\\Users\\lenovo...', 201, Array)
#1 C:\Users\lenovo\Downloads\tbl baru\CodeIgniter4-4.1.9\system\CodeIgniter.php(832): App\Controllers\Home->input_barang1()
#2 C:\Users\lenovo\Downloads\tbl baru\CodeIgniter4-4.1.9\system\CodeIgniter.php(419): CodeIgniter\CodeIgniter->runController(Object(App\Controllers\Home))
#3 C:\Users\lenovo\Downloads\tbl baru\CodeIgniter4-4.1.9\system\CodeIgniter.php(326): CodeIgniter\CodeIgniter->handleRequest(NULL, Object(Config\Cache), false)
#4 C:\Users\lenovo\Downloads\tbl baru\CodeIgniter4-4.1.9\public\index.php(37): CodeIgniter\CodeIgniter->run()
#5 C:\Users\lenovo\Downloads\tbl baru\CodeIgniter4-4.1.9\system\Commands\Server\rewrite.php(43): require_once('C:\\Users\\lenovo...')
#6 {main}
