CRITICAL - 2024-09-22 23:58:36 --> syntax error, unexpected '$wendy' (T_VARIABLE)
#0 C:\Users\lenovo\Downloads\tbl baru\CodeIgniter4-4.1.9\system\Autoloader\Autoloader.php(241): CodeIgniter\Autoloader\Autoloader->includeFile('C:\\Users\\lenovo...')
#1 C:\Users\lenovo\Downloads\tbl baru\CodeIgniter4-4.1.9\system\Autoloader\Autoloader.php(219): CodeIgniter\Autoloader\Autoloader->loadInNamespace('App\\Controllers...')
#2 [internal function]: CodeIgniter\Autoloader\Autoloader->loadClass('App\\Controllers...')
#3 [internal function]: spl_autoload_call('App\\Controllers...')
#4 C:\Users\lenovo\Downloads\tbl baru\CodeIgniter4-4.1.9\system\CodeIgniter.php(797): class_exists('\\App\\Controller...', true)
#5 C:\Users\lenovo\Downloads\tbl baru\CodeIgniter4-4.1.9\system\CodeIgniter.php(406): CodeIgniter\CodeIgniter->startController()
#6 C:\Users\lenovo\Downloads\tbl baru\CodeIgniter4-4.1.9\system\CodeIgniter.php(326): CodeIgniter\CodeIgniter->handleRequest(NULL, Object(Config\Cache), false)
#7 C:\Users\lenovo\Downloads\tbl baru\CodeIgniter4-4.1.9\public\index.php(37): CodeIgniter\CodeIgniter->run()
#8 C:\Users\lenovo\Downloads\tbl baru\CodeIgniter4-4.1.9\system\Commands\Server\rewrite.php(43): require_once('C:\\Users\\lenovo...')
#9 {main}
CRITICAL - 2024-09-22 23:58:41 --> syntax error, unexpected '$wendy' (T_VARIABLE)
#0 C:\Users\lenovo\Downloads\tbl baru\CodeIgniter4-4.1.9\system\Router\Router.php(175): CodeIgniter\Router\Router->autoRoute('home/sskece')
#1 C:\Users\lenovo\Downloads\tbl baru\CodeIgniter4-4.1.9\system\CodeIgniter.php(726): CodeIgniter\Router\Router->handle('home/sskece')
#2 C:\Users\lenovo\Downloads\tbl baru\CodeIgniter4-4.1.9\system\CodeIgniter.php(368): CodeIgniter\CodeIgniter->tryToRouteIt(Object(CodeIgniter\Router\RouteCollection))
#3 C:\Users\lenovo\Downloads\tbl baru\CodeIgniter4-4.1.9\system\CodeIgniter.php(326): CodeIgniter\CodeIgniter->handleRequest(NULL, Object(Config\Cache), false)
#4 C:\Users\lenovo\Downloads\tbl baru\CodeIgniter4-4.1.9\public\index.php(37): CodeIgniter\CodeIgniter->run()
#5 C:\Users\lenovo\Downloads\tbl baru\CodeIgniter4-4.1.9\system\Commands\Server\rewrite.php(43): require_once('C:\\Users\\lenovo...')
#6 {main}
CRITICAL - 2024-09-22 23:59:01 --> syntax error, unexpected '$wendy' (T_VARIABLE)
#0 C:\Users\lenovo\Downloads\tbl baru\CodeIgniter4-4.1.9\system\Router\Router.php(175): CodeIgniter\Router\Router->autoRoute('home/editbarang')
#1 C:\Users\lenovo\Downloads\tbl baru\CodeIgniter4-4.1.9\system\CodeIgniter.php(726): CodeIgniter\Router\Router->handle('home/editbarang')
#2 C:\Users\lenovo\Downloads\tbl baru\CodeIgniter4-4.1.9\system\CodeIgniter.php(368): CodeIgniter\CodeIgniter->tryToRouteIt(Object(CodeIgniter\Router\RouteCollection))
#3 C:\Users\lenovo\Downloads\tbl baru\CodeIgniter4-4.1.9\system\CodeIgniter.php(326): CodeIgniter\CodeIgniter->handleRequest(NULL, Object(Config\Cache), false)
#4 C:\Users\lenovo\Downloads\tbl baru\CodeIgniter4-4.1.9\public\index.php(37): CodeIgniter\CodeIgniter->run()
#5 C:\Users\lenovo\Downloads\tbl baru\CodeIgniter4-4.1.9\system\Commands\Server\rewrite.php(43): require_once('C:\\Users\\lenovo...')
#6 {main}
CRITICAL - 2024-09-22 23:59:04 --> syntax error, unexpected '$wendy' (T_VARIABLE)
#0 C:\Users\lenovo\Downloads\tbl baru\CodeIgniter4-4.1.9\system\Router\Router.php(175): CodeIgniter\Router\Router->autoRoute('home/editbarang')
#1 C:\Users\lenovo\Downloads\tbl baru\CodeIgniter4-4.1.9\system\CodeIgniter.php(726): CodeIgniter\Router\Router->handle('home/editbarang')
#2 C:\Users\lenovo\Downloads\tbl baru\CodeIgniter4-4.1.9\system\CodeIgniter.php(368): CodeIgniter\CodeIgniter->tryToRouteIt(Object(CodeIgniter\Router\RouteCollection))
#3 C:\Users\lenovo\Downloads\tbl baru\CodeIgniter4-4.1.9\system\CodeIgniter.php(326): CodeIgniter\CodeIgniter->handleRequest(NULL, Object(Config\Cache), false)
#4 C:\Users\lenovo\Downloads\tbl baru\CodeIgniter4-4.1.9\public\index.php(37): CodeIgniter\CodeIgniter->run()
#5 C:\Users\lenovo\Downloads\tbl baru\CodeIgniter4-4.1.9\system\Commands\Server\rewrite.php(43): require_once('C:\\Users\\lenovo...')
#6 {main}
CRITICAL - 2024-09-22 23:59:04 --> syntax error, unexpected '$wendy' (T_VARIABLE)
#0 C:\Users\lenovo\Downloads\tbl baru\CodeIgniter4-4.1.9\system\Router\Router.php(175): CodeIgniter\Router\Router->autoRoute('home/editbarang')
#1 C:\Users\lenovo\Downloads\tbl baru\CodeIgniter4-4.1.9\system\CodeIgniter.php(726): CodeIgniter\Router\Router->handle('home/editbarang')
#2 C:\Users\lenovo\Downloads\tbl baru\CodeIgniter4-4.1.9\system\CodeIgniter.php(368): CodeIgniter\CodeIgniter->tryToRouteIt(Object(CodeIgniter\Router\RouteCollection))
#3 C:\Users\lenovo\Downloads\tbl baru\CodeIgniter4-4.1.9\system\CodeIgniter.php(326): CodeIgniter\CodeIgniter->handleRequest(NULL, Object(Config\Cache), false)
#4 C:\Users\lenovo\Downloads\tbl baru\CodeIgniter4-4.1.9\public\index.php(37): CodeIgniter\CodeIgniter->run()
#5 C:\Users\lenovo\Downloads\tbl baru\CodeIgniter4-4.1.9\system\Commands\Server\rewrite.php(43): require_once('C:\\Users\\lenovo...')
#6 {main}
